<?xml version="1.0" encoding="UTF-8"?>
<coverage generated="1789485073046" clover="3.2.0">
  <project timestamp="1789485073046" name="All files">
    <metrics statements="2687" coveredstatements="2429" conditionals="1077" coveredconditionals="716" methods="140" coveredmethods="128" elements="3904" coveredelements="3273" complexity="0" loc="2687" ncloc="2687" packages="1" files="11" classes="11"/>
    <file name="cli.ts" path="/home/arka/projects/dsh-graph-context/src/cli.ts">
      <metrics statements="249" coveredstatements="181" conditionals="79" coveredconditionals="64" methods="14" coveredmethods="12"/>
      <line num="10" count="1" type="stmt"/>
      <line num="11" count="1" type="stmt"/>
      <line num="12" count="1" type="stmt"/>
      <line num="22" count="1" type="cond" truecount="1" falsecount="0"/>
      <line num="23" count="15" type="cond" truecount="1" falsecount="0"/>
      <line num="24" count="15" type="stmt"/>
      <line num="25" count="15" type="stmt"/>
      <line num="26" count="15" type="stmt"/>
      <line num="27" count="15" type="stmt"/>
      <line num="28" count="15" type="stmt"/>
      <line num="29" count="15" type="stmt"/>
      <line num="30" count="15" type="stmt"/>
      <line num="31" count="15" type="stmt"/>
      <line num="32" count="15" type="stmt"/>
      <line num="62" count="1" type="cond" truecount="1" falsecount="0"/>
      <line num="63" count="27" type="stmt"/>
      <line num="64" count="27" type="cond" truecount="1" falsecount="0"/>
      <line num="65" count="27" type="cond" truecount="1" falsecount="0"/>
      <line num="66" count="15" type="stmt"/>
      <line num="67" count="15" type="stmt"/>
      <line num="68" count="27" type="stmt"/>
      <line num="71" count="1" type="cond" truecount="1" falsecount="0"/>
      <line num="72" count="9" type="cond" truecount="0" falsecount="1"/>
      <line num="73" count="9" type="cond" truecount="1" falsecount="0"/>
      <line num="74" count="19" type="cond" truecount="0" falsecount="1"/>
      <line num="75" count="19" type="cond" truecount="0" falsecount="1"/>
      <line num="76" count="19" type="cond" truecount="1" falsecount="0"/>
      <line num="77" count="19" type="cond" truecount="1" falsecount="0"/>
      <line num="78" count="3" type="stmt"/>
      <line num="79" count="3" type="stmt"/>
      <line num="89" count="1" type="cond" truecount="1" falsecount="0"/>
      <line num="90" count="12" type="stmt"/>
      <line num="91" count="12" type="stmt"/>
      <line num="92" count="12" type="stmt"/>
      <line num="93" count="12" type="cond" truecount="2" falsecount="0"/>
      <line num="94" count="12" type="cond" truecount="2" falsecount="0"/>
      <line num="95" count="10" type="cond" truecount="2" falsecount="0"/>
      <line num="96" count="8" type="cond" truecount="3" falsecount="0"/>
      <line num="97" count="2" type="stmt"/>
      <line num="98" count="10" type="cond" truecount="1" falsecount="0"/>
      <line num="99" count="10" type="cond" truecount="1" falsecount="0"/>
      <line num="100" count="4" type="stmt"/>
      <line num="101" count="12" type="cond" truecount="1" falsecount="0"/>
      <line num="102" count="2" type="stmt"/>
      <line num="103" count="12" type="cond" truecount="1" falsecount="0"/>
      <line num="104" count="1" type="stmt"/>
      <line num="105" count="1" type="stmt"/>
      <line num="112" count="1" type="cond" truecount="1" falsecount="0"/>
      <line num="113" count="7" type="stmt"/>
      <line num="114" count="7" type="cond" truecount="0" falsecount="1"/>
      <line num="115" count="7" type="stmt"/>
      <line num="116" count="7" type="stmt"/>
      <line num="117" count="7" type="stmt"/>
      <line num="118" count="7" type="cond" truecount="0" falsecount="1"/>
      <line num="119" count="7" type="cond" truecount="1" falsecount="0"/>
      <line num="120" count="7" type="stmt"/>
      <line num="129" count="1" type="cond" truecount="1" falsecount="0"/>
      <line num="130" count="6" type="cond" truecount="1" falsecount="0"/>
      <line num="131" count="6" type="stmt"/>
      <line num="132" count="6" type="cond" truecount="0" falsecount="1"/>
      <line num="133" count="0" type="stmt"/>
      <line num="134" count="0" type="stmt"/>
      <line num="135" count="0" type="stmt"/>
      <line num="137" count="6" type="stmt"/>
      <line num="138" count="6" type="stmt"/>
      <line num="142" count="6" type="stmt"/>
      <line num="143" count="6" type="stmt"/>
      <line num="144" count="6" type="stmt"/>
      <line num="145" count="6" type="stmt"/>
      <line num="146" count="6" type="stmt"/>
      <line num="147" count="6" type="stmt"/>
      <line num="148" count="6" type="cond" truecount="0" falsecount="1"/>
      <line num="149" count="0" type="stmt"/>
      <line num="150" count="0" type="stmt"/>
      <line num="151" count="0" type="stmt"/>
      <line num="152" count="6" type="cond" truecount="1" falsecount="0"/>
      <line num="153" count="3" type="stmt"/>
      <line num="154" count="3" type="stmt"/>
      <line num="155" count="3" type="stmt"/>
      <line num="156" count="3" type="stmt"/>
      <line num="157" count="3" type="stmt"/>
      <line num="158" count="3" type="cond" truecount="0" falsecount="1"/>
      <line num="160" count="0" type="stmt"/>
      <line num="161" count="3" type="cond" truecount="0" falsecount="1"/>
      <line num="162" count="0" type="stmt"/>
      <line num="163" count="0" type="stmt"/>
      <line num="164" count="0" type="stmt"/>
      <line num="166" count="0" type="stmt"/>
      <line num="167" count="3" type="stmt"/>
      <line num="169" count="6" type="stmt"/>
      <line num="170" count="6" type="stmt"/>
      <line num="171" count="6" type="stmt"/>
      <line num="172" count="6" type="stmt"/>
      <line num="173" count="6" type="stmt"/>
      <line num="175" count="6" type="cond" truecount="1" falsecount="0"/>
      <line num="176" count="1" type="stmt"/>
      <line num="177" count="1" type="stmt"/>
      <line num="178" count="6" type="stmt"/>
      <line num="180" count="6" type="cond" truecount="1" falsecount="0"/>
      <line num="181" count="2" type="stmt"/>
      <line num="182" count="2" type="stmt"/>
      <line num="183" count="2" type="stmt"/>
      <line num="184" count="6" type="cond" truecount="1" falsecount="0"/>
      <line num="185" count="2" type="cond" truecount="1" falsecount="0"/>
      <line num="186" count="1" type="stmt"/>
      <line num="187" count="2" type="stmt"/>
      <line num="189" count="6" type="cond" truecount="1" falsecount="0"/>
      <line num="190" count="7" type="cond" truecount="2" falsecount="0"/>
      <line num="191" count="6" type="stmt"/>
      <line num="192" count="6" type="stmt"/>
      <line num="193" count="7" type="cond" truecount="2" falsecount="0"/>
      <line num="194" count="6" type="stmt"/>
      <line num="195" count="7" type="stmt"/>
      <line num="197" count="6" type="stmt"/>
      <line num="198" count="6" type="cond" truecount="1" falsecount="0"/>
      <line num="199" count="2" type="stmt"/>
      <line num="200" count="6" type="stmt"/>
      <line num="201" count="6" type="stmt"/>
      <line num="202" count="6" type="stmt"/>
      <line num="203" count="6" type="stmt"/>
      <line num="204" count="0" type="stmt"/>
      <line num="205" count="6" type="stmt"/>
      <line num="206" count="6" type="stmt"/>
      <line num="207" count="6" type="cond" truecount="1" falsecount="0"/>
      <line num="208" count="1" type="cond" truecount="1" falsecount="0"/>
      <line num="209" count="1" type="stmt"/>
      <line num="210" count="1" type="stmt"/>
      <line num="211" count="1" type="cond" truecount="0" falsecount="1"/>
      <line num="212" count="0" type="stmt"/>
      <line num="213" count="0" type="stmt"/>
      <line num="214" count="1" type="stmt"/>
      <line num="215" count="6" type="stmt"/>
      <line num="216" count="6" type="cond" truecount="1" falsecount="0"/>
      <line num="217" count="6" type="cond" truecount="1" falsecount="0"/>
      <line num="218" count="5" type="cond" truecount="1" falsecount="0"/>
      <line num="219" count="1" type="stmt"/>
      <line num="220" count="1" type="stmt"/>
      <line num="221" count="1" type="cond" truecount="0" falsecount="1"/>
      <line num="222" count="1" type="stmt"/>
      <line num="223" count="1" type="stmt"/>
      <line num="224" count="1" type="stmt"/>
      <line num="225" count="1" type="stmt"/>
      <line num="226" count="1" type="cond" truecount="1" falsecount="0"/>
      <line num="227" count="5" type="cond" truecount="1" falsecount="0"/>
      <line num="228" count="2" type="stmt"/>
      <line num="229" count="2" type="stmt"/>
      <line num="230" count="2" type="stmt"/>
      <line num="231" count="5" type="cond" truecount="0" falsecount="1"/>
      <line num="232" count="6" type="stmt"/>
      <line num="233" count="6" type="stmt"/>
      <line num="234" count="6" type="stmt"/>
      <line num="235" count="6" type="stmt"/>
      <line num="242" count="1" type="cond" truecount="1" falsecount="0"/>
      <line num="243" count="6" type="stmt"/>
      <line num="244" count="6" type="cond" truecount="2" falsecount="0"/>
      <line num="245" count="4" type="stmt"/>
      <line num="246" count="4" type="stmt"/>
      <line num="247" count="6" type="cond" truecount="1" falsecount="0"/>
      <line num="249" count="3" type="stmt"/>
      <line num="253" count="3" type="stmt"/>
      <line num="254" count="3" type="stmt"/>
      <line num="255" count="3" type="stmt"/>
      <line num="256" count="3" type="stmt"/>
      <line num="257" count="3" type="cond" truecount="1" falsecount="0"/>
      <line num="258" count="3" type="cond" truecount="1" falsecount="0"/>
      <line num="259" count="1" type="stmt"/>
      <line num="260" count="1" type="stmt"/>
      <line num="264" count="3" type="cond" truecount="1" falsecount="0"/>
      <line num="265" count="3" type="stmt"/>
      <line num="266" count="3" type="cond" truecount="2" falsecount="0"/>
      <line num="267" count="3" type="stmt"/>
      <line num="268" count="3" type="stmt"/>
      <line num="269" count="3" type="stmt"/>
      <line num="270" count="3" type="cond" truecount="1" falsecount="0"/>
      <line num="271" count="27" type="stmt"/>
      <line num="272" count="27" type="cond" truecount="1" falsecount="0"/>
      <line num="273" count="5" type="cond" truecount="0" falsecount="1"/>
      <line num="274" count="5" type="cond" truecount="0" falsecount="1"/>
      <line num="275" count="5" type="cond" truecount="1" falsecount="0"/>
      <line num="276" count="5" type="stmt"/>
      <line num="277" count="5" type="cond" truecount="1" falsecount="0"/>
      <line num="278" count="27" type="cond" truecount="2" falsecount="0"/>
      <line num="279" count="21" type="cond" truecount="2" falsecount="0"/>
      <line num="280" count="18" type="cond" truecount="1" falsecount="0"/>
      <line num="281" count="3" type="stmt"/>
      <line num="282" count="3" type="stmt"/>
      <line num="283" count="3" type="stmt"/>
      <line num="284" count="3" type="stmt"/>
      <line num="285" count="3" type="cond" truecount="1" falsecount="0"/>
      <line num="286" count="1" type="stmt"/>
      <line num="287" count="1" type="stmt"/>
      <line num="288" count="3" type="stmt"/>
      <line num="289" count="3" type="stmt"/>
      <line num="290" count="27" type="cond" truecount="0" falsecount="1"/>
      <line num="291" count="0" type="stmt"/>
      <line num="292" count="0" type="stmt"/>
      <line num="301" count="0" type="stmt"/>
      <line num="302" count="0" type="stmt"/>
      <line num="303" count="0" type="stmt"/>
      <line num="304" count="0" type="stmt"/>
      <line num="305" count="0" type="stmt"/>
      <line num="306" count="0" type="stmt"/>
      <line num="307" count="0" type="stmt"/>
      <line num="308" count="0" type="stmt"/>
      <line num="309" count="0" type="stmt"/>
      <line num="310" count="0" type="stmt"/>
      <line num="311" count="0" type="stmt"/>
      <line num="312" count="0" type="stmt"/>
      <line num="313" count="0" type="stmt"/>
      <line num="314" count="0" type="stmt"/>
      <line num="315" count="0" type="stmt"/>
      <line num="316" count="0" type="stmt"/>
      <line num="331" count="1" type="stmt"/>
      <line num="332" count="0" type="stmt"/>
      <line num="333" count="0" type="stmt"/>
      <line num="334" count="0" type="stmt"/>
      <line num="335" count="0" type="stmt"/>
      <line num="336" count="0" type="stmt"/>
      <line num="337" count="0" type="stmt"/>
      <line num="338" count="0" type="stmt"/>
      <line num="339" count="0" type="stmt"/>
      <line num="340" count="0" type="stmt"/>
      <line num="341" count="0" type="stmt"/>
      <line num="342" count="0" type="stmt"/>
      <line num="343" count="0" type="stmt"/>
      <line num="344" count="0" type="stmt"/>
      <line num="345" count="0" type="stmt"/>
      <line num="349" count="0" type="stmt"/>
      <line num="350" count="0" type="stmt"/>
      <line num="351" count="0" type="stmt"/>
      <line num="352" count="0" type="stmt"/>
      <line num="354" count="0" type="stmt"/>
      <line num="355" count="0" type="stmt"/>
      <line num="356" count="0" type="stmt"/>
      <line num="357" count="0" type="stmt"/>
      <line num="358" count="0" type="stmt"/>
      <line num="359" count="0" type="stmt"/>
      <line num="360" count="0" type="stmt"/>
      <line num="361" count="0" type="stmt"/>
      <line num="363" count="0" type="stmt"/>
      <line num="364" count="0" type="stmt"/>
      <line num="365" count="0" type="stmt"/>
      <line num="366" count="0" type="stmt"/>
      <line num="367" count="0" type="stmt"/>
      <line num="368" count="0" type="stmt"/>
      <line num="369" count="0" type="stmt"/>
      <line num="370" count="0" type="stmt"/>
      <line num="371" count="0" type="stmt"/>
      <line num="372" count="0" type="stmt"/>
    </file>
    <file name="format.ts" path="/home/arka/projects/dsh-graph-context/src/format.ts">
      <metrics statements="352" coveredstatements="294" conditionals="222" coveredconditionals="154" methods="17" coveredmethods="15"/>
      <line num="7" count="1" type="stmt"/>
      <line num="17" count="1" type="cond" truecount="1" falsecount="0"/>
      <line num="18" count="37" type="stmt"/>
      <line num="19" count="37" type="cond" truecount="0" falsecount="1"/>
      <line num="20" count="37" type="cond" truecount="2" falsecount="0"/>
      <line num="21" count="37" type="cond" truecount="2" falsecount="0"/>
      <line num="22" count="37" type="stmt"/>
      <line num="23" count="37" type="cond" truecount="0" falsecount="1"/>
      <line num="24" count="37" type="cond" truecount="2" falsecount="0"/>
      <line num="25" count="37" type="cond" truecount="2" falsecount="0"/>
      <line num="26" count="37" type="stmt"/>
      <line num="27" count="37" type="stmt"/>
      <line num="30" count="1" type="cond" truecount="1" falsecount="0"/>
      <line num="31" count="29" type="cond" truecount="2" falsecount="0"/>
      <line num="32" count="29" type="cond" truecount="1" falsecount="0"/>
      <line num="33" count="27" type="stmt"/>
      <line num="34" count="27" type="cond" truecount="1" falsecount="0"/>
      <line num="35" count="1" type="stmt"/>
      <line num="36" count="1" type="stmt"/>
      <line num="42" count="1" type="cond" truecount="1" falsecount="0"/>
      <line num="43" count="59" type="stmt"/>
      <line num="44" count="59" type="cond" truecount="3" falsecount="0"/>
      <line num="45" count="7" type="stmt"/>
      <line num="46" count="7" type="stmt"/>
      <line num="48" count="19" type="cond" truecount="1" falsecount="0"/>
      <line num="49" count="1" type="stmt"/>
      <line num="50" count="1" type="stmt"/>
      <line num="51" count="1" type="cond" truecount="1" falsecount="0"/>
      <line num="52" count="6" type="stmt"/>
      <line num="53" count="6" type="cond" truecount="2" falsecount="0"/>
      <line num="54" count="5" type="stmt"/>
      <line num="55" count="5" type="stmt"/>
      <line num="56" count="5" type="stmt"/>
      <line num="57" count="1" type="stmt"/>
      <line num="58" count="1" type="cond" truecount="1" falsecount="0"/>
      <line num="59" count="6" type="stmt"/>
      <line num="60" count="6" type="stmt"/>
      <line num="61" count="6" type="stmt"/>
      <line num="62" count="19" type="cond" truecount="1" falsecount="0"/>
      <line num="63" count="1072" type="stmt"/>
      <line num="64" count="1072" type="cond" truecount="2" falsecount="0"/>
      <line num="65" count="1066" type="stmt"/>
      <line num="66" count="1066" type="stmt"/>
      <line num="67" count="1066" type="cond" truecount="1" falsecount="0"/>
      <line num="68" count="6" type="stmt"/>
      <line num="69" count="6" type="stmt"/>
      <line num="70" count="19" type="cond" truecount="2" falsecount="0"/>
      <line num="71" count="6" type="stmt"/>
      <line num="72" count="6" type="stmt"/>
      <line num="95" count="1" type="cond" truecount="1" falsecount="0"/>
      <line num="96" count="2" type="cond" truecount="0" falsecount="1"/>
      <line num="97" count="2" type="cond" truecount="1" falsecount="0"/>
      <line num="98" count="1" type="stmt"/>
      <line num="99" count="2" type="stmt"/>
      <line num="100" count="2" type="cond" truecount="0" falsecount="1"/>
      <line num="101" count="2" type="cond" truecount="0" falsecount="1"/>
      <line num="102" count="2" type="cond" truecount="0" falsecount="1"/>
      <line num="104" count="2" type="cond" truecount="0" falsecount="1"/>
      <line num="105" count="2" type="stmt"/>
      <line num="106" count="2" type="cond" truecount="0" falsecount="2"/>
      <line num="107" count="0" type="stmt"/>
      <line num="108" count="2" type="cond" truecount="0" falsecount="1"/>
      <line num="109" count="2" type="stmt"/>
      <line num="110" count="2" type="stmt"/>
      <line num="111" count="2" type="stmt"/>
      <line num="112" count="2" type="stmt"/>
      <line num="113" count="2" type="cond" truecount="0" falsecount="1"/>
      <line num="114" count="2" type="stmt"/>
      <line num="115" count="2" type="cond" truecount="2" falsecount="0"/>
      <line num="116" count="1" type="stmt"/>
      <line num="117" count="1" type="stmt"/>
      <line num="118" count="2" type="cond" truecount="1" falsecount="0"/>
      <line num="119" count="2" type="cond" truecount="0" falsecount="1"/>
      <line num="120" count="2" type="stmt"/>
      <line num="127" count="1" type="cond" truecount="1" falsecount="0"/>
      <line num="128" count="14" type="cond" truecount="2" falsecount="0"/>
      <line num="129" count="14" type="stmt"/>
      <line num="130" count="14" type="cond" truecount="1" falsecount="0"/>
      <line num="131" count="20" type="cond" truecount="3" falsecount="0"/>
      <line num="132" count="20" type="cond" truecount="0" falsecount="1"/>
      <line num="133" count="20" type="cond" truecount="2" falsecount="1"/>
      <line num="134" count="20" type="cond" truecount="1" falsecount="1"/>
      <line num="135" count="20" type="cond" truecount="2" falsecount="0"/>
      <line num="136" count="17" type="cond" truecount="0" falsecount="2"/>
      <line num="137" count="0" type="stmt"/>
      <line num="138" count="20" type="cond" truecount="1" falsecount="1"/>
      <line num="139" count="20" type="stmt"/>
      <line num="140" count="20" type="cond" truecount="1" falsecount="0"/>
      <line num="141" count="17" type="stmt"/>
      <line num="142" count="17" type="stmt"/>
      <line num="143" count="17" type="cond" truecount="1" falsecount="1"/>
      <line num="144" count="17" type="stmt"/>
      <line num="145" count="17" type="stmt"/>
      <line num="146" count="14" type="cond" truecount="2" falsecount="0"/>
      <line num="147" count="9" type="stmt"/>
      <line num="148" count="9" type="stmt"/>
      <line num="149" count="9" type="stmt"/>
      <line num="159" count="1" type="cond" truecount="1" falsecount="0"/>
      <line num="160" count="9" type="cond" truecount="2" falsecount="0"/>
      <line num="161" count="9" type="stmt"/>
      <line num="162" count="9" type="cond" truecount="2" falsecount="0"/>
      <line num="163" count="9" type="cond" truecount="3" falsecount="0"/>
      <line num="164" count="9" type="cond" truecount="2" falsecount="0"/>
      <line num="165" count="3" type="stmt"/>
      <line num="166" count="9" type="cond" truecount="0" falsecount="1"/>
      <line num="167" count="9" type="cond" truecount="1" falsecount="0"/>
      <line num="168" count="3" type="cond" truecount="0" falsecount="1"/>
      <line num="169" count="0" type="stmt"/>
      <line num="170" count="9" type="stmt"/>
      <line num="171" count="9" type="cond" truecount="1" falsecount="0"/>
      <line num="172" count="9" type="cond" truecount="1" falsecount="0"/>
      <line num="173" count="3" type="stmt"/>
      <line num="174" count="9" type="cond" truecount="3" falsecount="0"/>
      <line num="175" count="3" type="stmt"/>
      <line num="176" count="6" type="cond" truecount="1" falsecount="0"/>
      <line num="177" count="2" type="cond" truecount="0" falsecount="1"/>
      <line num="178" count="2" type="cond" truecount="0" falsecount="1"/>
      <line num="179" count="2" type="cond" truecount="0" falsecount="1"/>
      <line num="180" count="2" type="stmt"/>
      <line num="181" count="2" type="stmt"/>
      <line num="182" count="2" type="stmt"/>
      <line num="183" count="2" type="stmt"/>
      <line num="184" count="2" type="cond" truecount="0" falsecount="1"/>
      <line num="185" count="2" type="stmt"/>
      <line num="186" count="2" type="cond" truecount="1" falsecount="0"/>
      <line num="187" count="3" type="stmt"/>
      <line num="188" count="3" type="stmt"/>
      <line num="195" count="1" type="cond" truecount="1" falsecount="0"/>
      <line num="196" count="3" type="stmt"/>
      <line num="199" count="3" type="stmt"/>
      <line num="212" count="1" type="cond" truecount="1" falsecount="0"/>
      <line num="213" count="6" type="stmt"/>
      <line num="214" count="6" type="cond" truecount="1" falsecount="0"/>
      <line num="215" count="7" type="cond" truecount="0" falsecount="1"/>
      <line num="216" count="7" type="cond" truecount="0" falsecount="1"/>
      <line num="217" count="7" type="cond" truecount="0" falsecount="1"/>
      <line num="218" count="7" type="stmt"/>
      <line num="219" count="7" type="cond" truecount="1" falsecount="0"/>
      <line num="220" count="7" type="stmt"/>
      <line num="221" count="7" type="stmt"/>
      <line num="222" count="7" type="cond" truecount="2" falsecount="0"/>
      <line num="223" count="6" type="cond" truecount="1" falsecount="0"/>
      <line num="224" count="14" type="cond" truecount="0" falsecount="2"/>
      <line num="225" count="14" type="cond" truecount="0" falsecount="1"/>
      <line num="226" count="6" type="stmt"/>
      <line num="227" count="6" type="stmt"/>
      <line num="228" count="6" type="stmt"/>
      <line num="229" count="6" type="cond" truecount="2" falsecount="0"/>
      <line num="230" count="4" type="stmt"/>
      <line num="231" count="4" type="stmt"/>
      <line num="232" count="4" type="stmt"/>
      <line num="268" count="1" type="stmt"/>
      <line num="269" count="1" type="stmt"/>
      <line num="270" count="1" type="stmt"/>
      <line num="272" count="59" type="cond" truecount="1" falsecount="0"/>
      <line num="273" count="59" type="cond" truecount="0" falsecount="1"/>
      <line num="274" count="59" type="cond" truecount="0" falsecount="1"/>
      <line num="275" count="59" type="stmt"/>
      <line num="276" count="59" type="cond" truecount="0" falsecount="2"/>
      <line num="277" count="0" type="stmt"/>
      <line num="278" count="59" type="cond" truecount="0" falsecount="1"/>
      <line num="279" count="59" type="cond" truecount="2" falsecount="0"/>
      <line num="280" count="59" type="cond" truecount="1" falsecount="1"/>
      <line num="281" count="59" type="cond" truecount="1" falsecount="1"/>
      <line num="282" count="59" type="stmt"/>
      <line num="283" count="59" type="stmt"/>
      <line num="290" count="1" type="cond" truecount="1" falsecount="0"/>
      <line num="291" count="9" type="cond" truecount="0" falsecount="1"/>
      <line num="292" count="9" type="cond" truecount="0" falsecount="1"/>
      <line num="293" count="9" type="cond" truecount="0" falsecount="1"/>
      <line num="294" count="9" type="cond" truecount="0" falsecount="1"/>
      <line num="295" count="9" type="cond" truecount="0" falsecount="1"/>
      <line num="296" count="9" type="cond" truecount="3" falsecount="0"/>
      <line num="297" count="1" type="stmt"/>
      <line num="298" count="1" type="cond" truecount="1" falsecount="0"/>
      <line num="299" count="8" type="stmt"/>
      <line num="300" count="8" type="stmt"/>
      <line num="301" count="8" type="stmt"/>
      <line num="302" count="8" type="stmt"/>
      <line num="303" count="8" type="cond" truecount="0" falsecount="1"/>
      <line num="304" count="8" type="cond" truecount="0" falsecount="1"/>
      <line num="305" count="8" type="stmt"/>
      <line num="306" count="8" type="stmt"/>
      <line num="307" count="8" type="stmt"/>
      <line num="308" count="9" type="cond" truecount="1" falsecount="0"/>
      <line num="309" count="7" type="stmt"/>
      <line num="310" count="7" type="stmt"/>
      <line num="311" count="7" type="stmt"/>
      <line num="312" count="7" type="stmt"/>
      <line num="313" count="7" type="stmt"/>
      <line num="314" count="7" type="cond" truecount="1" falsecount="0"/>
      <line num="315" count="9" type="cond" truecount="1" falsecount="0"/>
      <line num="316" count="7" type="stmt"/>
      <line num="317" count="7" type="cond" truecount="1" falsecount="0"/>
      <line num="318" count="52" type="stmt"/>
      <line num="319" count="52" type="stmt"/>
      <line num="320" count="52" type="stmt"/>
      <line num="321" count="9" type="cond" truecount="1" falsecount="0"/>
      <line num="322" count="1" type="stmt"/>
      <line num="323" count="1" type="cond" truecount="1" falsecount="0"/>
      <line num="324" count="8" type="stmt"/>
      <line num="325" count="8" type="cond" truecount="1" falsecount="1"/>
      <line num="326" count="0" type="stmt"/>
      <line num="327" count="9" type="cond" truecount="1" falsecount="0"/>
      <line num="328" count="1" type="stmt"/>
      <line num="329" count="1" type="cond" truecount="1" falsecount="0"/>
      <line num="330" count="8" type="stmt"/>
      <line num="331" count="8" type="cond" truecount="0" falsecount="1"/>
      <line num="332" count="0" type="stmt"/>
      <line num="333" count="9" type="cond" truecount="0" falsecount="1"/>
      <line num="334" count="0" type="stmt"/>
      <line num="335" count="0" type="cond" truecount="1" falsecount="0"/>
      <line num="336" count="8" type="stmt"/>
      <line num="337" count="8" type="stmt"/>
      <line num="351" count="1" type="cond" truecount="1" falsecount="0"/>
      <line num="352" count="2" type="cond" truecount="2" falsecount="0"/>
      <line num="353" count="2" type="cond" truecount="1" falsecount="1"/>
      <line num="354" count="2" type="cond" truecount="0" falsecount="1"/>
      <line num="355" count="2" type="cond" truecount="1" falsecount="0"/>
      <line num="356" count="1" type="cond" truecount="0" falsecount="1"/>
      <line num="357" count="1" type="cond" truecount="0" falsecount="1"/>
      <line num="358" count="1" type="cond" truecount="0" falsecount="1"/>
      <line num="359" count="1" type="cond" truecount="0" falsecount="1"/>
      <line num="360" count="1" type="cond" truecount="0" falsecount="1"/>
      <line num="361" count="1" type="stmt"/>
      <line num="362" count="1" type="stmt"/>
      <line num="363" count="1" type="stmt"/>
      <line num="364" count="1" type="stmt"/>
      <line num="384" count="1" type="stmt"/>
      <line num="385" count="0" type="stmt"/>
      <line num="386" count="0" type="stmt"/>
      <line num="387" count="0" type="stmt"/>
      <line num="388" count="0" type="stmt"/>
      <line num="389" count="0" type="stmt"/>
      <line num="390" count="0" type="stmt"/>
      <line num="391" count="0" type="stmt"/>
      <line num="392" count="0" type="stmt"/>
      <line num="393" count="0" type="stmt"/>
      <line num="394" count="0" type="stmt"/>
      <line num="395" count="0" type="stmt"/>
      <line num="396" count="0" type="stmt"/>
      <line num="397" count="0" type="stmt"/>
      <line num="398" count="0" type="stmt"/>
      <line num="399" count="0" type="stmt"/>
      <line num="400" count="0" type="stmt"/>
      <line num="401" count="0" type="stmt"/>
      <line num="402" count="0" type="stmt"/>
      <line num="403" count="0" type="stmt"/>
      <line num="404" count="0" type="stmt"/>
      <line num="405" count="0" type="stmt"/>
      <line num="425" count="1" type="stmt"/>
      <line num="426" count="0" type="stmt"/>
      <line num="427" count="0" type="stmt"/>
      <line num="428" count="0" type="stmt"/>
      <line num="429" count="0" type="stmt"/>
      <line num="430" count="0" type="stmt"/>
      <line num="431" count="0" type="stmt"/>
      <line num="432" count="0" type="stmt"/>
      <line num="433" count="0" type="stmt"/>
      <line num="434" count="0" type="stmt"/>
      <line num="435" count="0" type="stmt"/>
      <line num="436" count="0" type="stmt"/>
      <line num="437" count="0" type="stmt"/>
      <line num="438" count="0" type="stmt"/>
      <line num="439" count="0" type="stmt"/>
      <line num="440" count="0" type="stmt"/>
      <line num="441" count="0" type="stmt"/>
      <line num="442" count="0" type="stmt"/>
      <line num="443" count="0" type="stmt"/>
      <line num="444" count="0" type="stmt"/>
      <line num="445" count="0" type="stmt"/>
      <line num="446" count="0" type="stmt"/>
      <line num="447" count="0" type="stmt"/>
      <line num="448" count="0" type="stmt"/>
      <line num="449" count="0" type="stmt"/>
      <line num="450" count="0" type="stmt"/>
      <line num="451" count="0" type="stmt"/>
      <line num="452" count="0" type="stmt"/>
      <line num="453" count="0" type="stmt"/>
      <line num="487" count="1" type="cond" truecount="1" falsecount="0"/>
      <line num="488" count="31" type="stmt"/>
      <line num="489" count="31" type="cond" truecount="2" falsecount="0"/>
      <line num="490" count="30" type="cond" truecount="1" falsecount="4"/>
      <line num="491" count="1" type="stmt"/>
      <line num="492" count="31" type="stmt"/>
      <line num="493" count="31" type="cond" truecount="2" falsecount="0"/>
      <line num="494" count="31" type="cond" truecount="1" falsecount="0"/>
      <line num="495" count="234" type="cond" truecount="0" falsecount="1"/>
      <line num="496" count="234" type="cond" truecount="0" falsecount="1"/>
      <line num="497" count="234" type="cond" truecount="1" falsecount="0"/>
      <line num="498" count="229" type="stmt"/>
      <line num="499" count="229" type="cond" truecount="1" falsecount="0"/>
      <line num="500" count="229" type="stmt"/>
      <line num="501" count="229" type="cond" truecount="1" falsecount="0"/>
      <line num="502" count="229" type="cond" truecount="1" falsecount="0"/>
      <line num="503" count="5" type="stmt"/>
      <line num="504" count="234" type="cond" truecount="2" falsecount="0"/>
      <line num="505" count="234" type="cond" truecount="0" falsecount="2"/>
      <line num="506" count="234" type="stmt"/>
      <line num="507" count="31" type="cond" truecount="2" falsecount="0"/>
      <line num="508" count="2" type="stmt"/>
      <line num="509" count="2" type="stmt"/>
      <line num="510" count="31" type="cond" truecount="2" falsecount="0"/>
      <line num="511" count="31" type="cond" truecount="1" falsecount="0"/>
      <line num="512" count="6" type="stmt"/>
      <line num="513" count="6" type="cond" truecount="1" falsecount="0"/>
      <line num="514" count="6" type="stmt"/>
      <line num="515" count="6" type="cond" truecount="1" falsecount="0"/>
      <line num="516" count="8" type="stmt"/>
      <line num="517" count="8" type="cond" truecount="2" falsecount="1"/>
      <line num="518" count="0" type="stmt"/>
      <line num="519" count="8" type="cond" truecount="0" falsecount="2"/>
      <line num="520" count="6" type="stmt"/>
      <line num="521" count="6" type="stmt"/>
      <line num="522" count="6" type="stmt"/>
      <line num="523" count="6" type="stmt"/>
      <line num="524" count="31" type="stmt"/>
      <line num="525" count="31" type="stmt"/>
      <line num="548" count="1" type="cond" truecount="1" falsecount="0"/>
      <line num="549" count="6" type="cond" truecount="0" falsecount="1"/>
      <line num="550" count="6" type="cond" truecount="3" falsecount="0"/>
      <line num="551" count="6" type="cond" truecount="0" falsecount="1"/>
      <line num="552" count="6" type="cond" truecount="2" falsecount="0"/>
      <line num="553" count="5" type="stmt"/>
      <line num="554" count="6" type="cond" truecount="1" falsecount="0"/>
      <line num="555" count="3" type="cond" truecount="4" falsecount="0"/>
      <line num="556" count="6" type="cond" truecount="1" falsecount="0"/>
      <line num="557" count="2" type="stmt"/>
      <line num="558" count="2" type="cond" truecount="1" falsecount="0"/>
      <line num="559" count="8" type="cond" truecount="3" falsecount="0"/>
      <line num="560" count="5" type="cond" truecount="1" falsecount="0"/>
      <line num="561" count="8" type="cond" truecount="2" falsecount="0"/>
      <line num="562" count="8" type="stmt"/>
      <line num="563" count="8" type="stmt"/>
      <line num="564" count="2" type="cond" truecount="1" falsecount="0"/>
      <line num="565" count="2" type="stmt"/>
      <line num="566" count="2" type="stmt"/>
      <line num="567" count="2" type="cond" truecount="1" falsecount="0"/>
      <line num="568" count="6" type="cond" truecount="2" falsecount="0"/>
      <line num="569" count="1" type="stmt"/>
      <line num="570" count="1" type="cond" truecount="1" falsecount="0"/>
      <line num="571" count="5" type="stmt"/>
      <line num="572" count="5" type="stmt"/>
      <line num="578" count="1" type="cond" truecount="1" falsecount="0"/>
      <line num="579" count="3" type="cond" truecount="1" falsecount="0"/>
      <line num="580" count="1" type="stmt"/>
      <line num="581" count="1" type="stmt"/>
      <line num="582" count="1" type="stmt"/>
      <line num="583" count="1" type="cond" truecount="1" falsecount="0"/>
      <line num="584" count="3" type="cond" truecount="2" falsecount="0"/>
      <line num="585" count="3" type="stmt"/>
      <line num="586" count="3" type="stmt"/>
    </file>
    <file name="hooks.ts" path="/home/arka/projects/dsh-graph-context/src/hooks.ts">
      <metrics statements="650" coveredstatements="588" conditionals="331" coveredconditionals="236" methods="23" coveredmethods="23"/>
      <line num="27" count="1" type="stmt"/>
      <line num="30" count="1" type="stmt"/>
      <line num="32" count="1" type="stmt"/>
      <line num="33" count="1" type="stmt"/>
      <line num="34" count="1" type="stmt"/>
      <line num="47" count="1" type="stmt"/>
      <line num="48" count="1" type="stmt"/>
      <line num="139" count="5" type="cond" truecount="1" falsecount="0"/>
      <line num="140" count="5" type="cond" truecount="0" falsecount="1"/>
      <line num="141" count="5" type="stmt"/>
      <line num="144" count="152" type="cond" truecount="1" falsecount="0"/>
      <line num="145" count="152" type="stmt"/>
      <line num="146" count="152" type="stmt"/>
      <line num="147" count="152" type="cond" truecount="0" falsecount="1"/>
      <line num="148" count="0" type="stmt"/>
      <line num="149" count="0" type="stmt"/>
      <line num="150" count="152" type="stmt"/>
      <line num="164" count="1" type="cond" truecount="1" falsecount="0"/>
      <line num="165" count="24" type="stmt"/>
      <line num="166" count="24" type="stmt"/>
      <line num="167" count="24" type="cond" truecount="0" falsecount="1"/>
      <line num="168" count="24" type="cond" truecount="2" falsecount="0"/>
      <line num="169" count="24" type="cond" truecount="0" falsecount="1"/>
      <line num="170" count="24" type="cond" truecount="0" falsecount="1"/>
      <line num="171" count="0" type="stmt"/>
      <line num="172" count="0" type="stmt"/>
      <line num="173" count="24" type="stmt"/>
      <line num="175" count="123" type="cond" truecount="1" falsecount="0"/>
      <line num="176" count="123" type="stmt"/>
      <line num="177" count="123" type="stmt"/>
      <line num="178" count="123" type="cond" truecount="0" falsecount="1"/>
      <line num="179" count="0" type="stmt"/>
      <line num="180" count="0" type="stmt"/>
      <line num="181" count="123" type="stmt"/>
      <line num="187" count="19" type="cond" truecount="1" falsecount="0"/>
      <line num="188" count="19" type="stmt"/>
      <line num="189" count="19" type="stmt"/>
      <line num="190" count="19" type="stmt"/>
      <line num="191" count="19" type="stmt"/>
      <line num="192" count="19" type="stmt"/>
      <line num="193" count="19" type="cond" truecount="1" falsecount="0"/>
      <line num="194" count="1" type="stmt"/>
      <line num="195" count="1" type="stmt"/>
      <line num="196" count="19" type="stmt"/>
      <line num="198" count="1" type="stmt"/>
      <line num="204" count="25" type="cond" truecount="1" falsecount="0"/>
      <line num="205" count="25" type="stmt"/>
      <line num="206" count="25" type="stmt"/>
      <line num="207" count="25" type="stmt"/>
      <line num="208" count="25" type="stmt"/>
      <line num="209" count="25" type="stmt"/>
      <line num="210" count="25" type="stmt"/>
      <line num="211" count="25" type="stmt"/>
      <line num="212" count="25" type="cond" truecount="0" falsecount="1"/>
      <line num="219" count="25" type="stmt"/>
      <line num="220" count="25" type="cond" truecount="2" falsecount="0"/>
      <line num="221" count="24" type="stmt"/>
      <line num="222" count="24" type="stmt"/>
      <line num="223" count="25" type="cond" truecount="0" falsecount="1"/>
      <line num="224" count="25" type="cond" truecount="0" falsecount="1"/>
      <line num="225" count="0" type="stmt"/>
      <line num="226" count="0" type="cond" truecount="1" falsecount="0"/>
      <line num="228" count="24" type="cond" truecount="2" falsecount="0"/>
      <line num="229" count="22" type="stmt"/>
      <line num="230" count="22" type="cond" truecount="1" falsecount="1"/>
      <line num="232" count="22" type="stmt"/>
      <line num="233" count="22" type="stmt"/>
      <line num="235" count="25" type="cond" truecount="1" falsecount="0"/>
      <line num="236" count="4" type="cond" truecount="2" falsecount="0"/>
      <line num="237" count="3" type="stmt"/>
      <line num="238" count="4" type="cond" truecount="1" falsecount="0"/>
      <line num="240" count="1" type="stmt"/>
      <line num="241" count="1" type="stmt"/>
      <line num="243" count="1" type="stmt"/>
      <line num="244" count="1" type="stmt"/>
      <line num="245" count="1" type="cond" truecount="1" falsecount="0"/>
      <line num="246" count="2" type="stmt"/>
      <line num="247" count="4" type="cond" truecount="0" falsecount="1"/>
      <line num="248" count="0" type="stmt"/>
      <line num="249" count="0" type="stmt"/>
      <line num="250" count="0" type="stmt"/>
      <line num="252" count="0" type="stmt"/>
      <line num="253" count="0" type="stmt"/>
      <line num="254" count="0" type="cond" truecount="1" falsecount="0"/>
      <line num="255" count="4" type="cond" truecount="0" falsecount="1"/>
      <line num="256" count="4" type="cond" truecount="2" falsecount="0"/>
      <line num="259" count="2" type="cond" truecount="0" falsecount="1"/>
      <line num="260" count="0" type="stmt"/>
      <line num="261" count="4" type="stmt"/>
      <line num="262" count="4" type="stmt"/>
      <line num="263" count="4" type="stmt"/>
      <line num="266" count="4" type="stmt"/>
      <line num="267" count="4" type="stmt"/>
      <line num="268" count="4" type="cond" truecount="1" falsecount="0"/>
      <line num="273" count="25" type="cond" truecount="3" falsecount="0"/>
      <line num="279" count="25" type="cond" truecount="3" falsecount="0"/>
      <line num="280" count="3" type="stmt"/>
      <line num="281" count="3" type="cond" truecount="1" falsecount="0"/>
      <line num="282" count="1" type="stmt"/>
      <line num="283" count="1" type="stmt"/>
      <line num="284" count="3" type="cond" truecount="1" falsecount="0"/>
      <line num="285" count="2" type="stmt"/>
      <line num="286" count="2" type="stmt"/>
      <line num="287" count="3" type="cond" truecount="1" falsecount="0"/>
      <line num="288" count="1" type="stmt"/>
      <line num="289" count="1" type="stmt"/>
      <line num="290" count="3" type="cond" truecount="1" falsecount="0"/>
      <line num="295" count="25" type="cond" truecount="3" falsecount="0"/>
      <line num="296" count="3" type="cond" truecount="0" falsecount="1"/>
      <line num="297" count="3" type="stmt"/>
      <line num="298" count="3" type="stmt"/>
      <line num="299" count="3" type="cond" truecount="1" falsecount="0"/>
      <line num="300" count="2" type="stmt"/>
      <line num="301" count="2" type="stmt"/>
      <line num="302" count="2" type="stmt"/>
      <line num="303" count="2" type="stmt"/>
      <line num="304" count="2" type="stmt"/>
      <line num="305" count="2" type="cond" truecount="1" falsecount="0"/>
      <line num="306" count="1" type="stmt"/>
      <line num="307" count="1" type="stmt"/>
      <line num="308" count="1" type="stmt"/>
      <line num="309" count="1" type="stmt"/>
      <line num="310" count="1" type="stmt"/>
      <line num="311" count="2" type="stmt"/>
      <line num="312" count="3" type="cond" truecount="0" falsecount="1"/>
      <line num="313" count="0" type="stmt"/>
      <line num="314" count="0" type="stmt"/>
      <line num="315" count="3" type="cond" truecount="1" falsecount="0"/>
      <line num="318" count="25" type="cond" truecount="0" falsecount="1"/>
      <line num="319" count="25" type="stmt"/>
      <line num="320" count="25" type="stmt"/>
      <line num="321" count="25" type="stmt"/>
      <line num="322" count="25" type="stmt"/>
      <line num="323" count="25" type="stmt"/>
      <line num="324" count="25" type="cond" truecount="1" falsecount="0"/>
      <line num="325" count="25" type="cond" truecount="0" falsecount="1"/>
      <line num="326" count="0" type="stmt"/>
      <line num="327" count="0" type="stmt"/>
      <line num="328" count="0" type="cond" truecount="1" falsecount="0"/>
      <line num="329" count="14" type="stmt"/>
      <line num="330" count="25" type="cond" truecount="1" falsecount="0"/>
      <line num="331" count="2" type="cond" truecount="1" falsecount="0"/>
      <line num="334" count="1" type="stmt"/>
      <line num="335" count="1" type="stmt"/>
      <line num="336" count="1" type="stmt"/>
      <line num="337" count="1" type="stmt"/>
      <line num="338" count="25" type="stmt"/>
      <line num="345" count="110" type="cond" truecount="1" falsecount="0"/>
      <line num="346" count="110" type="stmt"/>
      <line num="347" count="110" type="cond" truecount="2" falsecount="0"/>
      <line num="348" count="106" type="stmt"/>
      <line num="349" count="110" type="cond" truecount="0" falsecount="1"/>
      <line num="350" count="110" type="cond" truecount="0" falsecount="1"/>
      <line num="351" count="0" type="stmt"/>
      <line num="352" count="0" type="stmt"/>
      <line num="353" count="110" type="stmt"/>
      <line num="356" count="32" type="cond" truecount="1" falsecount="0"/>
      <line num="357" count="32" type="stmt"/>
      <line num="358" count="32" type="stmt"/>
      <line num="359" count="32" type="cond" truecount="0" falsecount="1"/>
      <line num="360" count="32" type="stmt"/>
      <line num="361" count="32" type="cond" truecount="1" falsecount="0"/>
      <line num="362" count="32" type="stmt"/>
      <line num="363" count="32" type="stmt"/>
      <line num="364" count="32" type="stmt"/>
      <line num="365" count="32" type="cond" truecount="1" falsecount="0"/>
      <line num="366" count="32" type="stmt"/>
      <line num="367" count="32" type="stmt"/>
      <line num="368" count="32" type="cond" truecount="0" falsecount="1"/>
      <line num="369" count="0" type="stmt"/>
      <line num="370" count="0" type="stmt"/>
      <line num="373" count="6" type="cond" truecount="1" falsecount="0"/>
      <line num="374" count="6" type="cond" truecount="0" falsecount="1"/>
      <line num="375" count="6" type="stmt"/>
      <line num="376" count="6" type="stmt"/>
      <line num="377" count="6" type="stmt"/>
      <line num="378" count="6" type="stmt"/>
      <line num="379" count="6" type="cond" truecount="0" falsecount="1"/>
      <line num="380" count="0" type="stmt"/>
      <line num="381" count="0" type="stmt"/>
      <line num="390" count="36" type="cond" truecount="1" falsecount="0"/>
      <line num="391" count="36" type="stmt"/>
      <line num="392" count="36" type="stmt"/>
      <line num="393" count="36" type="stmt"/>
      <line num="394" count="36" type="stmt"/>
      <line num="395" count="36" type="stmt"/>
      <line num="396" count="36" type="stmt"/>
      <line num="398" count="36" type="stmt"/>
      <line num="399" count="36" type="cond" truecount="0" falsecount="1"/>
      <line num="403" count="36" type="stmt"/>
      <line num="404" count="36" type="stmt"/>
      <line num="405" count="36" type="stmt"/>
      <line num="406" count="36" type="stmt"/>
      <line num="407" count="36" type="cond" truecount="1" falsecount="0"/>
      <line num="408" count="35" type="stmt"/>
      <line num="409" count="35" type="stmt"/>
      <line num="410" count="36" type="cond" truecount="3" falsecount="0"/>
      <line num="411" count="32" type="stmt"/>
      <line num="414" count="32" type="stmt"/>
      <line num="415" count="36" type="cond" truecount="2" falsecount="0"/>
      <line num="416" count="11" type="stmt"/>
      <line num="417" count="11" type="stmt"/>
      <line num="418" count="36" type="cond" truecount="3" falsecount="0"/>
      <line num="419" count="10" type="stmt"/>
      <line num="420" count="36" type="cond" truecount="2" falsecount="0"/>
      <line num="421" count="9" type="stmt"/>
      <line num="422" count="36" type="cond" truecount="0" falsecount="1"/>
      <line num="424" count="36" type="stmt"/>
      <line num="425" count="36" type="stmt"/>
      <line num="426" count="36" type="cond" truecount="2" falsecount="0"/>
      <line num="428" count="1" type="stmt"/>
      <line num="429" count="1" type="cond" truecount="1" falsecount="0"/>
      <line num="434" count="8" type="cond" truecount="1" falsecount="0"/>
      <line num="435" count="2" type="cond" truecount="1" falsecount="0"/>
      <line num="436" count="6" type="stmt"/>
      <line num="437" count="36" type="cond" truecount="2" falsecount="0"/>
      <line num="438" count="1" type="cond" truecount="1" falsecount="0"/>
      <line num="439" count="7" type="stmt"/>
      <line num="440" count="36" type="stmt"/>
      <line num="441" count="36" type="cond" truecount="2" falsecount="0"/>
      <line num="442" count="36" type="cond" truecount="2" falsecount="0"/>
      <line num="443" count="8" type="stmt"/>
      <line num="444" count="8" type="stmt"/>
      <line num="445" count="8" type="stmt"/>
      <line num="446" count="8" type="cond" truecount="1" falsecount="0"/>
      <line num="447" count="36" type="cond" truecount="0" falsecount="1"/>
      <line num="448" count="0" type="stmt"/>
      <line num="449" count="0" type="stmt"/>
      <line num="450" count="0" type="cond" truecount="1" falsecount="0"/>
      <line num="451" count="36" type="cond" truecount="0" falsecount="1"/>
      <line num="452" count="36" type="stmt"/>
      <line num="453" count="36" type="cond" truecount="3" falsecount="1"/>
      <line num="454" count="36" type="cond" truecount="1" falsecount="2"/>
      <line num="455" count="36" type="stmt"/>
      <line num="456" count="36" type="cond" truecount="1" falsecount="1"/>
      <line num="457" count="7" type="cond" truecount="1" falsecount="0"/>
      <line num="458" count="4" type="cond" truecount="1" falsecount="0"/>
      <line num="459" count="3" type="stmt"/>
      <line num="460" count="36" type="cond" truecount="1" falsecount="1"/>
      <line num="461" count="7" type="stmt"/>
      <line num="462" count="7" type="stmt"/>
      <line num="463" count="7" type="stmt"/>
      <line num="464" count="7" type="stmt"/>
      <line num="465" count="7" type="stmt"/>
      <line num="466" count="36" type="cond" truecount="1" falsecount="0"/>
      <line num="467" count="1" type="cond" truecount="0" falsecount="1"/>
      <line num="468" count="1" type="stmt"/>
      <line num="469" count="1" type="stmt"/>
      <line num="470" count="1" type="stmt"/>
      <line num="471" count="36" type="stmt"/>
      <line num="477" count="2" type="cond" truecount="1" falsecount="0"/>
      <line num="478" count="2" type="stmt"/>
      <line num="479" count="2" type="stmt"/>
      <line num="480" count="2" type="stmt"/>
      <line num="481" count="2" type="stmt"/>
      <line num="482" count="2" type="stmt"/>
      <line num="483" count="2" type="stmt"/>
      <line num="484" count="2" type="stmt"/>
      <line num="485" count="2" type="stmt"/>
      <line num="486" count="2" type="cond" truecount="1" falsecount="0"/>
      <line num="487" count="2" type="cond" truecount="1" falsecount="1"/>
      <line num="488" count="2" type="cond" truecount="0" falsecount="1"/>
      <line num="489" count="2" type="stmt"/>
      <line num="490" count="2" type="stmt"/>
      <line num="491" count="2" type="cond" truecount="0" falsecount="1"/>
      <line num="492" count="2" type="cond" truecount="0" falsecount="1"/>
      <line num="493" count="2" type="stmt"/>
      <line num="494" count="2" type="stmt"/>
      <line num="495" count="2" type="stmt"/>
      <line num="496" count="2" type="stmt"/>
      <line num="497" count="2" type="stmt"/>
      <line num="498" count="2" type="stmt"/>
      <line num="499" count="2" type="cond" truecount="0" falsecount="1"/>
      <line num="500" count="2" type="cond" truecount="0" falsecount="1"/>
      <line num="501" count="2" type="cond" truecount="1" falsecount="0"/>
      <line num="502" count="2" type="cond" truecount="0" falsecount="1"/>
      <line num="503" count="2" type="cond" truecount="0" falsecount="1"/>
      <line num="504" count="2" type="cond" truecount="0" falsecount="1"/>
      <line num="505" count="2" type="cond" truecount="0" falsecount="1"/>
      <line num="506" count="2" type="stmt"/>
      <line num="507" count="2" type="cond" truecount="0" falsecount="1"/>
      <line num="508" count="0" type="stmt"/>
      <line num="509" count="0" type="stmt"/>
      <line num="510" count="2" type="stmt"/>
      <line num="511" count="2" type="cond" truecount="1" falsecount="0"/>
      <line num="512" count="1" type="stmt"/>
      <line num="513" count="1" type="stmt"/>
      <line num="521" count="3" type="cond" truecount="1" falsecount="0"/>
      <line num="522" count="3" type="stmt"/>
      <line num="523" count="3" type="stmt"/>
      <line num="524" count="3" type="stmt"/>
      <line num="525" count="3" type="stmt"/>
      <line num="526" count="3" type="stmt"/>
      <line num="527" count="3" type="cond" truecount="0" falsecount="1"/>
      <line num="528" count="3" type="stmt"/>
      <line num="529" count="3" type="stmt"/>
      <line num="530" count="3" type="cond" truecount="0" falsecount="1"/>
      <line num="531" count="0" type="stmt"/>
      <line num="532" count="3" type="stmt"/>
      <line num="533" count="3" type="cond" truecount="0" falsecount="1"/>
      <line num="534" count="0" type="stmt"/>
      <line num="535" count="0" type="stmt"/>
      <line num="536" count="0" type="stmt"/>
      <line num="538" count="3" type="cond" truecount="0" falsecount="1"/>
      <line num="539" count="3" type="stmt"/>
      <line num="540" count="3" type="cond" truecount="0" falsecount="1"/>
      <line num="541" count="3" type="cond" truecount="2" falsecount="0"/>
      <line num="542" count="3" type="stmt"/>
      <line num="543" count="3" type="cond" truecount="3" falsecount="0"/>
      <line num="544" count="3" type="cond" truecount="0" falsecount="1"/>
      <line num="545" count="3" type="cond" truecount="2" falsecount="0"/>
      <line num="546" count="1" type="stmt"/>
      <line num="547" count="1" type="stmt"/>
      <line num="555" count="14" type="cond" truecount="1" falsecount="0"/>
      <line num="556" count="14" type="stmt"/>
      <line num="557" count="14" type="stmt"/>
      <line num="558" count="14" type="stmt"/>
      <line num="559" count="14" type="stmt"/>
      <line num="560" count="14" type="stmt"/>
      <line num="561" count="14" type="stmt"/>
      <line num="562" count="14" type="stmt"/>
      <line num="563" count="14" type="stmt"/>
      <line num="564" count="14" type="stmt"/>
      <line num="565" count="14" type="cond" truecount="2" falsecount="0"/>
      <line num="566" count="12" type="stmt"/>
      <line num="567" count="14" type="cond" truecount="1" falsecount="1"/>
      <line num="568" count="12" type="stmt"/>
      <line num="571" count="14" type="cond" truecount="2" falsecount="0"/>
      <line num="572" count="4" type="cond" truecount="1" falsecount="0"/>
      <line num="573" count="1" type="stmt"/>
      <line num="574" count="4" type="cond" truecount="1" falsecount="2"/>
      <line num="575" count="3" type="stmt"/>
      <line num="576" count="3" type="cond" truecount="1" falsecount="0"/>
      <line num="577" count="3" type="stmt"/>
      <line num="578" count="4" type="cond" truecount="1" falsecount="0"/>
      <line num="580" count="14" type="cond" truecount="1" falsecount="0"/>
      <line num="581" count="6" type="stmt"/>
      <line num="582" count="14" type="cond" truecount="1" falsecount="1"/>
      <line num="583" count="6" type="stmt"/>
      <line num="584" count="14" type="cond" truecount="1" falsecount="1"/>
      <line num="585" count="6" type="stmt"/>
      <line num="586" count="14" type="cond" truecount="1" falsecount="1"/>
      <line num="587" count="6" type="stmt"/>
      <line num="588" count="14" type="cond" truecount="1" falsecount="1"/>
      <line num="589" count="14" type="cond" truecount="2" falsecount="0"/>
      <line num="590" count="14" type="stmt"/>
      <line num="591" count="14" type="cond" truecount="4" falsecount="0"/>
      <line num="592" count="14" type="cond" truecount="1" falsecount="0"/>
      <line num="593" count="14" type="cond" truecount="3" falsecount="0"/>
      <line num="597" count="4" type="stmt"/>
      <line num="598" count="4" type="stmt"/>
      <line num="599" count="14" type="cond" truecount="2" falsecount="0"/>
      <line num="600" count="14" type="cond" truecount="0" falsecount="1"/>
      <line num="601" count="14" type="cond" truecount="1" falsecount="0"/>
      <line num="602" count="14" type="cond" truecount="1" falsecount="1"/>
      <line num="603" count="1" type="stmt"/>
      <line num="604" count="1" type="stmt"/>
      <line num="605" count="1" type="stmt"/>
      <line num="606" count="1" type="stmt"/>
      <line num="607" count="14" type="stmt"/>
      <line num="608" count="14" type="cond" truecount="1" falsecount="0"/>
      <line num="609" count="1" type="cond" truecount="0" falsecount="1"/>
      <line num="610" count="1" type="stmt"/>
      <line num="611" count="1" type="stmt"/>
      <line num="612" count="1" type="stmt"/>
      <line num="613" count="14" type="stmt"/>
      <line num="616" count="4" type="cond" truecount="1" falsecount="0"/>
      <line num="617" count="4" type="cond" truecount="0" falsecount="1"/>
      <line num="618" count="4" type="stmt"/>
      <line num="619" count="4" type="cond" truecount="1" falsecount="0"/>
      <line num="620" count="4" type="stmt"/>
      <line num="633" count="10" type="cond" truecount="1" falsecount="0"/>
      <line num="634" count="10" type="stmt"/>
      <line num="635" count="10" type="stmt"/>
      <line num="636" count="10" type="stmt"/>
      <line num="637" count="10" type="stmt"/>
      <line num="638" count="10" type="stmt"/>
      <line num="639" count="10" type="stmt"/>
      <line num="640" count="10" type="stmt"/>
      <line num="642" count="10" type="cond" truecount="2" falsecount="0"/>
      <line num="643" count="9" type="stmt"/>
      <line num="644" count="10" type="cond" truecount="2" falsecount="0"/>
      <line num="645" count="8" type="stmt"/>
      <line num="646" count="10" type="cond" truecount="1" falsecount="1"/>
      <line num="647" count="8" type="stmt"/>
      <line num="648" count="10" type="cond" truecount="1" falsecount="1"/>
      <line num="649" count="8" type="stmt"/>
      <line num="650" count="10" type="cond" truecount="1" falsecount="1"/>
      <line num="651" count="8" type="stmt"/>
      <line num="654" count="10" type="cond" truecount="1" falsecount="1"/>
      <line num="657" count="10" type="cond" truecount="2" falsecount="0"/>
      <line num="658" count="2" type="stmt"/>
      <line num="659" count="2" type="cond" truecount="0" falsecount="1"/>
      <line num="660" count="0" type="stmt"/>
      <line num="661" count="2" type="cond" truecount="0" falsecount="1"/>
      <line num="662" count="2" type="stmt"/>
      <line num="663" count="2" type="cond" truecount="0" falsecount="1"/>
      <line num="664" count="2" type="cond" truecount="0" falsecount="1"/>
      <line num="665" count="2" type="cond" truecount="1" falsecount="0"/>
      <line num="666" count="1" type="stmt"/>
      <line num="667" count="1" type="stmt"/>
      <line num="668" count="1" type="stmt"/>
      <line num="670" count="1" type="stmt"/>
      <line num="671" count="1" type="stmt"/>
      <line num="672" count="2" type="stmt"/>
      <line num="673" count="2" type="cond" truecount="1" falsecount="0"/>
      <line num="676" count="7" type="stmt"/>
      <line num="677" count="7" type="cond" truecount="1" falsecount="0"/>
      <line num="678" count="6" type="cond" truecount="2" falsecount="0"/>
      <line num="679" count="4" type="cond" truecount="1" falsecount="0"/>
      <line num="680" count="3" type="cond" truecount="1" falsecount="0"/>
      <line num="681" count="2" type="stmt"/>
      <line num="682" count="10" type="cond" truecount="1" falsecount="0"/>
      <line num="683" count="1" type="stmt"/>
      <line num="684" count="1" type="cond" truecount="1" falsecount="0"/>
      <line num="685" count="7" type="stmt"/>
      <line num="686" count="10" type="cond" truecount="0" falsecount="1"/>
      <line num="687" count="0" type="stmt"/>
      <line num="688" count="0" type="stmt"/>
      <line num="689" count="0" type="stmt"/>
      <line num="690" count="10" type="stmt"/>
      <line num="698" count="7" type="cond" truecount="1" falsecount="0"/>
      <line num="699" count="7" type="stmt"/>
      <line num="700" count="7" type="stmt"/>
      <line num="701" count="7" type="stmt"/>
      <line num="702" count="7" type="stmt"/>
      <line num="703" count="7" type="cond" truecount="2" falsecount="0"/>
      <line num="704" count="6" type="stmt"/>
      <line num="705" count="7" type="cond" truecount="3" falsecount="0"/>
      <line num="706" count="5" type="stmt"/>
      <line num="707" count="5" type="cond" truecount="1" falsecount="1"/>
      <line num="708" count="5" type="stmt"/>
      <line num="709" count="5" type="cond" truecount="2" falsecount="0"/>
      <line num="710" count="4" type="stmt"/>
      <line num="711" count="7" type="cond" truecount="1" falsecount="0"/>
      <line num="712" count="1" type="cond" truecount="0" falsecount="1"/>
      <line num="713" count="1" type="stmt"/>
      <line num="714" count="1" type="cond" truecount="1" falsecount="0"/>
      <line num="715" count="3" type="stmt"/>
      <line num="718" count="3" type="stmt"/>
      <line num="719" count="7" type="cond" truecount="0" falsecount="1"/>
      <line num="720" count="0" type="stmt"/>
      <line num="721" count="0" type="stmt"/>
      <line num="722" count="0" type="stmt"/>
      <line num="723" count="0" type="stmt"/>
      <line num="724" count="0" type="cond" truecount="1" falsecount="0"/>
      <line num="725" count="7" type="cond" truecount="0" falsecount="1"/>
      <line num="726" count="7" type="cond" truecount="2" falsecount="0"/>
      <line num="727" count="2" type="cond" truecount="0" falsecount="1"/>
      <line num="728" count="0" type="stmt"/>
      <line num="729" count="7" type="stmt"/>
      <line num="730" count="7" type="stmt"/>
      <line num="733" count="1" type="stmt"/>
      <line num="734" count="1" type="stmt"/>
      <line num="745" count="35" type="cond" truecount="1" falsecount="0"/>
      <line num="746" count="35" type="stmt"/>
      <line num="747" count="35" type="stmt"/>
      <line num="748" count="35" type="stmt"/>
      <line num="749" count="35" type="stmt"/>
      <line num="750" count="35" type="stmt"/>
      <line num="751" count="35" type="stmt"/>
      <line num="752" count="35" type="stmt"/>
      <line num="753" count="35" type="stmt"/>
      <line num="754" count="35" type="stmt"/>
      <line num="755" count="35" type="cond" truecount="3" falsecount="0"/>
      <line num="756" count="34" type="stmt"/>
      <line num="757" count="35" type="cond" truecount="2" falsecount="0"/>
      <line num="758" count="31" type="stmt"/>
      <line num="759" count="31" type="stmt"/>
      <line num="760" count="35" type="cond" truecount="2" falsecount="0"/>
      <line num="761" count="35" type="cond" truecount="0" falsecount="1"/>
      <line num="762" count="35" type="stmt"/>
      <line num="763" count="35" type="stmt"/>
      <line num="764" count="35" type="cond" truecount="1" falsecount="0"/>
      <line num="765" count="35" type="cond" truecount="0" falsecount="1"/>
      <line num="766" count="0" type="stmt"/>
      <line num="767" count="0" type="stmt"/>
      <line num="768" count="0" type="cond" truecount="1" falsecount="0"/>
      <line num="769" count="7" type="stmt"/>
      <line num="770" count="35" type="cond" truecount="1" falsecount="1"/>
      <line num="771" count="7" type="stmt"/>
      <line num="772" count="7" type="stmt"/>
      <line num="773" count="7" type="stmt"/>
      <line num="774" count="7" type="stmt"/>
      <line num="775" count="7" type="stmt"/>
      <line num="776" count="7" type="stmt"/>
      <line num="777" count="35" type="cond" truecount="0" falsecount="1"/>
      <line num="778" count="0" type="stmt"/>
      <line num="779" count="0" type="stmt"/>
      <line num="780" count="0" type="stmt"/>
      <line num="781" count="35" type="stmt"/>
      <line num="797" count="1" type="cond" truecount="1" falsecount="0"/>
      <line num="798" count="7" type="stmt"/>
      <line num="799" count="7" type="stmt"/>
      <line num="800" count="7" type="stmt"/>
      <line num="801" count="7" type="stmt"/>
      <line num="802" count="7" type="cond" truecount="0" falsecount="1"/>
      <line num="803" count="7" type="stmt"/>
      <line num="805" count="7" type="cond" truecount="2" falsecount="0"/>
      <line num="806" count="5" type="stmt"/>
      <line num="807" count="7" type="cond" truecount="1" falsecount="1"/>
      <line num="808" count="5" type="stmt"/>
      <line num="809" count="7" type="cond" truecount="2" falsecount="0"/>
      <line num="810" count="4" type="stmt"/>
      <line num="811" count="4" type="stmt"/>
      <line num="812" count="7" type="cond" truecount="0" falsecount="1"/>
      <line num="813" count="0" type="stmt"/>
      <line num="814" count="0" type="stmt"/>
      <line num="815" count="7" type="stmt"/>
      <line num="823" count="36" type="cond" truecount="1" falsecount="0"/>
      <line num="824" count="36" type="stmt"/>
      <line num="825" count="36" type="stmt"/>
      <line num="826" count="36" type="stmt"/>
      <line num="827" count="36" type="stmt"/>
      <line num="828" count="36" type="stmt"/>
      <line num="829" count="36" type="stmt"/>
      <line num="830" count="36" type="stmt"/>
      <line num="831" count="36" type="stmt"/>
      <line num="832" count="36" type="stmt"/>
      <line num="833" count="36" type="cond" truecount="3" falsecount="0"/>
      <line num="834" count="35" type="stmt"/>
      <line num="835" count="36" type="cond" truecount="2" falsecount="0"/>
      <line num="836" count="32" type="stmt"/>
      <line num="837" count="36" type="cond" truecount="2" falsecount="0"/>
      <line num="838" count="36" type="cond" truecount="0" falsecount="1"/>
      <line num="839" count="36" type="stmt"/>
      <line num="840" count="36" type="stmt"/>
      <line num="841" count="36" type="cond" truecount="1" falsecount="0"/>
      <line num="842" count="36" type="cond" truecount="1" falsecount="0"/>
      <line num="843" count="1" type="stmt"/>
      <line num="844" count="1" type="stmt"/>
      <line num="845" count="1" type="cond" truecount="1" falsecount="0"/>
      <line num="846" count="3" type="stmt"/>
      <line num="847" count="36" type="cond" truecount="1" falsecount="1"/>
      <line num="848" count="3" type="stmt"/>
      <line num="849" count="3" type="stmt"/>
      <line num="850" count="3" type="stmt"/>
      <line num="851" count="3" type="stmt"/>
      <line num="852" count="3" type="stmt"/>
      <line num="853" count="3" type="stmt"/>
      <line num="854" count="36" type="cond" truecount="0" falsecount="1"/>
      <line num="855" count="0" type="stmt"/>
      <line num="856" count="0" type="stmt"/>
      <line num="857" count="0" type="stmt"/>
      <line num="858" count="36" type="stmt"/>
      <line num="868" count="1" type="cond" truecount="1" falsecount="0"/>
      <line num="869" count="11" type="stmt"/>
      <line num="870" count="11" type="stmt"/>
      <line num="871" count="11" type="stmt"/>
      <line num="872" count="11" type="stmt"/>
      <line num="873" count="11" type="stmt"/>
      <line num="874" count="11" type="cond" truecount="0" falsecount="1"/>
      <line num="875" count="11" type="stmt"/>
      <line num="876" count="11" type="cond" truecount="0" falsecount="1"/>
      <line num="877" count="11" type="cond" truecount="3" falsecount="0"/>
      <line num="878" count="10" type="stmt"/>
      <line num="879" count="11" type="cond" truecount="2" falsecount="0"/>
      <line num="880" count="11" type="cond" truecount="2" falsecount="0"/>
      <line num="881" count="9" type="stmt"/>
      <line num="882" count="11" type="cond" truecount="1" falsecount="1"/>
      <line num="883" count="11" type="cond" truecount="0" falsecount="1"/>
      <line num="884" count="11" type="cond" truecount="1" falsecount="1"/>
      <line num="885" count="11" type="cond" truecount="1" falsecount="1"/>
      <line num="886" count="11" type="cond" truecount="0" falsecount="1"/>
      <line num="887" count="11" type="cond" truecount="2" falsecount="1"/>
      <line num="888" count="11" type="cond" truecount="2" falsecount="0"/>
      <line num="889" count="8" type="stmt"/>
      <line num="890" count="8" type="stmt"/>
      <line num="891" count="11" type="cond" truecount="0" falsecount="1"/>
      <line num="892" count="0" type="stmt"/>
      <line num="893" count="0" type="stmt"/>
      <line num="894" count="11" type="stmt"/>
      <line num="901" count="1" type="cond" truecount="1" falsecount="0"/>
      <line num="902" count="5" type="stmt"/>
      <line num="903" count="5" type="stmt"/>
      <line num="904" count="5" type="stmt"/>
      <line num="905" count="5" type="cond" truecount="2" falsecount="0"/>
      <line num="906" count="4" type="stmt"/>
      <line num="907" count="4" type="stmt"/>
      <line num="908" count="4" type="stmt"/>
      <line num="909" count="5" type="cond" truecount="1" falsecount="0"/>
      <line num="910" count="14" type="cond" truecount="1" falsecount="0"/>
      <line num="911" count="5" type="stmt"/>
      <line num="912" count="14" type="cond" truecount="1" falsecount="0"/>
      <line num="913" count="9" type="stmt"/>
      <line num="914" count="9" type="stmt"/>
      <line num="915" count="14" type="cond" truecount="1" falsecount="0"/>
      <line num="916" count="5" type="cond" truecount="2" falsecount="0"/>
      <line num="917" count="3" type="stmt"/>
      <line num="918" count="3" type="stmt"/>
      <line num="926" count="3" type="cond" truecount="1" falsecount="0"/>
      <line num="927" count="3" type="stmt"/>
      <line num="928" count="3" type="stmt"/>
      <line num="929" count="3" type="stmt"/>
      <line num="930" count="3" type="stmt"/>
      <line num="931" count="3" type="stmt"/>
      <line num="932" count="3" type="stmt"/>
      <line num="933" count="3" type="stmt"/>
      <line num="934" count="3" type="cond" truecount="2" falsecount="0"/>
      <line num="935" count="2" type="stmt"/>
      <line num="936" count="3" type="cond" truecount="2" falsecount="0"/>
      <line num="937" count="1" type="stmt"/>
      <line num="938" count="1" type="stmt"/>
      <line num="939" count="3" type="cond" truecount="0" falsecount="1"/>
      <line num="940" count="0" type="stmt"/>
      <line num="941" count="0" type="cond" truecount="1" falsecount="0"/>
      <line num="942" count="2" type="stmt"/>
      <line num="943" count="2" type="stmt"/>
      <line num="945" count="1" type="cond" truecount="1" falsecount="0"/>
      <line num="946" count="97" type="stmt"/>
      <line num="947" count="97" type="stmt"/>
      <line num="948" count="97" type="stmt"/>
      <line num="949" count="97" type="stmt"/>
      <line num="950" count="97" type="stmt"/>
      <line num="954" count="97" type="stmt"/>
      <line num="955" count="97" type="cond" truecount="1" falsecount="0"/>
      <line num="956" count="96" type="cond" truecount="1" falsecount="0"/>
      <line num="959" count="25" type="stmt"/>
      <line num="961" count="0" type="stmt"/>
      <line num="962" count="25" type="stmt"/>
      <line num="963" count="96" type="stmt"/>
      <line num="964" count="96" type="stmt"/>
      <line num="968" count="97" type="cond" truecount="1" falsecount="0"/>
      <line num="969" count="36" type="stmt"/>
      <line num="970" count="97" type="stmt"/>
      <line num="971" count="97" type="cond" truecount="1" falsecount="0"/>
      <line num="972" count="10" type="stmt"/>
      <line num="973" count="97" type="stmt"/>
      <line num="974" count="97" type="cond" truecount="1" falsecount="0"/>
      <line num="975" count="14" type="stmt"/>
      <line num="976" count="97" type="stmt"/>
      <line num="977" count="97" type="cond" truecount="1" falsecount="0"/>
      <line num="978" count="7" type="stmt"/>
      <line num="979" count="0" type="stmt"/>
      <line num="980" count="7" type="stmt"/>
      <line num="981" count="97" type="stmt"/>
      <line num="984" count="97" type="cond" truecount="1" falsecount="0"/>
      <line num="985" count="95" type="cond" truecount="1" falsecount="0"/>
      <line num="986" count="7" type="stmt"/>
      <line num="987" count="95" type="stmt"/>
      <line num="988" count="95" type="stmt"/>
      <line num="992" count="97" type="cond" truecount="1" falsecount="0"/>
      <line num="993" count="96" type="cond" truecount="1" falsecount="0"/>
      <line num="994" count="11" type="stmt"/>
      <line num="995" count="96" type="stmt"/>
      <line num="996" count="96" type="stmt"/>
      <line num="998" count="97" type="cond" truecount="1" falsecount="0"/>
      <line num="999" count="3" type="stmt"/>
      <line num="1000" count="97" type="stmt"/>
      <line num="1001" count="97" type="stmt"/>
    </file>
    <file name="index.ts" path="/home/arka/projects/dsh-graph-context/src/index.ts">
      <metrics statements="216" coveredstatements="201" conditionals="42" coveredconditionals="31" methods="11" coveredmethods="5"/>
      <line num="9" count="1" type="stmt"/>
      <line num="10" count="1" type="stmt"/>
      <line num="12" count="1" type="stmt"/>
      <line num="15" count="1" type="stmt"/>
      <line num="16" count="1" type="stmt"/>
      <line num="17" count="1" type="stmt"/>
      <line num="18" count="1" type="stmt"/>
      <line num="19" count="1" type="stmt"/>
      <line num="20" count="1" type="stmt"/>
      <line num="21" count="1" type="stmt"/>
      <line num="22" count="1" type="stmt"/>
      <line num="25" count="1" type="stmt"/>
      <line num="28" count="1" type="stmt"/>
      <line num="31" count="1" type="stmt"/>
      <line num="128" count="1" type="stmt"/>
      <line num="129" count="1" type="stmt"/>
      <line num="130" count="1" type="stmt"/>
      <line num="131" count="1" type="stmt"/>
      <line num="132" count="1" type="stmt"/>
      <line num="133" count="1" type="stmt"/>
      <line num="134" count="1" type="stmt"/>
      <line num="135" count="1" type="stmt"/>
      <line num="136" count="1" type="stmt"/>
      <line num="137" count="1" type="stmt"/>
      <line num="138" count="1" type="stmt"/>
      <line num="139" count="1" type="stmt"/>
      <line num="142" count="1" type="stmt"/>
      <line num="143" count="1" type="stmt"/>
      <line num="144" count="1" type="stmt"/>
      <line num="145" count="1" type="stmt"/>
      <line num="146" count="1" type="stmt"/>
      <line num="147" count="1" type="stmt"/>
      <line num="148" count="1" type="stmt"/>
      <line num="149" count="1" type="stmt"/>
      <line num="150" count="1" type="stmt"/>
      <line num="151" count="1" type="stmt"/>
      <line num="152" count="1" type="stmt"/>
      <line num="153" count="1" type="stmt"/>
      <line num="155" count="1" type="stmt"/>
      <line num="156" count="1" type="stmt"/>
      <line num="157" count="1" type="stmt"/>
      <line num="158" count="1" type="stmt"/>
      <line num="159" count="1" type="stmt"/>
      <line num="160" count="1" type="stmt"/>
      <line num="161" count="1" type="stmt"/>
      <line num="162" count="1" type="stmt"/>
      <line num="163" count="1" type="stmt"/>
      <line num="164" count="1" type="stmt"/>
      <line num="165" count="1" type="stmt"/>
      <line num="172" count="20" type="cond" truecount="1" falsecount="0"/>
      <line num="173" count="20" type="stmt"/>
      <line num="174" count="20" type="cond" truecount="0" falsecount="1"/>
      <line num="175" count="20" type="cond" truecount="1" falsecount="0"/>
      <line num="176" count="2" type="stmt"/>
      <line num="177" count="2" type="stmt"/>
      <line num="178" count="2" type="stmt"/>
      <line num="179" count="2" type="cond" truecount="0" falsecount="1"/>
      <line num="180" count="2" type="cond" truecount="2" falsecount="0"/>
      <line num="181" count="2" type="cond" truecount="0" falsecount="2"/>
      <line num="182" count="2" type="cond" truecount="0" falsecount="1"/>
      <line num="183" count="2" type="cond" truecount="0" falsecount="1"/>
      <line num="184" count="2" type="stmt"/>
      <line num="185" count="2" type="cond" truecount="1" falsecount="0"/>
      <line num="186" count="18" type="stmt"/>
      <line num="187" count="18" type="stmt"/>
      <line num="189" count="1" type="cond" truecount="1" falsecount="0"/>
      <line num="190" count="20" type="cond" truecount="1" falsecount="0"/>
      <line num="191" count="20" type="stmt"/>
      <line num="192" count="20" type="cond" truecount="1" falsecount="0"/>
      <line num="193" count="20" type="stmt"/>
      <line num="194" count="20" type="stmt"/>
      <line num="195" count="20" type="stmt"/>
      <line num="196" count="20" type="stmt"/>
      <line num="197" count="20" type="stmt"/>
      <line num="198" count="20" type="stmt"/>
      <line num="199" count="20" type="stmt"/>
      <line num="200" count="20" type="cond" truecount="0" falsecount="1"/>
      <line num="201" count="20" type="stmt"/>
      <line num="202" count="20" type="stmt"/>
      <line num="203" count="20" type="stmt"/>
      <line num="204" count="20" type="cond" truecount="1" falsecount="0"/>
      <line num="205" count="1" type="cond" truecount="3" falsecount="0"/>
      <line num="206" count="19" type="stmt"/>
      <line num="207" count="20" type="cond" truecount="3" falsecount="0"/>
      <line num="208" count="2" type="cond" truecount="1" falsecount="0"/>
      <line num="209" count="18" type="stmt"/>
      <line num="210" count="20" type="stmt"/>
      <line num="211" count="20" type="stmt"/>
      <line num="212" count="20" type="stmt"/>
      <line num="213" count="20" type="stmt"/>
      <line num="214" count="20" type="stmt"/>
      <line num="215" count="20" type="stmt"/>
      <line num="216" count="20" type="cond" truecount="1" falsecount="0"/>
      <line num="217" count="20" type="stmt"/>
      <line num="218" count="20" type="stmt"/>
      <line num="219" count="20" type="stmt"/>
      <line num="220" count="20" type="stmt"/>
      <line num="221" count="20" type="stmt"/>
      <line num="223" count="80" type="cond" truecount="1" falsecount="0"/>
      <line num="224" count="80" type="cond" truecount="2" falsecount="1"/>
      <line num="225" count="80" type="stmt"/>
      <line num="238" count="0" type="stmt"/>
      <line num="239" count="0" type="stmt"/>
      <line num="240" count="0" type="stmt"/>
      <line num="241" count="0" type="stmt"/>
      <line num="242" count="0" type="stmt"/>
      <line num="243" count="0" type="stmt"/>
      <line num="244" count="0" type="stmt"/>
      <line num="245" count="0" type="stmt"/>
      <line num="246" count="0" type="stmt"/>
      <line num="247" count="0" type="stmt"/>
      <line num="248" count="0" type="stmt"/>
      <line num="249" count="0" type="stmt"/>
      <line num="251" count="12" type="cond" truecount="1" falsecount="0"/>
      <line num="252" count="12" type="stmt"/>
      <line num="253" count="12" type="stmt"/>
      <line num="254" count="12" type="stmt"/>
      <line num="255" count="12" type="stmt"/>
      <line num="256" count="12" type="stmt"/>
      <line num="257" count="12" type="stmt"/>
      <line num="258" count="12" type="stmt"/>
      <line num="259" count="12" type="cond" truecount="1" falsecount="0"/>
      <line num="260" count="2" type="cond" truecount="1" falsecount="0"/>
      <line num="261" count="10" type="stmt"/>
      <line num="262" count="12" type="stmt"/>
      <line num="263" count="12" type="cond" truecount="2" falsecount="0"/>
      <line num="264" count="12" type="stmt"/>
      <line num="265" count="12" type="stmt"/>
      <line num="267" count="1" type="cond" truecount="1" falsecount="0"/>
      <line num="268" count="12" type="stmt"/>
      <line num="269" count="12" type="stmt"/>
      <line num="272" count="12" type="cond" truecount="1" falsecount="0"/>
      <line num="273" count="11" type="stmt"/>
      <line num="274" count="11" type="stmt"/>
      <line num="275" count="11" type="stmt"/>
      <line num="276" count="11" type="stmt"/>
      <line num="277" count="11" type="stmt"/>
      <line num="278" count="11" type="stmt"/>
      <line num="279" count="11" type="stmt"/>
      <line num="280" count="11" type="stmt"/>
      <line num="281" count="11" type="stmt"/>
      <line num="282" count="11" type="stmt"/>
      <line num="283" count="11" type="stmt"/>
[...]
      <line num="750" count="4" type="stmt"/>
      <line num="751" count="4" type="stmt"/>
      <line num="752" count="45" type="stmt"/>
      <line num="753" count="45" type="stmt"/>
      <line num="754" count="45" type="stmt"/>
      <line num="767" count="1" type="stmt"/>
      <line num="768" count="1" type="stmt"/>
      <line num="769" count="1" type="stmt"/>
      <line num="770" count="1" type="stmt"/>
      <line num="771" count="1" type="stmt"/>
      <line num="772" count="1" type="stmt"/>
      <line num="773" count="1" type="stmt"/>
      <line num="774" count="1" type="stmt"/>
      <line num="775" count="1" type="stmt"/>
      <line num="776" count="1" type="stmt"/>
      <line num="778" count="1" type="stmt"/>
      <line num="781" count="1" type="cond" truecount="1" falsecount="0"/>
      <line num="782" count="45" type="stmt"/>
      <line num="783" count="45" type="stmt"/>
      <line num="784" count="45" type="stmt"/>
      <line num="785" count="45" type="stmt"/>
      <line num="787" count="45" type="stmt"/>
      <line num="788" count="45" type="stmt"/>
      <line num="789" count="45" type="stmt"/>
      <line num="790" count="45" type="stmt"/>
      <line num="791" count="45" type="stmt"/>
      <line num="792" count="45" type="stmt"/>
      <line num="793" count="45" type="stmt"/>
      <line num="794" count="45" type="stmt"/>
      <line num="795" count="45" type="stmt"/>
      <line num="796" count="45" type="stmt"/>
      <line num="797" count="45" type="stmt"/>
      <line num="798" count="45" type="stmt"/>
      <line num="799" count="45" type="stmt"/>
      <line num="800" count="45" type="stmt"/>
      <line num="801" count="45" type="stmt"/>
      <line num="802" count="45" type="cond" truecount="1" falsecount="0"/>
      <line num="803" count="2" type="cond" truecount="0" falsecount="1"/>
      <line num="804" count="2" type="cond" truecount="0" falsecount="1"/>
      <line num="805" count="0" type="stmt"/>
      <line num="806" count="0" type="stmt"/>
      <line num="807" count="2" type="stmt"/>
      <line num="808" count="2" type="stmt"/>
      <line num="809" count="2" type="stmt"/>
      <line num="810" count="2" type="stmt"/>
      <line num="811" count="2" type="stmt"/>
      <line num="812" count="2" type="cond" truecount="0" falsecount="1"/>
      <line num="813" count="2" type="cond" truecount="0" falsecount="1"/>
      <line num="814" count="2" type="cond" truecount="0" falsecount="1"/>
      <line num="815" count="2" type="cond" truecount="0" falsecount="1"/>
      <line num="816" count="2" type="cond" truecount="0" falsecount="1"/>
      <line num="817" count="2" type="stmt"/>
      <line num="818" count="2" type="stmt"/>
      <line num="819" count="2" type="stmt"/>
      <line num="820" count="2" type="cond" truecount="0" falsecount="1"/>
      <line num="821" count="2" type="stmt"/>
      <line num="822" count="45" type="stmt"/>
      <line num="823" count="45" type="cond" truecount="1" falsecount="0"/>
      <line num="824" count="2" type="stmt"/>
      <line num="825" count="2" type="stmt"/>
      <line num="826" count="2" type="cond" truecount="1" falsecount="0"/>
      <line num="827" count="2" type="cond" truecount="1" falsecount="0"/>
      <line num="829" count="2" type="stmt"/>
      <line num="830" count="2" type="cond" truecount="0" falsecount="1"/>
      <line num="831" count="2" type="cond" truecount="0" falsecount="1"/>
      <line num="832" count="0" type="stmt"/>
      <line num="833" count="0" type="stmt"/>
      <line num="834" count="0" type="stmt"/>
      <line num="835" count="0" type="stmt"/>
      <line num="836" count="0" type="stmt"/>
      <line num="837" count="0" type="stmt"/>
      <line num="838" count="2" type="cond" truecount="1" falsecount="0"/>
      <line num="839" count="2" type="stmt"/>
      <line num="840" count="2" type="stmt"/>
      <line num="841" count="2" type="stmt"/>
      <line num="842" count="2" type="stmt"/>
      <line num="843" count="2" type="stmt"/>
      <line num="844" count="2" type="stmt"/>
      <line num="845" count="2" type="stmt"/>
      <line num="846" count="2" type="stmt"/>
      <line num="847" count="2" type="stmt"/>
      <line num="848" count="2" type="stmt"/>
      <line num="849" count="2" type="cond" truecount="0" falsecount="1"/>
      <line num="850" count="2" type="stmt"/>
      <line num="851" count="2" type="cond" truecount="0" falsecount="1"/>
      <line num="852" count="0" type="stmt"/>
      <line num="853" count="2" type="stmt"/>
      <line num="854" count="2" type="stmt"/>
      <line num="855" count="2" type="stmt"/>
      <line num="856" count="2" type="stmt"/>
      <line num="857" count="45" type="stmt"/>
      <line num="858" count="45" type="stmt"/>
      <line num="859" count="45" type="stmt"/>
      <line num="873" count="1" type="stmt"/>
      <line num="874" count="1" type="stmt"/>
      <line num="875" count="1" type="stmt"/>
      <line num="876" count="1" type="stmt"/>
      <line num="877" count="1" type="stmt"/>
      <line num="878" count="1" type="stmt"/>
      <line num="879" count="1" type="stmt"/>
      <line num="880" count="1" type="stmt"/>
      <line num="881" count="1" type="stmt"/>
      <line num="882" count="1" type="stmt"/>
      <line num="883" count="1" type="stmt"/>
      <line num="885" count="1" type="stmt"/>
      <line num="886" count="1" type="stmt"/>
      <line num="887" count="1" type="stmt"/>
      <line num="888" count="1" type="stmt"/>
      <line num="889" count="1" type="stmt"/>
      <line num="890" count="1" type="stmt"/>
      <line num="891" count="1" type="stmt"/>
      <line num="892" count="1" type="stmt"/>
      <line num="899" count="1" type="cond" truecount="1" falsecount="0"/>
      <line num="900" count="45" type="stmt"/>
      <line num="901" count="45" type="stmt"/>
      <line num="902" count="45" type="stmt"/>
      <line num="903" count="45" type="stmt"/>
      <line num="906" count="45" type="stmt"/>
      <line num="907" count="45" type="stmt"/>
      <line num="908" count="45" type="stmt"/>
      <line num="909" count="45" type="stmt"/>
      <line num="910" count="45" type="stmt"/>
      <line num="911" count="45" type="stmt"/>
      <line num="912" count="45" type="stmt"/>
      <line num="913" count="45" type="stmt"/>
      <line num="914" count="45" type="stmt"/>
      <line num="915" count="45" type="stmt"/>
      <line num="916" count="45" type="stmt"/>
      <line num="917" count="45" type="stmt"/>
      <line num="918" count="45" type="stmt"/>
      <line num="919" count="45" type="stmt"/>
      <line num="920" count="45" type="stmt"/>
      <line num="921" count="45" type="stmt"/>
      <line num="922" count="45" type="stmt"/>
      <line num="923" count="45" type="stmt"/>
      <line num="924" count="45" type="stmt"/>
      <line num="925" count="45" type="stmt"/>
      <line num="926" count="45" type="stmt"/>
      <line num="927" count="45" type="cond" truecount="1" falsecount="0"/>
      <line num="928" count="1" type="cond" truecount="0" falsecount="1"/>
      <line num="929" count="1" type="cond" truecount="0" falsecount="1"/>
      <line num="930" count="0" type="stmt"/>
      <line num="931" count="0" type="stmt"/>
      <line num="932" count="1" type="stmt"/>
      <line num="933" count="1" type="cond" truecount="0" falsecount="1"/>
      <line num="934" count="0" type="stmt"/>
      <line num="935" count="1" type="stmt"/>
      <line num="936" count="1" type="stmt"/>
      <line num="937" count="45" type="stmt"/>
      <line num="938" count="45" type="cond" truecount="1" falsecount="0"/>
      <line num="939" count="5" type="stmt"/>
      <line num="940" count="5" type="cond" truecount="3" falsecount="0"/>
      <line num="941" count="5" type="stmt"/>
      <line num="942" count="5" type="stmt"/>
      <line num="943" count="5" type="cond" truecount="1" falsecount="0"/>
      <line num="944" count="4" type="stmt"/>
      <line num="945" count="4" type="cond" truecount="2" falsecount="0"/>
      <line num="946" count="4" type="stmt"/>
      <line num="947" count="4" type="stmt"/>
      <line num="948" count="4" type="stmt"/>
      <line num="949" count="5" type="cond" truecount="1" falsecount="0"/>
      <line num="950" count="4" type="cond" truecount="1" falsecount="0"/>
      <line num="951" count="1" type="stmt"/>
      <line num="952" count="1" type="cond" truecount="1" falsecount="0"/>
      <line num="953" count="3" type="stmt"/>
      <line num="954" count="4" type="cond" truecount="0" falsecount="1"/>
      <line num="955" count="4" type="cond" truecount="1" falsecount="0"/>
      <line num="956" count="4" type="stmt"/>
      <line num="957" count="4" type="stmt"/>
      <line num="958" count="4" type="cond" truecount="1" falsecount="0"/>
      <line num="959" count="3" type="stmt"/>
      <line num="960" count="3" type="cond" truecount="0" falsecount="1"/>
      <line num="961" count="4" type="stmt"/>
      <line num="962" count="4" type="stmt"/>
      <line num="963" count="4" type="cond" truecount="2" falsecount="1"/>
      <line num="964" count="3" type="cond" truecount="0" falsecount="1"/>
      <line num="965" count="3" type="stmt"/>
      <line num="966" count="3" type="stmt"/>
      <line num="967" count="3" type="stmt"/>
      <line num="968" count="3" type="cond" truecount="0" falsecount="1"/>
      <line num="969" count="3" type="stmt"/>
      <line num="970" count="3" type="cond" truecount="0" falsecount="1"/>
      <line num="971" count="3" type="stmt"/>
      <line num="972" count="3" type="stmt"/>
      <line num="973" count="4" type="cond" truecount="1" falsecount="1"/>
      <line num="974" count="6" type="cond" truecount="0" falsecount="1"/>
      <line num="975" count="6" type="stmt"/>
      <line num="976" count="6" type="stmt"/>
      <line num="977" count="6" type="stmt"/>
      <line num="978" count="6" type="cond" truecount="0" falsecount="1"/>
      <line num="979" count="6" type="cond" truecount="0" falsecount="1"/>
      <line num="980" count="6" type="cond" truecount="0" falsecount="1"/>
      <line num="981" count="6" type="stmt"/>
      <line num="982" count="6" type="cond" truecount="0" falsecount="1"/>
      <line num="983" count="6" type="cond" truecount="1" falsecount="0"/>
      <line num="984" count="3" type="stmt"/>
      <line num="985" count="3" type="cond" truecount="0" falsecount="1"/>
      <line num="986" count="0" type="stmt"/>
      <line num="987" count="4" type="stmt"/>
      <line num="988" count="4" type="stmt"/>
      <line num="989" count="4" type="stmt"/>
      <line num="990" count="4" type="cond" truecount="1" falsecount="1"/>
      <line num="991" count="4" type="stmt"/>
      <line num="992" count="4" type="stmt"/>
      <line num="993" count="4" type="stmt"/>
      <line num="994" count="4" type="stmt"/>
      <line num="995" count="4" type="stmt"/>
      <line num="996" count="4" type="stmt"/>
      <line num="997" count="4" type="stmt"/>
      <line num="998" count="5" type="stmt"/>
      <line num="999" count="5" type="stmt"/>
      <line num="1000" count="5" type="stmt"/>
      <line num="1001" count="45" type="stmt"/>
      <line num="1002" count="45" type="stmt"/>
      <line num="1003" count="45" type="stmt"/>
      <line num="1014" count="1" type="stmt"/>
      <line num="1015" count="1" type="stmt"/>
      <line num="1016" count="1" type="stmt"/>
      <line num="1018" count="1" type="cond" truecount="1" falsecount="0"/>
      <line num="1019" count="10" type="stmt"/>
      <line num="1020" count="10" type="stmt"/>
      <line num="1021" count="10" type="stmt"/>
      <line num="1022" count="10" type="stmt"/>
      <line num="1027" count="10" type="stmt"/>
      <line num="1028" count="10" type="stmt"/>
      <line num="1029" count="10" type="stmt"/>
      <line num="1030" count="10" type="stmt"/>
      <line num="1031" count="10" type="stmt"/>
      <line num="1032" count="10" type="stmt"/>
      <line num="1033" count="10" type="stmt"/>
      <line num="1034" count="10" type="stmt"/>
      <line num="1035" count="10" type="stmt"/>
      <line num="1036" count="10" type="stmt"/>
      <line num="1037" count="10" type="stmt"/>
      <line num="1038" count="10" type="stmt"/>
      <line num="1039" count="10" type="stmt"/>
      <line num="1040" count="0" type="stmt"/>
      <line num="1041" count="0" type="stmt"/>
      <line num="1042" count="0" type="stmt"/>
      <line num="1043" count="0" type="stmt"/>
      <line num="1044" count="0" type="stmt"/>
      <line num="1045" count="0" type="stmt"/>
      <line num="1046" count="10" type="stmt"/>
      <line num="1047" count="10" type="stmt"/>
      <line num="1048" count="10" type="cond" truecount="1" falsecount="0"/>
      <line num="1049" count="7" type="stmt"/>
      <line num="1050" count="7" type="cond" truecount="0" falsecount="1"/>
      <line num="1051" count="0" type="stmt"/>
      <line num="1052" count="0" type="stmt"/>
      <line num="1053" count="7" type="stmt"/>
      <line num="1054" count="7" type="cond" truecount="1" falsecount="0"/>
      <line num="1055" count="1" type="stmt"/>
      <line num="1056" count="1" type="cond" truecount="1" falsecount="0"/>
      <line num="1057" count="6" type="cond" truecount="1" falsecount="0"/>
      <line num="1058" count="4" type="cond" truecount="1" falsecount="0"/>
      <line num="1059" count="2" type="stmt"/>
      <line num="1060" count="2" type="cond" truecount="1" falsecount="1"/>
      <line num="1061" count="0" type="stmt"/>
      <line num="1062" count="7" type="cond" truecount="1" falsecount="0"/>
      <line num="1063" count="1" type="stmt"/>
      <line num="1064" count="1" type="stmt"/>
      <line num="1065" count="1" type="stmt"/>
      <line num="1066" count="1" type="stmt"/>
      <line num="1067" count="1" type="stmt"/>
      <line num="1068" count="1" type="cond" truecount="1" falsecount="0"/>
      <line num="1069" count="5" type="stmt"/>
      <line num="1070" count="7" type="cond" truecount="2" falsecount="0"/>
      <line num="1071" count="1" type="stmt"/>
      <line num="1072" count="1" type="cond" truecount="1" falsecount="0"/>
      <line num="1073" count="7" type="cond" truecount="0" falsecount="1"/>
      <line num="1074" count="7" type="stmt"/>
      <line num="1075" count="7" type="stmt"/>
      <line num="1076" count="7" type="cond" truecount="1" falsecount="0"/>
      <line num="1077" count="4" type="stmt"/>
      <line num="1078" count="4" type="stmt"/>
      <line num="1079" count="4" type="stmt"/>
      <line num="1080" count="4" type="stmt"/>
      <line num="1081" count="4" type="stmt"/>
      <line num="1082" count="4" type="stmt"/>
      <line num="1083" count="4" type="stmt"/>
      <line num="1084" count="4" type="cond" truecount="0" falsecount="1"/>
      <line num="1085" count="4" type="cond" truecount="0" falsecount="1"/>
      <line num="1086" count="4" type="stmt"/>
      <line num="1087" count="4" type="stmt"/>
      <line num="1088" count="4" type="stmt"/>
      <line num="1089" count="4" type="stmt"/>
      <line num="1090" count="4" type="cond" truecount="1" falsecount="0"/>
      <line num="1091" count="7" type="cond" truecount="0" falsecount="1"/>
      <line num="1092" count="0" type="stmt"/>
      <line num="1093" count="0" type="cond" truecount="1" falsecount="0"/>
      <line num="1094" count="7" type="cond" truecount="1" falsecount="0"/>
      <line num="1095" count="1" type="stmt"/>
      <line num="1096" count="1" type="stmt"/>
      <line num="1097" count="1" type="stmt"/>
      <line num="1098" count="1" type="stmt"/>
      <line num="1099" count="1" type="cond" truecount="0" falsecount="1"/>
      <line num="1100" count="1" type="stmt"/>
      <line num="1101" count="1" type="cond" truecount="1" falsecount="0"/>
      <line num="1102" count="2" type="stmt"/>
      <line num="1103" count="2" type="stmt"/>
      <line num="1104" count="2" type="stmt"/>
      <line num="1105" count="7" type="cond" truecount="0" falsecount="1"/>
      <line num="1106" count="7" type="stmt"/>
      <line num="1107" count="7" type="cond" truecount="1" falsecount="0"/>
      <line num="1108" count="1" type="stmt"/>
      <line num="1109" count="1" type="cond" truecount="0" falsecount="1"/>
      <line num="1110" count="1" type="cond" truecount="0" falsecount="1"/>
      <line num="1111" count="0" type="stmt"/>
      <line num="1112" count="0" type="stmt"/>
      <line num="1113" count="0" type="stmt"/>
      <line num="1114" count="1" type="cond" truecount="0" falsecount="1"/>
      <line num="1115" count="1" type="stmt"/>
      <line num="1116" count="1" type="stmt"/>
      <line num="1117" count="7" type="stmt"/>
      <line num="1118" count="10" type="stmt"/>
      <line num="1119" count="10" type="stmt"/>
      <line num="1133" count="1" type="stmt"/>
      <line num="1136" count="1" type="cond" truecount="1" falsecount="0"/>
      <line num="1137" count="45" type="stmt"/>
      <line num="1138" count="45" type="stmt"/>
      <line num="1139" count="45" type="stmt"/>
      <line num="1140" count="45" type="stmt"/>
      <line num="1141" count="45" type="stmt"/>
      <line num="1142" count="45" type="stmt"/>
      <line num="1143" count="45" type="stmt"/>
      <line num="1144" count="45" type="stmt"/>
      <line num="1145" count="45" type="cond" truecount="3" falsecount="0"/>
      <line num="1146" count="45" type="stmt"/>
      <line num="1147" count="45" type="stmt"/>
    </file>
    <file name="watcher.ts" path="/home/arka/projects/dsh-graph-context/src/watcher.ts">
      <metrics statements="40" coveredstatements="36" conditionals="15" coveredconditionals="10" methods="5" coveredmethods="4"/>
      <line num="15" count="1" type="stmt"/>
      <line num="16" count="1" type="stmt"/>
      <line num="20" count="1" type="stmt"/>
      <line num="21" count="1" type="stmt"/>
      <line num="22" count="1" type="stmt"/>
      <line num="23" count="1" type="stmt"/>
      <line num="24" count="1" type="stmt"/>
      <line num="25" count="1" type="stmt"/>
      <line num="27" count="24" type="cond" truecount="1" falsecount="0"/>
      <line num="28" count="24" type="cond" truecount="1" falsecount="0"/>
      <line num="29" count="24" type="stmt"/>
      <line num="36" count="1" type="cond" truecount="1" falsecount="0"/>
      <line num="37" count="2" type="stmt"/>
      <line num="38" count="2" type="stmt"/>
      <line num="39" count="2" type="stmt"/>
      <line num="40" count="2" type="cond" truecount="1" falsecount="0"/>
      <line num="41" count="2" type="stmt"/>
      <line num="42" count="2" type="stmt"/>
      <line num="43" count="2" type="stmt"/>
      <line num="44" count="2" type="stmt"/>
      <line num="45" count="2" type="cond" truecount="1" falsecount="0"/>
      <line num="46" count="24" type="cond" truecount="2" falsecount="0"/>
      <line num="47" count="24" type="stmt"/>
      <line num="48" count="24" type="stmt"/>
      <line num="49" count="2" type="stmt"/>
      <line num="50" count="2" type="cond" truecount="0" falsecount="1"/>
      <line num="51" count="0" type="stmt"/>
      <line num="52" count="0" type="stmt"/>
      <line num="53" count="0" type="stmt"/>
      <line num="54" count="2" type="cond" truecount="1" falsecount="0"/>
      <line num="55" count="2" type="cond" truecount="1" falsecount="2"/>
      <line num="56" count="2" type="cond" truecount="0" falsecount="1"/>
      <line num="57" count="2" type="stmt"/>
      <line num="58" count="2" type="stmt"/>
      <line num="59" count="2" type="cond" truecount="0" falsecount="1"/>
      <line num="61" count="0" type="stmt"/>
      <line num="62" count="2" type="stmt"/>
      <line num="63" count="2" type="cond" truecount="1" falsecount="0"/>
      <line num="64" count="2" type="stmt"/>
      <line num="65" count="2" type="stmt"/>
    </file>
  </project>
</coverage>
