{"/home/arka/projects/dsh-graph-context/src/cli.ts": {"path":"/home/arka/projects/dsh-graph-context/src/cli.ts","all":false,"statementMap":{"9":{"start":{"line":10,"column":0},"end":{"line":10,"column":42}},"10":{"start":{"line":11,"column":0},"end":{"line":11,"column":57}},"11":{"start":{"line":12,"column":0},"end":{"line":12,"column":55}},"21":{"start":{"line":22,"column":0},"end":{"line":22,"column":39}},"22":{"start":{"line":23,"column":0},"end":{"line":23,"column":14}},"23":{"start":{"line":24,"column":0},"end":{"line":24,"column":34}},"24":{"start":{"line":25,"column":0},"end":{"line":25,"column":20}},"25":{"start":{"line":26,"column":0},"end":{"line":26,"column":27}},"26":{"start":{"line":27,"column":0},"end":{"line":27,"column":31}},"27":{"start":{"line":28,"column":0},"end":{"line":28,"column":5}},"28":{"start":{"line":29,"column":0},"end":{"line":29,"column":18}},"29":{"start":{"line":30,"column":0},"end":{"line":30,"column":28}},"30":{"start":{"line":31,"column":0},"end":{"line":31,"column":3}},"31":{"start":{"line":32,"column":0},"end":{"line":32,"column":1}},"61":{"start":{"line":62,"column":0},"end":{"line":62,"column":57}},"62":{"start":{"line":63,"column":0},"end":{"line":63,"column":7}},"63":{"start":{"line":64,"column":0},"end":{"line":64,"column":84}},"64":{"start":{"line":65,"column":0},"end":{"line":65,"column":11}},"65":{"start":{"line":66,"column":0},"end":{"line":66,"column":16}},"66":{"start":{"line":67,"column":0},"end":{"line":67,"column":3}},"67":{"start":{"line":68,"column":0},"end":{"line":68,"column":1}},"70":{"start":{"line":71,"column":0},"end":{"line":71,"column":100}},"71":{"start":{"line":72,"column":0},"end":{"line":72,"column":34}},"72":{"start":{"line":73,"column":0},"end":{"line":73,"column":49}},"73":{"start":{"line":74,"column":0},"end":{"line":74,"column":28}},"74":{"start":{"line":75,"column":0},"end":{"line":75,"column":73}},"75":{"start":{"line":76,"column":0},"end":{"line":76,"column":53}},"76":{"start":{"line":77,"column":0},"end":{"line":77,"column":3}},"77":{"start":{"line":78,"column":0},"end":{"line":78,"column":18}},"78":{"start":{"line":79,"column":0},"end":{"line":79,"column":1}},"88":{"start":{"line":89,"column":0},"end":{"line":89,"column":32}},"89":{"start":{"line":90,"column":0},"end":{"line":90,"column":33}},"90":{"start":{"line":91,"column":0},"end":{"line":91,"column":39}},"91":{"start":{"line":92,"column":0},"end":{"line":92,"column":31}},"92":{"start":{"line":93,"column":0},"end":{"line":93,"column":93}},"93":{"start":{"line":94,"column":0},"end":{"line":94,"column":50}},"94":{"start":{"line":95,"column":0},"end":{"line":95,"column":67}},"95":{"start":{"line":96,"column":0},"end":{"line":96,"column":59}},"96":{"start":{"line":97,"column":0},"end":{"line":97,"column":33}},"97":{"start":{"line":98,"column":0},"end":{"line":98,"column":76}},"98":{"start":{"line":99,"column":0},"end":{"line":99,"column":3}},"99":{"start":{"line":100,"column":0},"end":{"line":100,"column":41}},"100":{"start":{"line":101,"column":0},"end":{"line":101,"column":76}},"101":{"start":{"line":102,"column":0},"end":{"line":102,"column":36}},"102":{"start":{"line":103,"column":0},"end":{"line":103,"column":92}},"103":{"start":{"line":104,"column":0},"end":{"line":104,"column":18}},"104":{"start":{"line":105,"column":0},"end":{"line":105,"column":1}},"111":{"start":{"line":112,"column":0},"end":{"line":112,"column":82}},"112":{"start":{"line":113,"column":0},"end":{"line":113,"column":34}},"113":{"start":{"line":114,"column":0},"end":{"line":114,"column":33}},"114":{"start":{"line":115,"column":0},"end":{"line":115,"column":22}},"115":{"start":{"line":116,"column":0},"end":{"line":116,"column":3}},"116":{"start":{"line":117,"column":0},"end":{"line":117,"column":65}},"117":{"start":{"line":118,"column":0},"end":{"line":118,"column":86}},"118":{"start":{"line":119,"column":0},"end":{"line":119,"column":37}},"119":{"start":{"line":120,"column":0},"end":{"line":120,"column":1}},"128":{"start":{"line":129,"column":0},"end":{"line":129,"column":106}},"129":{"start":{"line":130,"column":0},"end":{"line":130,"column":43}},"130":{"start":{"line":131,"column":0},"end":{"line":131,"column":55}},"131":{"start":{"line":132,"column":0},"end":{"line":132,"column":33}},"132":{"start":{"line":133,"column":0},"end":{"line":133,"column":100}},"133":{"start":{"line":134,"column":0},"end":{"line":134,"column":12}},"134":{"start":{"line":135,"column":0},"end":{"line":135,"column":5}},"136":{"start":{"line":137,"column":0},"end":{"line":137,"column":39}},"137":{"start":{"line":138,"column":0},"end":{"line":138,"column":9}},"141":{"start":{"line":142,"column":0},"end":{"line":142,"column":65}},"142":{"start":{"line":143,"column":0},"end":{"line":143,"column":25}},"143":{"start":{"line":144,"column":0},"end":{"line":144,"column":45}},"144":{"start":{"line":145,"column":0},"end":{"line":145,"column":42}},"145":{"start":{"line":146,"column":0},"end":{"line":146,"column":23}},"146":{"start":{"line":147,"column":0},"end":{"line":147,"column":8}},"147":{"start":{"line":148,"column":0},"end":{"line":148,"column":21}},"148":{"start":{"line":149,"column":0},"end":{"line":149,"column":125}},"149":{"start":{"line":150,"column":0},"end":{"line":150,"column":12}},"150":{"start":{"line":151,"column":0},"end":{"line":151,"column":5}},"151":{"start":{"line":152,"column":0},"end":{"line":152,"column":56}},"152":{"start":{"line":153,"column":0},"end":{"line":153,"column":27}},"153":{"start":{"line":154,"column":0},"end":{"line":154,"column":41}},"154":{"start":{"line":155,"column":0},"end":{"line":155,"column":13}},"155":{"start":{"line":156,"column":0},"end":{"line":156,"column":36}},"156":{"start":{"line":157,"column":0},"end":{"line":157,"column":16}},"157":{"start":{"line":158,"column":0},"end":{"line":158,"column":17}},"159":{"start":{"line":160,"column":0},"end":{"line":160,"column":9}},"160":{"start":{"line":161,"column":0},"end":{"line":161,"column":7}},"161":{"start":{"line":162,"column":0},"end":{"line":162,"column":11}},"162":{"start":{"line":163,"column":0},"end":{"line":163,"column":26}},"163":{"start":{"line":164,"column":0},"end":{"line":164,"column":15}},"165":{"start":{"line":166,"column":0},"end":{"line":166,"column":7}},"166":{"start":{"line":167,"column":0},"end":{"line":167,"column":5}},"168":{"start":{"line":169,"column":0},"end":{"line":169,"column":19}},"169":{"start":{"line":170,"column":0},"end":{"line":170,"column":19}},"170":{"start":{"line":171,"column":0},"end":{"line":171,"column":24}},"171":{"start":{"line":172,"column":0},"end":{"line":172,"column":25}},"172":{"start":{"line":173,"column":0},"end":{"line":173,"column":23}},"174":{"start":{"line":175,"column":0},"end":{"line":175,"column":36}},"175":{"start":{"line":176,"column":0},"end":{"line":176,"column":21}},"176":{"start":{"line":177,"column":0},"end":{"line":177,"column":25}},"177":{"start":{"line":178,"column":0},"end":{"line":178,"column":25}},"179":{"start":{"line":180,"column":0},"end":{"line":180,"column":33}},"180":{"start":{"line":181,"column":0},"end":{"line":181,"column":22}},"181":{"start":{"line":182,"column":0},"end":{"line":182,"column":25}},"182":{"start":{"line":183,"column":0},"end":{"line":183,"column":5}},"183":{"start":{"line":184,"column":0},"end":{"line":184,"column":39}},"184":{"start":{"line":185,"column":0},"end":{"line":185,"column":43}},"185":{"start":{"line":186,"column":0},"end":{"line":186,"column":76}},"186":{"start":{"line":187,"column":0},"end":{"line":187,"column":5}},"188":{"start":{"line":189,"column":0},"end":{"line":189,"column":50}},"189":{"start":{"line":190,"column":0},"end":{"line":190,"column":25}},"190":{"start":{"line":191,"column":0},"end":{"line":191,"column":20}},"191":{"start":{"line":192,"column":0},"end":{"line":192,"column":25}},"192":{"start":{"line":193,"column":0},"end":{"line":193,"column":92}},"193":{"start":{"line":194,"column":0},"end":{"line":194,"column":14}},"194":{"start":{"line":195,"column":0},"end":{"line":195,"column":5}},"196":{"start":{"line":197,"column":0},"end":{"line":197,"column":32}},"197":{"start":{"line":198,"column":0},"end":{"line":198,"column":50}},"198":{"start":{"line":199,"column":0},"end":{"line":199,"column":23}},"199":{"start":{"line":200,"column":0},"end":{"line":200,"column":8}},"200":{"start":{"line":201,"column":0},"end":{"line":201,"column":5}},"201":{"start":{"line":202,"column":0},"end":{"line":202,"column":32}},"202":{"start":{"line":203,"column":0},"end":{"line":203,"column":50}},"203":{"start":{"line":204,"column":0},"end":{"line":204,"column":23}},"204":{"start":{"line":205,"column":0},"end":{"line":205,"column":8}},"205":{"start":{"line":206,"column":0},"end":{"line":206,"column":5}},"206":{"start":{"line":207,"column":0},"end":{"line":207,"column":57}},"207":{"start":{"line":208,"column":0},"end":{"line":208,"column":20}},"208":{"start":{"line":209,"column":0},"end":{"line":209,"column":38}},"209":{"start":{"line":210,"column":0},"end":{"line":210,"column":104}},"210":{"start":{"line":211,"column":0},"end":{"line":211,"column":16}},"211":{"start":{"line":212,"column":0},"end":{"line":212,"column":87}},"212":{"start":{"line":213,"column":0},"end":{"line":213,"column":9}},"213":{"start":{"line":214,"column":0},"end":{"line":214,"column":8}},"214":{"start":{"line":215,"column":0},"end":{"line":215,"column":6}},"215":{"start":{"line":216,"column":0},"end":{"line":216,"column":33}},"216":{"start":{"line":217,"column":0},"end":{"line":217,"column":20}},"217":{"start":{"line":218,"column":0},"end":{"line":218,"column":23}},"218":{"start":{"line":219,"column":0},"end":{"line":219,"column":32}},"219":{"start":{"line":220,"column":0},"end":{"line":220,"column":28}},"220":{"start":{"line":221,"column":0},"end":{"line":221,"column":76}},"221":{"start":{"line":222,"column":0},"end":{"line":222,"column":22}},"222":{"start":{"line":223,"column":0},"end":{"line":223,"column":30}},"223":{"start":{"line":224,"column":0},"end":{"line":224,"column":12}},"224":{"start":{"line":225,"column":0},"end":{"line":225,"column":16}},"225":{"start":{"line":226,"column":0},"end":{"line":226,"column":9}},"226":{"start":{"line":227,"column":0},"end":{"line":227,"column":24}},"227":{"start":{"line":228,"column":0},"end":{"line":228,"column":112}},"228":{"start":{"line":229,"column":0},"end":{"line":229,"column":16}},"229":{"start":{"line":230,"column":0},"end":{"line":230,"column":9}},"230":{"start":{"line":231,"column":0},"end":{"line":231,"column":77}},"231":{"start":{"line":232,"column":0},"end":{"line":232,"column":8}},"232":{"start":{"line":233,"column":0},"end":{"line":233,"column":6}},"233":{"start":{"line":234,"column":0},"end":{"line":234,"column":4}},"234":{"start":{"line":235,"column":0},"end":{"line":235,"column":1}},"241":{"start":{"line":242,"column":0},"end":{"line":242,"column":57}},"242":{"start":{"line":243,"column":0},"end":{"line":243,"column":31}},"243":{"start":{"line":244,"column":0},"end":{"line":244,"column":88}},"244":{"start":{"line":245,"column":0},"end":{"line":245,"column":7}},"245":{"start":{"line":246,"column":0},"end":{"line":246,"column":30}},"246":{"start":{"line":247,"column":0},"end":{"line":247,"column":11}},"248":{"start":{"line":249,"column":0},"end":{"line":249,"column":3}},"252":{"start":{"line":253,"column":0},"end":{"line":253,"column":30}},"253":{"start":{"line":254,"column":0},"end":{"line":254,"column":35}},"254":{"start":{"line":255,"column":0},"end":{"line":255,"column":54}},"255":{"start":{"line":256,"column":0},"end":{"line":256,"column":63}},"256":{"start":{"line":257,"column":0},"end":{"line":257,"column":49}},"257":{"start":{"line":258,"column":0},"end":{"line":258,"column":3}},"258":{"start":{"line":259,"column":0},"end":{"line":259,"column":74}},"259":{"start":{"line":260,"column":0},"end":{"line":260,"column":1}},"263":{"start":{"line":264,"column":0},"end":{"line":264,"column":68}},"264":{"start":{"line":265,"column":0},"end":{"line":265,"column":33}},"265":{"start":{"line":266,"column":0},"end":{"line":266,"column":40}},"266":{"start":{"line":267,"column":0},"end":{"line":267,"column":15}},"267":{"start":{"line":268,"column":0},"end":{"line":268,"column":22}},"268":{"start":{"line":269,"column":0},"end":{"line":269,"column":21}},"269":{"start":{"line":270,"column":0},"end":{"line":270,"column":48}},"270":{"start":{"line":271,"column":0},"end":{"line":271,"column":29}},"271":{"start":{"line":272,"column":0},"end":{"line":272,"column":19}},"272":{"start":{"line":273,"column":0},"end":{"line":273,"column":34}},"273":{"start":{"line":274,"column":0},"end":{"line":274,"column":42}},"274":{"start":{"line":275,"column":0},"end":{"line":275,"column":43}},"275":{"start":{"line":276,"column":0},"end":{"line":276,"column":14}},"276":{"start":{"line":277,"column":0},"end":{"line":277,"column":5}},"277":{"start":{"line":278,"column":0},"end":{"line":278,"column":35}},"278":{"start":{"line":279,"column":0},"end":{"line":279,"column":36}},"279":{"start":{"line":280,"column":0},"end":{"line":280,"column":28}},"280":{"start":{"line":281,"column":0},"end":{"line":281,"column":16}},"281":{"start":{"line":282,"column":0},"end":{"line":282,"column":24}},"282":{"start":{"line":283,"column":0},"end":{"line":283,"column":13}},"283":{"start":{"line":284,"column":0},"end":{"line":284,"column":53}},"284":{"start":{"line":285,"column":0},"end":{"line":285,"column":17}},"285":{"start":{"line":286,"column":0},"end":{"line":286,"column":26}},"286":{"start":{"line":287,"column":0},"end":{"line":287,"column":9}},"287":{"start":{"line":288,"column":0},"end":{"line":288,"column":7}},"288":{"start":{"line":289,"column":0},"end":{"line":289,"column":5}},"289":{"start":{"line":290,"column":0},"end":{"line":290,"column":3}},"290":{"start":{"line":291,"column":0},"end":{"line":291,"column":18}},"291":{"start":{"line":292,"column":0},"end":{"line":292,"column":1}},"300":{"start":{"line":301,"column":0},"end":{"line":301,"column":48}},"301":{"start":{"line":302,"column":0},"end":{"line":302,"column":26}},"302":{"start":{"line":303,"column":0},"end":{"line":303,"column":29}},"303":{"start":{"line":304,"column":0},"end":{"line":304,"column":32}},"304":{"start":{"line":305,"column":0},"end":{"line":305,"column":46}},"305":{"start":{"line":306,"column":0},"end":{"line":306,"column":19}},"306":{"start":{"line":307,"column":0},"end":{"line":307,"column":7}},"307":{"start":{"line":308,"column":0},"end":{"line":308,"column":40}},"308":{"start":{"line":309,"column":0},"end":{"line":309,"column":19}},"309":{"start":{"line":310,"column":0},"end":{"line":310,"column":38}},"310":{"start":{"line":311,"column":0},"end":{"line":311,"column":107}},"311":{"start":{"line":312,"column":0},"end":{"line":312,"column":5}},"312":{"start":{"line":313,"column":0},"end":{"line":313,"column":15}},"313":{"start":{"line":314,"column":0},"end":{"line":314,"column":3}},"314":{"start":{"line":315,"column":0},"end":{"line":315,"column":55}},"315":{"start":{"line":316,"column":0},"end":{"line":316,"column":1}},"330":{"start":{"line":331,"column":0},"end":{"line":331,"column":35}},"331":{"start":{"line":332,"column":0},"end":{"line":332,"column":19}},"332":{"start":{"line":333,"column":0},"end":{"line":333,"column":58}},"333":{"start":{"line":334,"column":0},"end":{"line":334,"column":24}},"334":{"start":{"line":335,"column":0},"end":{"line":335,"column":53}},"335":{"start":{"line":336,"column":0},"end":{"line":336,"column":31}},"336":{"start":{"line":337,"column":0},"end":{"line":337,"column":70}},"337":{"start":{"line":338,"column":0},"end":{"line":338,"column":3}},"338":{"start":{"line":339,"column":0},"end":{"line":339,"column":7}},"339":{"start":{"line":340,"column":0},"end":{"line":340,"column":79}},"340":{"start":{"line":341,"column":0},"end":{"line":341,"column":20}},"341":{"start":{"line":342,"column":0},"end":{"line":342,"column":27}},"342":{"start":{"line":343,"column":0},"end":{"line":343,"column":44}},"343":{"start":{"line":344,"column":0},"end":{"line":344,"column":21}},"344":{"start":{"line":345,"column":0},"end":{"line":345,"column":6}},"348":{"start":{"line":349,"column":0},"end":{"line":349,"column":36}},"349":{"start":{"line":350,"column":0},"end":{"line":350,"column":11}},"350":{"start":{"line":351,"column":0},"end":{"line":351,"column":29}},"351":{"start":{"line":352,"column":0},"end":{"line":352,"column":15}},"353":{"start":{"line":354,"column":0},"end":{"line":354,"column":7}},"354":{"start":{"line":355,"column":0},"end":{"line":355,"column":30}},"355":{"start":{"line":356,"column":0},"end":{"line":356,"column":51}},"356":{"start":{"line":357,"column":0},"end":{"line":357,"column":31}},"357":{"start":{"line":358,"column":0},"end":{"line":358,"column":27}},"358":{"start":{"line":359,"column":0},"end":{"line":359,"column":17}},"359":{"start":{"line":360,"column":0},"end":{"line":360,"column":8}},"360":{"start":{"line":361,"column":0},"end":{"line":361,"column":31}},"362":{"start":{"line":363,"column":0},"end":{"line":363,"column":27}},"363":{"start":{"line":364,"column":0},"end":{"line":364,"column":17}},"364":{"start":{"line":365,"column":0},"end":{"line":365,"column":8}},"365":{"start":{"line":366,"column":0},"end":{"line":366,"column":6}},"366":{"start":{"line":367,"column":0},"end":{"line":367,"column":17}},"367":{"start":{"line":368,"column":0},"end":{"line":368,"column":37}},"368":{"start":{"line":369,"column":0},"end":{"line":369,"column":19}},"369":{"start":{"line":370,"column":0},"end":{"line":370,"column":107}},"370":{"start":{"line":371,"column":0},"end":{"line":371,"column":3}},"371":{"start":{"line":372,"column":0},"end":{"line":372,"column":1}}},"s":{"9":1,"10":1,"11":1,"21":1,"22":15,"23":15,"24":15,"25":15,"26":15,"27":15,"28":15,"29":15,"30":15,"31":15,"61":1,"62":27,"63":27,"64":27,"65":15,"66":15,"67":27,"70":1,"71":9,"72":9,"73":19,"74":19,"75":19,"76":19,"77":3,"78":3,"88":1,"89":12,"90":12,"91":12,"92":12,"93":12,"94":10,"95":8,"96":2,"97":10,"98":10,"99":4,"100":12,"101":2,"102":12,"103":1,"104":1,"111":1,"112":7,"113":7,"114":7,"115":7,"116":7,"117":7,"118":7,"119":7,"128":1,"129":6,"130":6,"131":6,"132":0,"133":0,"134":0,"136":6,"137":6,"141":6,"142":6,"143":6,"144":6,"145":6,"146":6,"147":6,"148":0,"149":0,"150":0,"151":6,"152":3,"153":3,"154":3,"155":3,"156":3,"157":3,"159":0,"160":3,"161":0,"162":0,"163":0,"165":0,"166":3,"168":6,"169":6,"170":6,"171":6,"172":6,"174":6,"175":1,"176":1,"177":6,"179":6,"180":2,"181":2,"182":2,"183":6,"184":2,"185":1,"186":2,"188":6,"189":7,"190":6,"191":6,"192":7,"193":6,"194":7,"196":6,"197":6,"198":2,"199":6,"200":6,"201":6,"202":6,"203":0,"204":6,"205":6,"206":6,"207":1,"208":1,"209":1,"210":1,"211":0,"212":0,"213":1,"214":6,"215":6,"216":6,"217":5,"218":1,"219":1,"220":1,"221":1,"222":1,"223":1,"224":1,"225":1,"226":5,"227":2,"228":2,"229":2,"230":5,"231":6,"232":6,"233":6,"234":6,"241":1,"242":6,"243":6,"244":4,"245":4,"246":6,"248":3,"252":3,"253":3,"254":3,"255":3,"256":3,"257":3,"258":1,"259":1,"263":3,"264":3,"265":3,"266":3,"267":3,"268":3,"269":3,"270":27,"271":27,"272":5,"273":5,"274":5,"275":5,"276":5,"277":27,"278":21,"279":18,"280":3,"281":3,"282":3,"283":3,"284":3,"285":1,"286":1,"287":3,"288":3,"289":27,"290":0,"291":0,"300":0,"301":0,"302":0,"303":0,"304":0,"305":0,"306":0,"307":0,"308":0,"309":0,"310":0,"311":0,"312":0,"313":0,"314":0,"315":0,"330":1,"331":0,"332":0,"333":0,"334":0,"335":0,"336":0,"337":0,"338":0,"339":0,"340":0,"341":0,"342":0,"343":0,"344":0,"348":0,"349":0,"350":0,"351":0,"353":0,"354":0,"355":0,"356":0,"357":0,"358":0,"359":0,"360":0,"362":0,"363":0,"364":0,"365":0,"366":0,"367":0,"368":0,"369":0,"370":0,"371":0},"branchMap":{"0":{"type":"branch","line":22,"loc":{"start":{"line":22,"column":38},"end":{"line":32,"column":1}},"locations":[{"start":{"line":22,"column":38},"end":{"line":32,"column":1}}]},"1":{"type":"branch","line":23,"loc":{"start":{"line":23,"column":2},"end":{"line":31,"column":3}},"locations":[{"start":{"line":23,"column":2},"end":{"line":31,"column":3}}]},"2":{"type":"branch","line":62,"loc":{"start":{"line":62,"column":7},"end":{"line":68,"column":1}},"locations":[{"start":{"line":62,"column":7},"end":{"line":68,"column":1}}]},"3":{"type":"branch","line":64,"loc":{"start":{"line":64,"column":33},"end":{"line":64,"column":84}},"locations":[{"start":{"line":64,"column":33},"end":{"line":64,"column":84}}]},"4":{"type":"branch","line":65,"loc":{"start":{"line":65,"column":2},"end":{"line":67,"column":3}},"locations":[{"start":{"line":65,"column":2},"end":{"line":67,"column":3}}]},"5":{"type":"branch","line":71,"loc":{"start":{"line":71,"column":7},"end":{"line":79,"column":1}},"locations":[{"start":{"line":71,"column":7},"end":{"line":79,"column":1}}]},"6":{"type":"branch","line":72,"loc":{"start":{"line":72,"column":24},"end":{"line":72,"column":34}},"locations":[{"start":{"line":72,"column":24},"end":{"line":72,"column":34}}]},"7":{"type":"branch","line":73,"loc":{"start":{"line":73,"column":48},"end":{"line":77,"column":3}},"locations":[{"start":{"line":73,"column":48},"end":{"line":77,"column":3}}]},"8":{"type":"branch","line":74,"loc":{"start":{"line":74,"column":20},"end":{"line":74,"column":28}},"locations":[{"start":{"line":74,"column":20},"end":{"line":74,"column":28}}]},"9":{"type":"branch","line":75,"loc":{"start":{"line":75,"column":54},"end":{"line":75,"column":73}},"locations":[{"start":{"line":75,"column":54},"end":{"line":75,"column":73}}]},"10":{"type":"branch","line":76,"loc":{"start":{"line":76,"column":37},"end":{"line":76,"column":53}},"locations":[{"start":{"line":76,"column":37},"end":{"line":76,"column":53}}]},"11":{"type":"branch","line":77,"loc":{"start":{"line":77,"column":2},"end":{"line":79,"column":1}},"locations":[{"start":{"line":77,"column":2},"end":{"line":79,"column":1}}]},"12":{"type":"branch","line":89,"loc":{"start":{"line":89,"column":7},"end":{"line":105,"column":1}},"locations":[{"start":{"line":89,"column":7},"end":{"line":105,"column":1}}]},"13":{"type":"branch","line":93,"loc":{"start":{"line":93,"column":62},"end":{"line":93,"column":80}},"locations":[{"start":{"line":93,"column":62},"end":{"line":93,"column":80}}]},"14":{"type":"branch","line":93,"loc":{"start":{"line":93,"column":67},"end":{"line":93,"column":93}},"locations":[{"start":{"line":93,"column":67},"end":{"line":93,"column":93}}]},"15":{"type":"branch","line":94,"loc":{"start":{"line":94,"column":19},"end":{"line":94,"column":49}},"locations":[{"start":{"line":94,"column":19},"end":{"line":94,"column":49}}]},"16":{"type":"branch","line":94,"loc":{"start":{"line":94,"column":49},"end":{"line":99,"column":3}},"locations":[{"start":{"line":94,"column":49},"end":{"line":99,"column":3}}]},"17":{"type":"branch","line":95,"loc":{"start":{"line":95,"column":39},"end":{"line":95,"column":67}},"locations":[{"start":{"line":95,"column":39},"end":{"line":95,"column":67}}]},"18":{"type":"branch","line":95,"loc":{"start":{"line":95,"column":66},"end":{"line":96,"column":59}},"locations":[{"start":{"line":95,"column":66},"end":{"line":96,"column":59}}]},"19":{"type":"branch","line":96,"loc":{"start":{"line":96,"column":34},"end":{"line":96,"column":49}},"locations":[{"start":{"line":96,"column":34},"end":{"line":96,"column":49}}]},"20":{"type":"branch","line":96,"loc":{"start":{"line":96,"column":38},"end":{"line":96,"column":59}},"locations":[{"start":{"line":96,"column":38},"end":{"line":96,"column":59}}]},"21":{"type":"branch","line":96,"loc":{"start":{"line":96,"column":49},"end":{"line":97,"column":33}},"locations":[{"start":{"line":96,"column":49},"end":{"line":97,"column":33}}]},"22":{"type":"branch","line":98,"loc":{"start":{"line":98,"column":29},"end":{"line":98,"column":76}},"locations":[{"start":{"line":98,"column":29},"end":{"line":98,"column":76}}]},"23":{"type":"branch","line":99,"loc":{"start":{"line":99,"column":2},"end":{"line":101,"column":35}},"locations":[{"start":{"line":99,"column":2},"end":{"line":101,"column":35}}]},"24":{"type":"branch","line":101,"loc":{"start":{"line":101,"column":28},"end":{"line":103,"column":32}},"locations":[{"start":{"line":101,"column":28},"end":{"line":103,"column":32}}]},"25":{"type":"branch","line":103,"loc":{"start":{"line":103,"column":25},"end":{"line":105,"column":1}},"locations":[{"start":{"line":103,"column":25},"end":{"line":105,"column":1}}]},"26":{"type":"branch","line":112,"loc":{"start":{"line":112,"column":7},"end":{"line":120,"column":1}},"locations":[{"start":{"line":112,"column":7},"end":{"line":120,"column":1}}]},"27":{"type":"branch","line":114,"loc":{"start":{"line":114,"column":22},"end":{"line":114,"column":33}},"locations":[{"start":{"line":114,"column":22},"end":{"line":114,"column":33}}]},"28":{"type":"branch","line":118,"loc":{"start":{"line":118,"column":45},"end":{"line":118,"column":86}},"locations":[{"start":{"line":118,"column":45},"end":{"line":118,"column":86}}]},"29":{"type":"branch","line":119,"loc":{"start":{"line":119,"column":23},"end":{"line":119,"column":36}},"locations":[{"start":{"line":119,"column":23},"end":{"line":119,"column":36}}]},"30":{"type":"branch","line":129,"loc":{"start":{"line":129,"column":7},"end":{"line":235,"column":1}},"locations":[{"start":{"line":129,"column":7},"end":{"line":235,"column":1}}]},"31":{"type":"branch","line":130,"loc":{"start":{"line":130,"column":21},"end":{"line":234,"column":3}},"locations":[{"start":{"line":130,"column":21},"end":{"line":234,"column":3}}]},"32":{"type":"branch","line":132,"loc":{"start":{"line":132,"column":32},"end":{"line":135,"column":5}},"locations":[{"start":{"line":132,"column":32},"end":{"line":135,"column":5}}]},"33":{"type":"branch","line":148,"loc":{"start":{"line":148,"column":4},"end":{"line":151,"column":5}},"locations":[{"start":{"line":148,"column":4},"end":{"line":151,"column":5}}]},"34":{"type":"branch","line":184,"loc":{"start":{"line":184,"column":38},"end":{"line":187,"column":5}},"locations":[{"start":{"line":184,"column":38},"end":{"line":187,"column":5}}]},"35":{"type":"branch","line":185,"loc":{"start":{"line":185,"column":34},"end":{"line":186,"column":76}},"locations":[{"start":{"line":185,"column":34},"end":{"line":186,"column":76}}]},"36":{"type":"branch","line":152,"loc":{"start":{"line":152,"column":21},"end":{"line":167,"column":5}},"locations":[{"start":{"line":152,"column":21},"end":{"line":167,"column":5}}]},"37":{"type":"branch","line":158,"loc":{"start":{"line":158,"column":8},"end":{"line":160,"column":9}},"locations":[{"start":{"line":158,"column":8},"end":{"line":160,"column":9}}]},"38":{"type":"branch","line":161,"loc":{"start":{"line":161,"column":6},"end":{"line":166,"column":7}},"locations":[{"start":{"line":161,"column":6},"end":{"line":166,"column":7}}]},"39":{"type":"branch","line":175,"loc":{"start":{"line":175,"column":29},"end":{"line":178,"column":7}},"locations":[{"start":{"line":175,"column":29},"end":{"line":178,"column":7}}]},"40":{"type":"branch","line":180,"loc":{"start":{"line":180,"column":20},"end":{"line":183,"column":5}},"locations":[{"start":{"line":180,"column":20},"end":{"line":183,"column":5}}]},"41":{"type":"branch","line":189,"loc":{"start":{"line":189,"column":19},"end":{"line":195,"column":5}},"locations":[{"start":{"line":189,"column":19},"end":{"line":195,"column":5}}]},"42":{"type":"branch","line":190,"loc":{"start":{"line":190,"column":19},"end":{"line":190,"column":25}},"locations":[{"start":{"line":190,"column":19},"end":{"line":190,"column":25}}]},"43":{"type":"branch","line":190,"loc":{"start":{"line":190,"column":19},"end":{"line":193,"column":48}},"locations":[{"start":{"line":190,"column":19},"end":{"line":193,"column":48}}]},"44":{"type":"branch","line":193,"loc":{"start":{"line":193,"column":40},"end":{"line":193,"column":92}},"locations":[{"start":{"line":193,"column":40},"end":{"line":193,"column":92}}]},"45":{"type":"branch","line":193,"loc":{"start":{"line":193,"column":91},"end":{"line":194,"column":14}},"locations":[{"start":{"line":193,"column":91},"end":{"line":194,"column":14}}]},"46":{"type":"branch","line":198,"loc":{"start":{"line":198,"column":30},"end":{"line":200,"column":7}},"locations":[{"start":{"line":198,"column":30},"end":{"line":200,"column":7}}]},"47":{"type":"branch","line":207,"loc":{"start":{"line":207,"column":22},"end":{"line":215,"column":5}},"locations":[{"start":{"line":207,"column":22},"end":{"line":215,"column":5}}]},"48":{"type":"branch","line":208,"loc":{"start":{"line":208,"column":13},"end":{"line":214,"column":7}},"locations":[{"start":{"line":208,"column":13},"end":{"line":214,"column":7}}]},"49":{"type":"branch","line":211,"loc":{"start":{"line":211,"column":8},"end":{"line":213,"column":9}},"locations":[{"start":{"line":211,"column":8},"end":{"line":213,"column":9}}]},"50":{"type":"branch","line":216,"loc":{"start":{"line":216,"column":22},"end":{"line":233,"column":5}},"locations":[{"start":{"line":216,"column":22},"end":{"line":233,"column":5}}]},"51":{"type":"branch","line":217,"loc":{"start":{"line":217,"column":13},"end":{"line":232,"column":7}},"locations":[{"start":{"line":217,"column":13},"end":{"line":232,"column":7}}]},"52":{"type":"branch","line":218,"loc":{"start":{"line":218,"column":22},"end":{"line":226,"column":9}},"locations":[{"start":{"line":218,"column":22},"end":{"line":226,"column":9}}]},"53":{"type":"branch","line":221,"loc":{"start":{"line":221,"column":27},"end":{"line":221,"column":34}},"locations":[{"start":{"line":221,"column":27},"end":{"line":221,"column":34}}]},"54":{"type":"branch","line":226,"loc":{"start":{"line":226,"column":8},"end":{"line":227,"column":23}},"locations":[{"start":{"line":226,"column":8},"end":{"line":227,"column":23}}]},"55":{"type":"branch","line":227,"loc":{"start":{"line":227,"column":23},"end":{"line":231,"column":48}},"locations":[{"start":{"line":227,"column":23},"end":{"line":231,"column":48}}]},"56":{"type":"branch","line":231,"loc":{"start":{"line":231,"column":40},"end":{"line":231,"column":51}},"locations":[{"start":{"line":231,"column":40},"end":{"line":231,"column":51}}]},"57":{"type":"branch","line":242,"loc":{"start":{"line":242,"column":7},"end":{"line":260,"column":1}},"locations":[{"start":{"line":242,"column":7},"end":{"line":260,"column":1}}]},"58":{"type":"branch","line":244,"loc":{"start":{"line":244,"column":22},"end":{"line":244,"column":88}},"locations":[{"start":{"line":244,"column":22},"end":{"line":244,"column":88}}]},"59":{"type":"branch","line":244,"loc":{"start":{"line":244,"column":87},"end":{"line":247,"column":10}},"locations":[{"start":{"line":244,"column":87},"end":{"line":247,"column":10}}]},"60":{"type":"branch","line":247,"loc":{"start":{"line":247,"column":2},"end":{"line":258,"column":3}},"locations":[{"start":{"line":247,"column":2},"end":{"line":258,"column":3}}]},"61":{"type":"branch","line":257,"loc":{"start":{"line":257,"column":33},"end":{"line":257,"column":49}},"locations":[{"start":{"line":257,"column":33},"end":{"line":257,"column":49}}]},"62":{"type":"branch","line":258,"loc":{"start":{"line":258,"column":2},"end":{"line":260,"column":1}},"locations":[{"start":{"line":258,"column":2},"end":{"line":260,"column":1}}]},"63":{"type":"branch","line":264,"loc":{"start":{"line":264,"column":0},"end":{"line":292,"column":1}},"locations":[{"start":{"line":264,"column":0},"end":{"line":292,"column":1}}]},"64":{"type":"branch","line":266,"loc":{"start":{"line":266,"column":25},"end":{"line":266,"column":37}},"locations":[{"start":{"line":266,"column":25},"end":{"line":266,"column":37}}]},"65":{"type":"branch","line":266,"loc":{"start":{"line":266,"column":31},"end":{"line":266,"column":40}},"locations":[{"start":{"line":266,"column":31},"end":{"line":266,"column":40}}]},"66":{"type":"branch","line":270,"loc":{"start":{"line":270,"column":47},"end":{"line":290,"column":3}},"locations":[{"start":{"line":270,"column":47},"end":{"line":290,"column":3}}]},"67":{"type":"branch","line":272,"loc":{"start":{"line":272,"column":18},"end":{"line":277,"column":5}},"locations":[{"start":{"line":272,"column":18},"end":{"line":277,"column":5}}]},"68":{"type":"branch","line":273,"loc":{"start":{"line":273,"column":19},"end":{"line":273,"column":34}},"locations":[{"start":{"line":273,"column":19},"end":{"line":273,"column":34}}]},"69":{"type":"branch","line":274,"loc":{"start":{"line":274,"column":28},"end":{"line":274,"column":42}},"locations":[{"start":{"line":274,"column":28},"end":{"line":274,"column":42}}]},"70":{"type":"branch","line":275,"loc":{"start":{"line":275,"column":27},"end":{"line":275,"column":43}},"locations":[{"start":{"line":275,"column":27},"end":{"line":275,"column":43}}]},"71":{"type":"branch","line":277,"loc":{"start":{"line":277,"column":4},"end":{"line":278,"column":31}},"locations":[{"start":{"line":277,"column":4},"end":{"line":278,"column":31}}]},"72":{"type":"branch","line":278,"loc":{"start":{"line":278,"column":20},"end":{"line":278,"column":35}},"locations":[{"start":{"line":278,"column":20},"end":{"line":278,"column":35}}]},"73":{"type":"branch","line":278,"loc":{"start":{"line":278,"column":31},"end":{"line":289,"column":5}},"locations":[{"start":{"line":278,"column":31},"end":{"line":289,"column":5}}]},"74":{"type":"branch","line":279,"loc":{"start":{"line":279,"column":26},"end":{"line":279,"column":36}},"locations":[{"start":{"line":279,"column":26},"end":{"line":279,"column":36}}]},"75":{"type":"branch","line":279,"loc":{"start":{"line":279,"column":35},"end":{"line":289,"column":5}},"locations":[{"start":{"line":279,"column":35},"end":{"line":289,"column":5}}]},"76":{"type":"branch","line":280,"loc":{"start":{"line":280,"column":27},"end":{"line":289,"column":5}},"locations":[{"start":{"line":280,"column":27},"end":{"line":289,"column":5}}]},"77":{"type":"branch","line":285,"loc":{"start":{"line":285,"column":8},"end":{"line":287,"column":9}},"locations":[{"start":{"line":285,"column":8},"end":{"line":287,"column":9}}]},"78":{"type":"branch","line":290,"loc":{"start":{"line":290,"column":2},"end":{"line":292,"column":1}},"locations":[{"start":{"line":290,"column":2},"end":{"line":292,"column":1}}]}},"b":{"0":[15],"1":[15],"2":[27],"3":[12],"4":[15],"5":[9],"6":[0],"7":[19],"8":[0],"9":[0],"10":[6],"11":[3],"12":[12],"13":[9],"14":[3],"15":[10],"16":[10],"17":[2],"18":[8],"19":[6],"20":[2],"21":[2],"22":[8],"23":[4],"24":[2],"25":[1],"26":[7],"27":[0],"28":[0],"29":[6],"30":[6],"31":[6],"32":[0],"33":[0],"34":[2],"35":[1],"36":[3],"37":[0],"38":[0],"39":[1],"40":[2],"41":[7],"42":[1],"43":[6],"44":[2],"45":[6],"46":[2],"47":[1],"48":[1],"49":[0],"50":[6],"51":[5],"52":[1],"53":[0],"54":[4],"55":[2],"56":[0],"57":[6],"58":[2],"59":[4],"60":[3],"61":[2],"62":[1],"63":[3],"64":[1],"65":[2],"66":[27],"67":[5],"68":[0],"69":[0],"70":[1],"71":[22],"72":[1],"73":[21],"74":[3],"75":[18],"76":[3],"77":[1],"78":[0]},"fnMap":{"0":{"name":"<instance_members_initializer>","decl":{"start":{"line":22,"column":38},"end":{"line":32,"column":1}},"loc":{"start":{"line":22,"column":38},"end":{"line":32,"column":1}},"line":22},"1":{"name":"GraphError","decl":{"start":{"line":23,"column":2},"end":{"line":31,"column":3}},"loc":{"start":{"line":23,"column":2},"end":{"line":31,"column":3}},"line":23},"2":{"name":"isExecutableFile","decl":{"start":{"line":62,"column":7},"end":{"line":68,"column":1}},"loc":{"start":{"line":62,"column":7},"end":{"line":68,"column":1}},"line":62},"3":{"name":"findOnPath","decl":{"start":{"line":71,"column":7},"end":{"line":79,"column":1}},"loc":{"start":{"line":71,"column":7},"end":{"line":79,"column":1}},"line":71},"4":{"name":"resolveGraphBin","decl":{"start":{"line":89,"column":7},"end":{"line":105,"column":1}},"loc":{"start":{"line":89,"column":7},"end":{"line":105,"column":1}},"line":89},"5":{"name":"buildSpawnEnv","decl":{"start":{"line":112,"column":7},"end":{"line":120,"column":1}},"loc":{"start":{"line":112,"column":7},"end":{"line":120,"column":1}},"line":112},"6":{"name":"runGraph","decl":{"start":{"line":129,"column":7},"end":{"line":235,"column":1}},"loc":{"start":{"line":129,"column":7},"end":{"line":235,"column":1}},"line":129},"7":{"name":"killTree","decl":{"start":{"line":152,"column":21},"end":{"line":167,"column":5}},"loc":{"start":{"line":152,"column":21},"end":{"line":167,"column":5}},"line":152},"8":{"name":"onAbort","decl":{"start":{"line":180,"column":20},"end":{"line":183,"column":5}},"loc":{"start":{"line":180,"column":20},"end":{"line":183,"column":5}},"line":180},"9":{"name":"finish","decl":{"start":{"line":189,"column":19},"end":{"line":195,"column":5}},"loc":{"start":{"line":189,"column":19},"end":{"line":195,"column":5}},"line":189},"10":{"name":"parseGraphJson","decl":{"start":{"line":242,"column":7},"end":{"line":260,"column":1}},"loc":{"start":{"line":242,"column":7},"end":{"line":260,"column":1}},"line":242},"11":{"name":"extractBalancedJson","decl":{"start":{"line":264,"column":0},"end":{"line":292,"column":1}},"loc":{"start":{"line":264,"column":0},"end":{"line":292,"column":1}},"line":264},"12":{"name":"runGraphJson","decl":{"start":{"line":301,"column":0},"end":{"line":316,"column":1}},"loc":{"start":{"line":301,"column":0},"end":{"line":316,"column":1}},"line":301},"13":{"name":"spawnDetachedBuild","decl":{"start":{"line":331,"column":7},"end":{"line":372,"column":1}},"loc":{"start":{"line":331,"column":7},"end":{"line":372,"column":1}},"line":331}},"f":{"0":15,"1":15,"2":27,"3":9,"4":12,"5":7,"6":6,"7":3,"8":2,"9":7,"10":6,"11":3,"12":0,"13":0}}
,"/home/arka/projects/dsh-graph-context/src/format.ts": {"path":"/home/arka/projects/dsh-graph-context/src/format.ts","all":false,"statementMap":{"6":{"start":{"line":7,"column":0},"end":{"line":7,"column":37}},"16":{"start":{"line":17,"column":0},"end":{"line":17,"column":62}},"17":{"start":{"line":18,"column":0},"end":{"line":18,"column":84}},"18":{"start":{"line":19,"column":0},"end":{"line":19,"column":76}},"19":{"start":{"line":20,"column":0},"end":{"line":20,"column":89}},"20":{"start":{"line":21,"column":0},"end":{"line":21,"column":83}},"21":{"start":{"line":22,"column":0},"end":{"line":22,"column":10}},"22":{"start":{"line":23,"column":0},"end":{"line":23,"column":39}},"23":{"start":{"line":24,"column":0},"end":{"line":24,"column":57}},"24":{"start":{"line":25,"column":0},"end":{"line":25,"column":51}},"25":{"start":{"line":26,"column":0},"end":{"line":26,"column":3}},"26":{"start":{"line":27,"column":0},"end":{"line":27,"column":1}},"29":{"start":{"line":30,"column":0},"end":{"line":30,"column":62}},"30":{"start":{"line":31,"column":0},"end":{"line":31,"column":56}},"31":{"start":{"line":32,"column":0},"end":{"line":32,"column":76}},"32":{"start":{"line":33,"column":0},"end":{"line":33,"column":67}},"33":{"start":{"line":34,"column":0},"end":{"line":34,"column":3}},"34":{"start":{"line":35,"column":0},"end":{"line":35,"column":46}},"35":{"start":{"line":36,"column":0},"end":{"line":36,"column":1}},"41":{"start":{"line":42,"column":0},"end":{"line":42,"column":73}},"42":{"start":{"line":43,"column":0},"end":{"line":43,"column":49}},"43":{"start":{"line":44,"column":0},"end":{"line":44,"column":38}},"44":{"start":{"line":45,"column":0},"end":{"line":45,"column":34}},"45":{"start":{"line":46,"column":0},"end":{"line":46,"column":55}},"47":{"start":{"line":48,"column":0},"end":{"line":48,"column":31}},"48":{"start":{"line":49,"column":0},"end":{"line":49,"column":21}},"49":{"start":{"line":50,"column":0},"end":{"line":50,"column":21}},"50":{"start":{"line":51,"column":0},"end":{"line":51,"column":46}},"51":{"start":{"line":52,"column":0},"end":{"line":52,"column":65}},"52":{"start":{"line":53,"column":0},"end":{"line":53,"column":49}},"53":{"start":{"line":54,"column":0},"end":{"line":54,"column":28}},"54":{"start":{"line":55,"column":0},"end":{"line":55,"column":20}},"55":{"start":{"line":56,"column":0},"end":{"line":56,"column":5}},"56":{"start":{"line":57,"column":0},"end":{"line":57,"column":35}},"57":{"start":{"line":58,"column":0},"end":{"line":58,"column":3}},"58":{"start":{"line":59,"column":0},"end":{"line":59,"column":39}},"59":{"start":{"line":60,"column":0},"end":{"line":60,"column":19}},"60":{"start":{"line":61,"column":0},"end":{"line":61,"column":19}},"61":{"start":{"line":62,"column":0},"end":{"line":62,"column":44}},"62":{"start":{"line":63,"column":0},"end":{"line":63,"column":63}},"63":{"start":{"line":64,"column":0},"end":{"line":64,"column":45}},"64":{"start":{"line":65,"column":0},"end":{"line":65,"column":26}},"65":{"start":{"line":66,"column":0},"end":{"line":66,"column":18}},"66":{"start":{"line":67,"column":0},"end":{"line":67,"column":3}},"67":{"start":{"line":68,"column":0},"end":{"line":68,"column":36}},"68":{"start":{"line":69,"column":0},"end":{"line":69,"column":41}},"69":{"start":{"line":70,"column":0},"end":{"line":70,"column":75}},"70":{"start":{"line":71,"column":0},"end":{"line":71,"column":21}},"71":{"start":{"line":72,"column":0},"end":{"line":72,"column":1}},"94":{"start":{"line":95,"column":0},"end":{"line":95,"column":73}},"95":{"start":{"line":96,"column":0},"end":{"line":96,"column":80}},"96":{"start":{"line":97,"column":0},"end":{"line":97,"column":131}},"97":{"start":{"line":98,"column":0},"end":{"line":98,"column":28}},"98":{"start":{"line":99,"column":0},"end":{"line":99,"column":27}},"99":{"start":{"line":100,"column":0},"end":{"line":100,"column":57}},"100":{"start":{"line":101,"column":0},"end":{"line":101,"column":91}},"101":{"start":{"line":102,"column":0},"end":{"line":102,"column":94}},"103":{"start":{"line":104,"column":0},"end":{"line":104,"column":63}},"104":{"start":{"line":105,"column":0},"end":{"line":105,"column":61}},"105":{"start":{"line":106,"column":0},"end":{"line":106,"column":97}},"106":{"start":{"line":107,"column":0},"end":{"line":107,"column":16}},"107":{"start":{"line":108,"column":0},"end":{"line":108,"column":82}},"108":{"start":{"line":109,"column":0},"end":{"line":109,"column":30}},"109":{"start":{"line":110,"column":0},"end":{"line":110,"column":65}},"110":{"start":{"line":111,"column":0},"end":{"line":111,"column":46}},"111":{"start":{"line":112,"column":0},"end":{"line":112,"column":57}},"112":{"start":{"line":113,"column":0},"end":{"line":113,"column":36}},"113":{"start":{"line":114,"column":0},"end":{"line":114,"column":40}},"114":{"start":{"line":115,"column":0},"end":{"line":115,"column":64}},"115":{"start":{"line":116,"column":0},"end":{"line":116,"column":36}},"116":{"start":{"line":117,"column":0},"end":{"line":117,"column":5}},"117":{"start":{"line":118,"column":0},"end":{"line":118,"column":3}},"118":{"start":{"line":119,"column":0},"end":{"line":119,"column":87}},"119":{"start":{"line":120,"column":0},"end":{"line":120,"column":1}},"126":{"start":{"line":127,"column":0},"end":{"line":127,"column":81}},"127":{"start":{"line":128,"column":0},"end":{"line":128,"column":74}},"128":{"start":{"line":129,"column":0},"end":{"line":129,"column":28}},"129":{"start":{"line":130,"column":0},"end":{"line":130,"column":27}},"130":{"start":{"line":131,"column":0},"end":{"line":131,"column":57}},"131":{"start":{"line":132,"column":0},"end":{"line":132,"column":91}},"132":{"start":{"line":133,"column":0},"end":{"line":133,"column":94}},"133":{"start":{"line":134,"column":0},"end":{"line":134,"column":63}},"134":{"start":{"line":135,"column":0},"end":{"line":135,"column":61}},"135":{"start":{"line":136,"column":0},"end":{"line":136,"column":97}},"136":{"start":{"line":137,"column":0},"end":{"line":137,"column":17}},"137":{"start":{"line":138,"column":0},"end":{"line":138,"column":82}},"138":{"start":{"line":139,"column":0},"end":{"line":139,"column":30}},"139":{"start":{"line":140,"column":0},"end":{"line":140,"column":65}},"140":{"start":{"line":141,"column":0},"end":{"line":141,"column":46}},"141":{"start":{"line":142,"column":0},"end":{"line":142,"column":57}},"142":{"start":{"line":143,"column":0},"end":{"line":143,"column":36}},"143":{"start":{"line":144,"column":0},"end":{"line":144,"column":40}},"144":{"start":{"line":145,"column":0},"end":{"line":145,"column":3}},"145":{"start":{"line":146,"column":0},"end":{"line":146,"column":35}},"146":{"start":{"line":147,"column":0},"end":{"line":147,"column":104}},"147":{"start":{"line":148,"column":0},"end":{"line":148,"column":68}},"148":{"start":{"line":149,"column":0},"end":{"line":149,"column":1}},"158":{"start":{"line":159,"column":0},"end":{"line":159,"column":88}},"159":{"start":{"line":160,"column":0},"end":{"line":160,"column":74}},"160":{"start":{"line":161,"column":0},"end":{"line":161,"column":21}},"161":{"start":{"line":162,"column":0},"end":{"line":162,"column":67}},"162":{"start":{"line":163,"column":0},"end":{"line":163,"column":102}},"163":{"start":{"line":164,"column":0},"end":{"line":164,"column":71}},"164":{"start":{"line":165,"column":0},"end":{"line":165,"column":28}},"165":{"start":{"line":166,"column":0},"end":{"line":166,"column":89}},"166":{"start":{"line":167,"column":0},"end":{"line":167,"column":38}},"167":{"start":{"line":168,"column":0},"end":{"line":168,"column":100}},"168":{"start":{"line":169,"column":0},"end":{"line":169,"column":54}},"169":{"start":{"line":170,"column":0},"end":{"line":170,"column":20}},"170":{"start":{"line":171,"column":0},"end":{"line":171,"column":70}},"171":{"start":{"line":172,"column":0},"end":{"line":172,"column":85}},"172":{"start":{"line":173,"column":0},"end":{"line":173,"column":21}},"173":{"start":{"line":174,"column":0},"end":{"line":174,"column":73}},"174":{"start":{"line":175,"column":0},"end":{"line":175,"column":21}},"175":{"start":{"line":176,"column":0},"end":{"line":176,"column":36}},"176":{"start":{"line":177,"column":0},"end":{"line":177,"column":57}},"177":{"start":{"line":178,"column":0},"end":{"line":178,"column":85}},"178":{"start":{"line":179,"column":0},"end":{"line":179,"column":82}},"179":{"start":{"line":180,"column":0},"end":{"line":180,"column":30}},"180":{"start":{"line":181,"column":0},"end":{"line":181,"column":53}},"181":{"start":{"line":182,"column":0},"end":{"line":182,"column":80}},"182":{"start":{"line":183,"column":0},"end":{"line":183,"column":57}},"183":{"start":{"line":184,"column":0},"end":{"line":184,"column":36}},"184":{"start":{"line":185,"column":0},"end":{"line":185,"column":40}},"185":{"start":{"line":186,"column":0},"end":{"line":186,"column":3}},"186":{"start":{"line":187,"column":0},"end":{"line":187,"column":52}},"187":{"start":{"line":188,"column":0},"end":{"line":188,"column":1}},"194":{"start":{"line":195,"column":0},"end":{"line":195,"column":39}},"195":{"start":{"line":196,"column":0},"end":{"line":196,"column":90}},"198":{"start":{"line":199,"column":0},"end":{"line":199,"column":1}},"211":{"start":{"line":212,"column":0},"end":{"line":212,"column":128}},"212":{"start":{"line":213,"column":0},"end":{"line":213,"column":28}},"213":{"start":{"line":214,"column":0},"end":{"line":214,"column":33}},"214":{"start":{"line":215,"column":0},"end":{"line":215,"column":63}},"215":{"start":{"line":216,"column":0},"end":{"line":216,"column":96}},"216":{"start":{"line":217,"column":0},"end":{"line":217,"column":71}},"217":{"start":{"line":218,"column":0},"end":{"line":218,"column":25}},"218":{"start":{"line":219,"column":0},"end":{"line":219,"column":103}},"219":{"start":{"line":220,"column":0},"end":{"line":220,"column":89}},"220":{"start":{"line":221,"column":0},"end":{"line":221,"column":36}},"221":{"start":{"line":222,"column":0},"end":{"line":222,"column":58}},"222":{"start":{"line":223,"column":0},"end":{"line":223,"column":41}},"223":{"start":{"line":224,"column":0},"end":{"line":224,"column":129}},"224":{"start":{"line":225,"column":0},"end":{"line":225,"column":88}},"225":{"start":{"line":226,"column":0},"end":{"line":226,"column":6}},"226":{"start":{"line":227,"column":0},"end":{"line":227,"column":49}},"227":{"start":{"line":228,"column":0},"end":{"line":228,"column":3}},"228":{"start":{"line":229,"column":0},"end":{"line":229,"column":35}},"229":{"start":{"line":230,"column":0},"end":{"line":230,"column":84}},"230":{"start":{"line":231,"column":0},"end":{"line":231,"column":68}},"231":{"start":{"line":232,"column":0},"end":{"line":232,"column":1}},"267":{"start":{"line":268,"column":0},"end":{"line":268,"column":25}},"268":{"start":{"line":269,"column":0},"end":{"line":269,"column":29}},"269":{"start":{"line":270,"column":0},"end":{"line":270,"column":28}},"271":{"start":{"line":272,"column":0},"end":{"line":272,"column":93}},"272":{"start":{"line":273,"column":0},"end":{"line":273,"column":94}},"273":{"start":{"line":274,"column":0},"end":{"line":274,"column":42}},"274":{"start":{"line":275,"column":0},"end":{"line":275,"column":47}},"275":{"start":{"line":276,"column":0},"end":{"line":276,"column":81}},"276":{"start":{"line":277,"column":0},"end":{"line":277,"column":15}},"277":{"start":{"line":278,"column":0},"end":{"line":278,"column":64}},"278":{"start":{"line":279,"column":0},"end":{"line":279,"column":32}},"279":{"start":{"line":280,"column":0},"end":{"line":280,"column":110}},"280":{"start":{"line":281,"column":0},"end":{"line":281,"column":67}},"281":{"start":{"line":282,"column":0},"end":{"line":282,"column":48}},"282":{"start":{"line":283,"column":0},"end":{"line":283,"column":1}},"289":{"start":{"line":290,"column":0},"end":{"line":290,"column":78}},"290":{"start":{"line":291,"column":0},"end":{"line":291,"column":107}},"291":{"start":{"line":292,"column":0},"end":{"line":292,"column":69}},"292":{"start":{"line":293,"column":0},"end":{"line":293,"column":71}},"293":{"start":{"line":294,"column":0},"end":{"line":294,"column":65}},"294":{"start":{"line":295,"column":0},"end":{"line":295,"column":74}},"295":{"start":{"line":296,"column":0},"end":{"line":296,"column":76}},"296":{"start":{"line":297,"column":0},"end":{"line":297,"column":113}},"297":{"start":{"line":298,"column":0},"end":{"line":298,"column":3}},"298":{"start":{"line":299,"column":0},"end":{"line":299,"column":70}},"299":{"start":{"line":300,"column":0},"end":{"line":300,"column":27}},"300":{"start":{"line":301,"column":0},"end":{"line":301,"column":26}},"301":{"start":{"line":302,"column":0},"end":{"line":302,"column":61}},"302":{"start":{"line":303,"column":0},"end":{"line":303,"column":100}},"303":{"start":{"line":304,"column":0},"end":{"line":304,"column":102}},"304":{"start":{"line":305,"column":0},"end":{"line":305,"column":40}},"305":{"start":{"line":306,"column":0},"end":{"line":306,"column":5}},"306":{"start":{"line":307,"column":0},"end":{"line":307,"column":3}},"307":{"start":{"line":308,"column":0},"end":{"line":308,"column":25}},"308":{"start":{"line":309,"column":0},"end":{"line":309,"column":34}},"309":{"start":{"line":310,"column":0},"end":{"line":310,"column":58}},"310":{"start":{"line":311,"column":0},"end":{"line":311,"column":49}},"311":{"start":{"line":312,"column":0},"end":{"line":312,"column":55}},"312":{"start":{"line":313,"column":0},"end":{"line":313,"column":5}},"313":{"start":{"line":314,"column":0},"end":{"line":314,"column":3}},"314":{"start":{"line":315,"column":0},"end":{"line":315,"column":28}},"315":{"start":{"line":316,"column":0},"end":{"line":316,"column":40}},"316":{"start":{"line":317,"column":0},"end":{"line":317,"column":65}},"317":{"start":{"line":318,"column":0},"end":{"line":318,"column":48}},"318":{"start":{"line":319,"column":0},"end":{"line":319,"column":55}},"319":{"start":{"line":320,"column":0},"end":{"line":320,"column":5}},"320":{"start":{"line":321,"column":0},"end":{"line":321,"column":10}},"321":{"start":{"line":322,"column":0},"end":{"line":322,"column":72}},"322":{"start":{"line":323,"column":0},"end":{"line":323,"column":3}},"323":{"start":{"line":324,"column":0},"end":{"line":324,"column":52}},"324":{"start":{"line":325,"column":0},"end":{"line":325,"column":85}},"325":{"start":{"line":326,"column":0},"end":{"line":326,"column":8}},"326":{"start":{"line":327,"column":0},"end":{"line":327,"column":29}},"327":{"start":{"line":328,"column":0},"end":{"line":328,"column":99}},"328":{"start":{"line":329,"column":0},"end":{"line":329,"column":3}},"329":{"start":{"line":330,"column":0},"end":{"line":330,"column":48}},"330":{"start":{"line":331,"column":0},"end":{"line":331,"column":83}},"331":{"start":{"line":332,"column":0},"end":{"line":332,"column":8}},"332":{"start":{"line":333,"column":0},"end":{"line":333,"column":27}},"333":{"start":{"line":334,"column":0},"end":{"line":334,"column":61}},"334":{"start":{"line":335,"column":0},"end":{"line":335,"column":3}},"335":{"start":{"line":336,"column":0},"end":{"line":336,"column":52}},"336":{"start":{"line":337,"column":0},"end":{"line":337,"column":1}},"350":{"start":{"line":351,"column":0},"end":{"line":351,"column":66}},"351":{"start":{"line":352,"column":0},"end":{"line":352,"column":71}},"352":{"start":{"line":353,"column":0},"end":{"line":353,"column":129}},"353":{"start":{"line":354,"column":0},"end":{"line":354,"column":85}},"354":{"start":{"line":355,"column":0},"end":{"line":355,"column":32}},"355":{"start":{"line":356,"column":0},"end":{"line":356,"column":61}},"356":{"start":{"line":357,"column":0},"end":{"line":357,"column":66}},"357":{"start":{"line":358,"column":0},"end":{"line":358,"column":73}},"358":{"start":{"line":359,"column":0},"end":{"line":359,"column":72}},"359":{"start":{"line":360,"column":0},"end":{"line":360,"column":114}},"360":{"start":{"line":361,"column":0},"end":{"line":361,"column":53}},"361":{"start":{"line":362,"column":0},"end":{"line":362,"column":3}},"362":{"start":{"line":363,"column":0},"end":{"line":363,"column":25}},"363":{"start":{"line":364,"column":0},"end":{"line":364,"column":1}},"383":{"start":{"line":384,"column":0},"end":{"line":384,"column":77}},"384":{"start":{"line":385,"column":0},"end":{"line":385,"column":71}},"385":{"start":{"line":386,"column":0},"end":{"line":386,"column":73}},"386":{"start":{"line":387,"column":0},"end":{"line":387,"column":28}},"387":{"start":{"line":388,"column":0},"end":{"line":388,"column":32}},"388":{"start":{"line":389,"column":0},"end":{"line":389,"column":61}},"389":{"start":{"line":390,"column":0},"end":{"line":390,"column":31}},"390":{"start":{"line":391,"column":0},"end":{"line":391,"column":43}},"391":{"start":{"line":392,"column":0},"end":{"line":392,"column":187}},"392":{"start":{"line":393,"column":0},"end":{"line":393,"column":11}},"393":{"start":{"line":394,"column":0},"end":{"line":394,"column":78}},"394":{"start":{"line":395,"column":0},"end":{"line":395,"column":27}},"395":{"start":{"line":396,"column":0},"end":{"line":396,"column":29}},"396":{"start":{"line":397,"column":0},"end":{"line":397,"column":59}},"397":{"start":{"line":398,"column":0},"end":{"line":398,"column":111}},"398":{"start":{"line":399,"column":0},"end":{"line":399,"column":97}},"399":{"start":{"line":400,"column":0},"end":{"line":400,"column":80}},"400":{"start":{"line":401,"column":0},"end":{"line":401,"column":75}},"401":{"start":{"line":402,"column":0},"end":{"line":402,"column":5}},"402":{"start":{"line":403,"column":0},"end":{"line":403,"column":3}},"403":{"start":{"line":404,"column":0},"end":{"line":404,"column":25}},"404":{"start":{"line":405,"column":0},"end":{"line":405,"column":1}},"424":{"start":{"line":425,"column":0},"end":{"line":425,"column":78}},"425":{"start":{"line":426,"column":0},"end":{"line":426,"column":68}},"426":{"start":{"line":427,"column":0},"end":{"line":427,"column":108}},"427":{"start":{"line":428,"column":0},"end":{"line":428,"column":28}},"428":{"start":{"line":429,"column":0},"end":{"line":429,"column":17}},"429":{"start":{"line":430,"column":0},"end":{"line":430,"column":31}},"430":{"start":{"line":431,"column":0},"end":{"line":431,"column":61}},"431":{"start":{"line":432,"column":0},"end":{"line":432,"column":87}},"432":{"start":{"line":433,"column":0},"end":{"line":433,"column":43}},"433":{"start":{"line":434,"column":0},"end":{"line":434,"column":80}},"434":{"start":{"line":435,"column":0},"end":{"line":435,"column":45}},"435":{"start":{"line":436,"column":0},"end":{"line":436,"column":22}},"436":{"start":{"line":437,"column":0},"end":{"line":437,"column":60}},"437":{"start":{"line":438,"column":0},"end":{"line":438,"column":29}},"438":{"start":{"line":439,"column":0},"end":{"line":439,"column":38}},"439":{"start":{"line":440,"column":0},"end":{"line":440,"column":59}},"440":{"start":{"line":441,"column":0},"end":{"line":441,"column":66}},"441":{"start":{"line":442,"column":0},"end":{"line":442,"column":63}},"442":{"start":{"line":443,"column":0},"end":{"line":443,"column":41}},"443":{"start":{"line":444,"column":0},"end":{"line":444,"column":18}},"444":{"start":{"line":445,"column":0},"end":{"line":445,"column":5}},"445":{"start":{"line":446,"column":0},"end":{"line":446,"column":32}},"446":{"start":{"line":447,"column":0},"end":{"line":447,"column":89}},"447":{"start":{"line":448,"column":0},"end":{"line":448,"column":74}},"448":{"start":{"line":449,"column":0},"end":{"line":449,"column":11}},"449":{"start":{"line":450,"column":0},"end":{"line":450,"column":5}},"450":{"start":{"line":451,"column":0},"end":{"line":451,"column":3}},"451":{"start":{"line":452,"column":0},"end":{"line":452,"column":25}},"452":{"start":{"line":453,"column":0},"end":{"line":453,"column":1}},"486":{"start":{"line":487,"column":0},"end":{"line":487,"column":74}},"487":{"start":{"line":488,"column":0},"end":{"line":488,"column":31}},"488":{"start":{"line":489,"column":0},"end":{"line":489,"column":65}},"489":{"start":{"line":490,"column":0},"end":{"line":490,"column":221}},"490":{"start":{"line":491,"column":0},"end":{"line":491,"column":16}},"491":{"start":{"line":492,"column":0},"end":{"line":492,"column":32}},"492":{"start":{"line":493,"column":0},"end":{"line":493,"column":62}},"493":{"start":{"line":494,"column":0},"end":{"line":494,"column":27}},"494":{"start":{"line":495,"column":0},"end":{"line":495,"column":57}},"495":{"start":{"line":496,"column":0},"end":{"line":496,"column":62}},"496":{"start":{"line":497,"column":0},"end":{"line":497,"column":40}},"497":{"start":{"line":498,"column":0},"end":{"line":498,"column":16}},"498":{"start":{"line":499,"column":0},"end":{"line":499,"column":112}},"499":{"start":{"line":500,"column":0},"end":{"line":500,"column":20}},"500":{"start":{"line":501,"column":0},"end":{"line":501,"column":31}},"501":{"start":{"line":502,"column":0},"end":{"line":502,"column":19}},"502":{"start":{"line":503,"column":0},"end":{"line":503,"column":10}},"503":{"start":{"line":504,"column":0},"end":{"line":504,"column":57}},"504":{"start":{"line":505,"column":0},"end":{"line":505,"column":95}},"505":{"start":{"line":506,"column":0},"end":{"line":506,"column":3}},"506":{"start":{"line":507,"column":0},"end":{"line":507,"column":67}},"507":{"start":{"line":508,"column":0},"end":{"line":508,"column":61}},"508":{"start":{"line":509,"column":0},"end":{"line":509,"column":3}},"509":{"start":{"line":510,"column":0},"end":{"line":510,"column":74}},"510":{"start":{"line":511,"column":0},"end":{"line":511,"column":28}},"511":{"start":{"line":512,"column":0},"end":{"line":512,"column":24}},"512":{"start":{"line":513,"column":0},"end":{"line":513,"column":134}},"513":{"start":{"line":514,"column":0},"end":{"line":514,"column":18}},"514":{"start":{"line":515,"column":0},"end":{"line":515,"column":25}},"515":{"start":{"line":516,"column":0},"end":{"line":516,"column":50}},"516":{"start":{"line":517,"column":0},"end":{"line":517,"column":84}},"517":{"start":{"line":518,"column":0},"end":{"line":518,"column":21}},"518":{"start":{"line":519,"column":0},"end":{"line":519,"column":158}},"519":{"start":{"line":520,"column":0},"end":{"line":520,"column":8}},"520":{"start":{"line":521,"column":0},"end":{"line":521,"column":18}},"521":{"start":{"line":522,"column":0},"end":{"line":522,"column":34}},"522":{"start":{"line":523,"column":0},"end":{"line":523,"column":3}},"523":{"start":{"line":524,"column":0},"end":{"line":524,"column":52}},"524":{"start":{"line":525,"column":0},"end":{"line":525,"column":1}},"547":{"start":{"line":548,"column":0},"end":{"line":548,"column":78}},"548":{"start":{"line":549,"column":0},"end":{"line":549,"column":103}},"549":{"start":{"line":550,"column":0},"end":{"line":550,"column":111}},"550":{"start":{"line":551,"column":0},"end":{"line":551,"column":100}},"551":{"start":{"line":552,"column":0},"end":{"line":552,"column":104}},"552":{"start":{"line":553,"column":0},"end":{"line":553,"column":28}},"553":{"start":{"line":554,"column":0},"end":{"line":554,"column":26}},"554":{"start":{"line":555,"column":0},"end":{"line":555,"column":186}},"555":{"start":{"line":556,"column":0},"end":{"line":556,"column":10}},"556":{"start":{"line":557,"column":0},"end":{"line":557,"column":67}},"557":{"start":{"line":558,"column":0},"end":{"line":558,"column":76}},"558":{"start":{"line":559,"column":0},"end":{"line":559,"column":71}},"559":{"start":{"line":560,"column":0},"end":{"line":560,"column":77}},"560":{"start":{"line":561,"column":0},"end":{"line":561,"column":87}},"561":{"start":{"line":562,"column":0},"end":{"line":562,"column":40}},"562":{"start":{"line":563,"column":0},"end":{"line":563,"column":5}},"563":{"start":{"line":564,"column":0},"end":{"line":564,"column":195}},"564":{"start":{"line":565,"column":0},"end":{"line":565,"column":54}},"565":{"start":{"line":566,"column":0},"end":{"line":566,"column":68}},"566":{"start":{"line":567,"column":0},"end":{"line":567,"column":3}},"567":{"start":{"line":568,"column":0},"end":{"line":568,"column":58}},"568":{"start":{"line":569,"column":0},"end":{"line":569,"column":77}},"569":{"start":{"line":570,"column":0},"end":{"line":570,"column":3}},"570":{"start":{"line":571,"column":0},"end":{"line":571,"column":25}},"571":{"start":{"line":572,"column":0},"end":{"line":572,"column":1}},"577":{"start":{"line":578,"column":0},"end":{"line":578,"column":53}},"578":{"start":{"line":579,"column":0},"end":{"line":579,"column":36}},"579":{"start":{"line":580,"column":0},"end":{"line":580,"column":54}},"580":{"start":{"line":581,"column":0},"end":{"line":581,"column":66}},"581":{"start":{"line":582,"column":0},"end":{"line":582,"column":27}},"582":{"start":{"line":583,"column":0},"end":{"line":583,"column":3}},"583":{"start":{"line":584,"column":0},"end":{"line":584,"column":72}},"584":{"start":{"line":585,"column":0},"end":{"line":585,"column":36}},"585":{"start":{"line":586,"column":0},"end":{"line":586,"column":1}}},"s":{"6":1,"16":1,"17":37,"18":37,"19":37,"20":37,"21":37,"22":37,"23":37,"24":37,"25":37,"26":37,"29":1,"30":29,"31":29,"32":27,"33":27,"34":1,"35":1,"41":1,"42":59,"43":59,"44":7,"45":7,"47":19,"48":1,"49":1,"50":1,"51":6,"52":6,"53":5,"54":5,"55":5,"56":1,"57":1,"58":6,"59":6,"60":6,"61":19,"62":1072,"63":1072,"64":1066,"65":1066,"66":1066,"67":6,"68":6,"69":19,"70":6,"71":6,"94":1,"95":2,"96":2,"97":1,"98":2,"99":2,"100":2,"101":2,"103":2,"104":2,"105":2,"106":0,"107":2,"108":2,"109":2,"110":2,"111":2,"112":2,"113":2,"114":2,"115":1,"116":1,"117":2,"118":2,"119":2,"126":1,"127":14,"128":14,"129":14,"130":20,"131":20,"132":20,"133":20,"134":20,"135":17,"136":0,"137":20,"138":20,"139":20,"140":17,"141":17,"142":17,"143":17,"144":17,"145":14,"146":9,"147":9,"148":9,"158":1,"159":9,"160":9,"161":9,"162":9,"163":9,"164":3,"165":9,"166":9,"167":3,"168":0,"169":9,"170":9,"171":9,"172":3,"173":9,"174":3,"175":6,"176":2,"177":2,"178":2,"179":2,"180":2,"181":2,"182":2,"183":2,"184":2,"185":2,"186":3,"187":3,"194":1,"195":3,"198":3,"211":1,"212":6,"213":6,"214":7,"215":7,"216":7,"217":7,"218":7,"219":7,"220":7,"221":7,"222":6,"223":14,"224":14,"225":6,"226":6,"227":6,"228":6,"229":4,"230":4,"231":4,"267":1,"268":1,"269":1,"271":59,"272":59,"273":59,"274":59,"275":59,"276":0,"277":59,"278":59,"279":59,"280":59,"281":59,"282":59,"289":1,"290":9,"291":9,"292":9,"293":9,"294":9,"295":9,"296":1,"297":1,"298":8,"299":8,"300":8,"301":8,"302":8,"303":8,"304":8,"305":8,"306":8,"307":9,"308":7,"309":7,"310":7,"311":7,"312":7,"313":7,"314":9,"315":7,"316":7,"317":52,"318":52,"319":52,"320":9,"321":1,"322":1,"323":8,"324":8,"325":0,"326":9,"327":1,"328":1,"329":8,"330":8,"331":0,"332":9,"333":0,"334":0,"335":8,"336":8,"350":1,"351":2,"352":2,"353":2,"354":2,"355":1,"356":1,"357":1,"358":1,"359":1,"360":1,"361":1,"362":1,"363":1,"383":1,"384":0,"385":0,"386":0,"387":0,"388":0,"389":0,"390":0,"391":0,"392":0,"393":0,"394":0,"395":0,"396":0,"397":0,"398":0,"399":0,"400":0,"401":0,"402":0,"403":0,"404":0,"424":1,"425":0,"426":0,"427":0,"428":0,"429":0,"430":0,"431":0,"432":0,"433":0,"434":0,"435":0,"436":0,"437":0,"438":0,"439":0,"440":0,"441":0,"442":0,"443":0,"444":0,"445":0,"446":0,"447":0,"448":0,"449":0,"450":0,"451":0,"452":0,"486":1,"487":31,"488":31,"489":30,"490":1,"491":31,"492":31,"493":31,"494":234,"495":234,"496":234,"497":229,"498":229,"499":229,"500":229,"501":229,"502":5,"503":234,"504":234,"505":234,"506":31,"507":2,"508":2,"509":31,"510":31,"511":6,"512":6,"513":6,"514":6,"515":8,"516":8,"517":0,"518":8,"519":6,"520":6,"521":6,"522":6,"523":31,"524":31,"547":1,"548":6,"549":6,"550":6,"551":6,"552":5,"553":6,"554":3,"555":6,"556":2,"557":2,"558":8,"559":5,"560":8,"561":8,"562":8,"563":2,"564":2,"565":2,"566":2,"567":6,"568":1,"569":1,"570":5,"571":5,"577":1,"578":3,"579":1,"580":1,"581":1,"582":1,"583":3,"584":3,"585":3},"branchMap":{"0":{"type":"branch","line":17,"loc":{"start":{"line":17,"column":7},"end":{"line":27,"column":1}},"locations":[{"start":{"line":17,"column":7},"end":{"line":27,"column":1}}]},"1":{"type":"branch","line":19,"loc":{"start":{"line":19,"column":52},"end":{"line":19,"column":76}},"locations":[{"start":{"line":19,"column":52},"end":{"line":19,"column":76}}]},"2":{"type":"branch","line":20,"loc":{"start":{"line":20,"column":39},"end":{"line":20,"column":80}},"locations":[{"start":{"line":20,"column":39},"end":{"line":20,"column":80}}]},"3":{"type":"branch","line":20,"loc":{"start":{"line":20,"column":76},"end":{"line":20,"column":89}},"locations":[{"start":{"line":20,"column":76},"end":{"line":20,"column":89}}]},"4":{"type":"branch","line":21,"loc":{"start":{"line":21,"column":35},"end":{"line":21,"column":74}},"locations":[{"start":{"line":21,"column":35},"end":{"line":21,"column":74}}]},"5":{"type":"branch","line":21,"loc":{"start":{"line":21,"column":70},"end":{"line":21,"column":83}},"locations":[{"start":{"line":21,"column":70},"end":{"line":21,"column":83}}]},"6":{"type":"branch","line":23,"loc":{"start":{"line":23,"column":23},"end":{"line":23,"column":39}},"locations":[{"start":{"line":23,"column":23},"end":{"line":23,"column":39}}]},"7":{"type":"branch","line":24,"loc":{"start":{"line":24,"column":18},"end":{"line":24,"column":53}},"locations":[{"start":{"line":24,"column":18},"end":{"line":24,"column":53}}]},"8":{"type":"branch","line":24,"loc":{"start":{"line":24,"column":49},"end":{"line":24,"column":57}},"locations":[{"start":{"line":24,"column":49},"end":{"line":24,"column":57}}]},"9":{"type":"branch","line":25,"loc":{"start":{"line":25,"column":16},"end":{"line":25,"column":47}},"locations":[{"start":{"line":25,"column":16},"end":{"line":25,"column":47}}]},"10":{"type":"branch","line":25,"loc":{"start":{"line":25,"column":43},"end":{"line":25,"column":51}},"locations":[{"start":{"line":25,"column":43},"end":{"line":25,"column":51}}]},"11":{"type":"branch","line":30,"loc":{"start":{"line":30,"column":7},"end":{"line":36,"column":1}},"locations":[{"start":{"line":30,"column":7},"end":{"line":36,"column":1}}]},"12":{"type":"branch","line":31,"loc":{"start":{"line":31,"column":38},"end":{"line":31,"column":56}},"locations":[{"start":{"line":31,"column":38},"end":{"line":31,"column":56}}]},"13":{"type":"branch","line":31,"loc":{"start":{"line":31,"column":52},"end":{"line":32,"column":75}},"locations":[{"start":{"line":31,"column":52},"end":{"line":32,"column":75}}]},"14":{"type":"branch","line":32,"loc":{"start":{"line":32,"column":75},"end":{"line":34,"column":3}},"locations":[{"start":{"line":32,"column":75},"end":{"line":34,"column":3}}]},"15":{"type":"branch","line":34,"loc":{"start":{"line":34,"column":2},"end":{"line":36,"column":1}},"locations":[{"start":{"line":34,"column":2},"end":{"line":36,"column":1}}]},"16":{"type":"branch","line":42,"loc":{"start":{"line":42,"column":7},"end":{"line":72,"column":1}},"locations":[{"start":{"line":42,"column":7},"end":{"line":72,"column":1}}]},"17":{"type":"branch","line":44,"loc":{"start":{"line":44,"column":27},"end":{"line":72,"column":1}},"locations":[{"start":{"line":44,"column":27},"end":{"line":72,"column":1}}]},"18":{"type":"branch","line":44,"loc":{"start":{"line":44,"column":34},"end":{"line":72,"column":1}},"locations":[{"start":{"line":44,"column":34},"end":{"line":72,"column":1}}]},"19":{"type":"branch","line":44,"loc":{"start":{"line":44,"column":34},"end":{"line":48,"column":30}},"locations":[{"start":{"line":44,"column":34},"end":{"line":48,"column":30}}]},"20":{"type":"branch","line":48,"loc":{"start":{"line":48,"column":30},"end":{"line":58,"column":3}},"locations":[{"start":{"line":48,"column":30},"end":{"line":58,"column":3}}]},"21":{"type":"branch","line":51,"loc":{"start":{"line":51,"column":45},"end":{"line":56,"column":5}},"locations":[{"start":{"line":51,"column":45},"end":{"line":56,"column":5}}]},"22":{"type":"branch","line":53,"loc":{"start":{"line":53,"column":44},"end":{"line":53,"column":49}},"locations":[{"start":{"line":53,"column":44},"end":{"line":53,"column":49}}]},"23":{"type":"branch","line":53,"loc":{"start":{"line":53,"column":44},"end":{"line":56,"column":5}},"locations":[{"start":{"line":53,"column":44},"end":{"line":56,"column":5}}]},"24":{"type":"branch","line":58,"loc":{"start":{"line":58,"column":2},"end":{"line":62,"column":43}},"locations":[{"start":{"line":58,"column":2},"end":{"line":62,"column":43}}]},"25":{"type":"branch","line":62,"loc":{"start":{"line":62,"column":43},"end":{"line":67,"column":3}},"locations":[{"start":{"line":62,"column":43},"end":{"line":67,"column":3}}]},"26":{"type":"branch","line":64,"loc":{"start":{"line":64,"column":40},"end":{"line":64,"column":45}},"locations":[{"start":{"line":64,"column":40},"end":{"line":64,"column":45}}]},"27":{"type":"branch","line":64,"loc":{"start":{"line":64,"column":40},"end":{"line":67,"column":3}},"locations":[{"start":{"line":64,"column":40},"end":{"line":67,"column":3}}]},"28":{"type":"branch","line":67,"loc":{"start":{"line":67,"column":2},"end":{"line":70,"column":52}},"locations":[{"start":{"line":67,"column":2},"end":{"line":70,"column":52}}]},"29":{"type":"branch","line":70,"loc":{"start":{"line":70,"column":46},"end":{"line":70,"column":75}},"locations":[{"start":{"line":70,"column":46},"end":{"line":70,"column":75}}]},"30":{"type":"branch","line":70,"loc":{"start":{"line":70,"column":74},"end":{"line":72,"column":1}},"locations":[{"start":{"line":70,"column":74},"end":{"line":72,"column":1}}]},"31":{"type":"branch","line":95,"loc":{"start":{"line":95,"column":7},"end":{"line":120,"column":1}},"locations":[{"start":{"line":95,"column":7},"end":{"line":120,"column":1}}]},"32":{"type":"branch","line":96,"loc":{"start":{"line":96,"column":74},"end":{"line":96,"column":80}},"locations":[{"start":{"line":96,"column":74},"end":{"line":96,"column":80}}]},"33":{"type":"branch","line":97,"loc":{"start":{"line":97,"column":25},"end":{"line":99,"column":26}},"locations":[{"start":{"line":97,"column":25},"end":{"line":99,"column":26}}]},"34":{"type":"branch","line":100,"loc":{"start":{"line":100,"column":49},"end":{"line":100,"column":57}},"locations":[{"start":{"line":100,"column":49},"end":{"line":100,"column":57}}]},"35":{"type":"branch","line":101,"loc":{"start":{"line":101,"column":78},"end":{"line":101,"column":91}},"locations":[{"start":{"line":101,"column":78},"end":{"line":101,"column":91}}]},"36":{"type":"branch","line":102,"loc":{"start":{"line":102,"column":77},"end":{"line":102,"column":94}},"locations":[{"start":{"line":102,"column":77},"end":{"line":102,"column":94}}]},"37":{"type":"branch","line":104,"loc":{"start":{"line":104,"column":56},"end":{"line":104,"column":63}},"locations":[{"start":{"line":104,"column":56},"end":{"line":104,"column":63}}]},"38":{"type":"branch","line":106,"loc":{"start":{"line":106,"column":81},"end":{"line":106,"column":97}},"locations":[{"start":{"line":106,"column":81},"end":{"line":106,"column":97}}]},"39":{"type":"branch","line":106,"loc":{"start":{"line":106,"column":87},"end":{"line":107,"column":16}},"locations":[{"start":{"line":106,"column":87},"end":{"line":107,"column":16}}]},"40":{"type":"branch","line":108,"loc":{"start":{"line":108,"column":69},"end":{"line":108,"column":82}},"locations":[{"start":{"line":108,"column":69},"end":{"line":108,"column":82}}]},"41":{"type":"branch","line":113,"loc":{"start":{"line":113,"column":28},"end":{"line":113,"column":36}},"locations":[{"start":{"line":113,"column":28},"end":{"line":113,"column":36}}]},"42":{"type":"branch","line":115,"loc":{"start":{"line":115,"column":31},"end":{"line":115,"column":63}},"locations":[{"start":{"line":115,"column":31},"end":{"line":115,"column":63}}]},"43":{"type":"branch","line":115,"loc":{"start":{"line":115,"column":63},"end":{"line":117,"column":5}},"locations":[{"start":{"line":115,"column":63},"end":{"line":117,"column":5}}]},"44":{"type":"branch","line":118,"loc":{"start":{"line":118,"column":2},"end":{"line":119,"column":47}},"locations":[{"start":{"line":118,"column":2},"end":{"line":119,"column":47}}]},"45":{"type":"branch","line":119,"loc":{"start":{"line":119,"column":43},"end":{"line":119,"column":87}},"locations":[{"start":{"line":119,"column":43},"end":{"line":119,"column":87}}]},"46":{"type":"branch","line":127,"loc":{"start":{"line":127,"column":7},"end":{"line":149,"column":1}},"locations":[{"start":{"line":127,"column":7},"end":{"line":149,"column":1}}]},"47":{"type":"branch","line":128,"loc":{"start":{"line":128,"column":41},"end":{"line":128,"column":72}},"locations":[{"start":{"line":128,"column":41},"end":{"line":128,"column":72}}]},"48":{"type":"branch","line":128,"loc":{"start":{"line":128,"column":68},"end":{"line":128,"column":74}},"locations":[{"start":{"line":128,"column":68},"end":{"line":128,"column":74}}]},"49":{"type":"branch","line":130,"loc":{"start":{"line":130,"column":26},"end":{"line":145,"column":3}},"locations":[{"start":{"line":130,"column":26},"end":{"line":145,"column":3}}]},"50":{"type":"branch","line":131,"loc":{"start":{"line":131,"column":23},"end":{"line":131,"column":49}},"locations":[{"start":{"line":131,"column":23},"end":{"line":131,"column":49}}]},"51":{"type":"branch","line":131,"loc":{"start":{"line":131,"column":49},"end":{"line":131,"column":57}},"locations":[{"start":{"line":131,"column":49},"end":{"line":131,"column":57}}]},"52":{"type":"branch","line":131,"loc":{"start":{"line":131,"column":49},"end":{"line":132,"column":82}},"locations":[{"start":{"line":131,"column":49},"end":{"line":132,"column":82}}]},"53":{"type":"branch","line":132,"loc":{"start":{"line":132,"column":78},"end":{"line":132,"column":91}},"locations":[{"start":{"line":132,"column":78},"end":{"line":132,"column":91}}]},"54":{"type":"branch","line":133,"loc":{"start":{"line":133,"column":42},"end":{"line":133,"column":73}},"locations":[{"start":{"line":133,"column":42},"end":{"line":133,"column":73}}]},"55":{"type":"branch","line":133,"loc":{"start":{"line":133,"column":68},"end":{"line":133,"column":85}},"locations":[{"start":{"line":133,"column":68},"end":{"line":133,"column":85}}]},"56":{"type":"branch","line":133,"loc":{"start":{"line":133,"column":77},"end":{"line":133,"column":94}},"locations":[{"start":{"line":133,"column":77},"end":{"line":133,"column":94}}]},"57":{"type":"branch","line":134,"loc":{"start":{"line":134,"column":35},"end":{"line":134,"column":51}},"locations":[{"start":{"line":134,"column":35},"end":{"line":134,"column":51}}]},"58":{"type":"branch","line":134,"loc":{"start":{"line":134,"column":56},"end":{"line":134,"column":63}},"locations":[{"start":{"line":134,"column":56},"end":{"line":134,"column":63}}]},"59":{"type":"branch","line":135,"loc":{"start":{"line":135,"column":32},"end":{"line":135,"column":61}},"locations":[{"start":{"line":135,"column":32},"end":{"line":135,"column":61}}]},"60":{"type":"branch","line":135,"loc":{"start":{"line":135,"column":59},"end":{"line":136,"column":97}},"locations":[{"start":{"line":135,"column":59},"end":{"line":136,"column":97}}]},"61":{"type":"branch","line":136,"loc":{"start":{"line":136,"column":81},"end":{"line":136,"column":97}},"locations":[{"start":{"line":136,"column":81},"end":{"line":136,"column":97}}]},"62":{"type":"branch","line":136,"loc":{"start":{"line":136,"column":87},"end":{"line":137,"column":17}},"locations":[{"start":{"line":136,"column":87},"end":{"line":137,"column":17}}]},"63":{"type":"branch","line":138,"loc":{"start":{"line":138,"column":39},"end":{"line":138,"column":73}},"locations":[{"start":{"line":138,"column":39},"end":{"line":138,"column":73}}]},"64":{"type":"branch","line":138,"loc":{"start":{"line":138,"column":69},"end":{"line":138,"column":82}},"locations":[{"start":{"line":138,"column":69},"end":{"line":138,"column":82}}]},"65":{"type":"branch","line":140,"loc":{"start":{"line":140,"column":31},"end":{"line":143,"column":36}},"locations":[{"start":{"line":140,"column":31},"end":{"line":143,"column":36}}]},"66":{"type":"branch","line":143,"loc":{"start":{"line":143,"column":28},"end":{"line":143,"column":36}},"locations":[{"start":{"line":143,"column":28},"end":{"line":143,"column":36}}]},"67":{"type":"branch","line":143,"loc":{"start":{"line":143,"column":28},"end":{"line":145,"column":3}},"locations":[{"start":{"line":143,"column":28},"end":{"line":145,"column":3}}]},"68":{"type":"branch","line":146,"loc":{"start":{"line":146,"column":26},"end":{"line":146,"column":35}},"locations":[{"start":{"line":146,"column":26},"end":{"line":146,"column":35}}]},"69":{"type":"branch","line":146,"loc":{"start":{"line":146,"column":33},"end":{"line":149,"column":1}},"locations":[{"start":{"line":146,"column":33},"end":{"line":149,"column":1}}]},"70":{"type":"branch","line":159,"loc":{"start":{"line":159,"column":7},"end":{"line":188,"column":1}},"locations":[{"start":{"line":159,"column":7},"end":{"line":188,"column":1}}]},"71":{"type":"branch","line":160,"loc":{"start":{"line":160,"column":41},"end":{"line":160,"column":72}},"locations":[{"start":{"line":160,"column":41},"end":{"line":160,"column":72}}]},"72":{"type":"branch","line":160,"loc":{"start":{"line":160,"column":68},"end":{"line":160,"column":74}},"locations":[{"start":{"line":160,"column":68},"end":{"line":160,"column":74}}]},"73":{"type":"branch","line":162,"loc":{"start":{"line":162,"column":25},"end":{"line":162,"column":67}},"locations":[{"start":{"line":162,"column":25},"end":{"line":162,"column":67}}]},"74":{"type":"branch","line":162,"loc":{"start":{"line":162,"column":66},"end":{"line":163,"column":50}},"locations":[{"start":{"line":162,"column":66},"end":{"line":163,"column":50}}]},"75":{"type":"branch","line":163,"loc":{"start":{"line":163,"column":38},"end":{"line":163,"column":75}},"locations":[{"start":{"line":163,"column":38},"end":{"line":163,"column":75}}]},"76":{"type":"branch","line":163,"loc":{"start":{"line":163,"column":70},"end":{"line":163,"column":93}},"locations":[{"start":{"line":163,"column":70},"end":{"line":163,"column":93}}]},"77":{"type":"branch","line":163,"loc":{"start":{"line":163,"column":89},"end":{"line":163,"column":102}},"locations":[{"start":{"line":163,"column":89},"end":{"line":163,"column":102}}]},"78":{"type":"branch","line":164,"loc":{"start":{"line":164,"column":29},"end":{"line":164,"column":71}},"locations":[{"start":{"line":164,"column":29},"end":{"line":164,"column":71}}]},"79":{"type":"branch","line":164,"loc":{"start":{"line":164,"column":70},"end":{"line":166,"column":80}},"locations":[{"start":{"line":164,"column":70},"end":{"line":166,"column":80}}]},"80":{"type":"branch","line":166,"loc":{"start":{"line":166,"column":76},"end
[...]
":{"line":1068,"column":6},"end":{"line":1070,"column":31}}]},"249":{"type":"branch","line":1070,"loc":{"start":{"line":1070,"column":17},"end":{"line":1070,"column":61}},"locations":[{"start":{"line":1070,"column":17},"end":{"line":1070,"column":61}}]},"250":{"type":"branch","line":1070,"loc":{"start":{"line":1070,"column":61},"end":{"line":1072,"column":7}},"locations":[{"start":{"line":1070,"column":61},"end":{"line":1072,"column":7}}]},"251":{"type":"branch","line":1072,"loc":{"start":{"line":1072,"column":6},"end":{"line":1073,"column":42}},"locations":[{"start":{"line":1072,"column":6},"end":{"line":1073,"column":42}}]},"252":{"type":"branch","line":1073,"loc":{"start":{"line":1073,"column":25},"end":{"line":1073,"column":56}},"locations":[{"start":{"line":1073,"column":25},"end":{"line":1073,"column":56}}]},"253":{"type":"branch","line":1076,"loc":{"start":{"line":1076,"column":34},"end":{"line":1090,"column":9}},"locations":[{"start":{"line":1076,"column":34},"end":{"line":1090,"column":9}}]},"254":{"type":"branch","line":1084,"loc":{"start":{"line":1084,"column":79},"end":{"line":1084,"column":92}},"locations":[{"start":{"line":1084,"column":79},"end":{"line":1084,"column":92}}]},"255":{"type":"branch","line":1085,"loc":{"start":{"line":1085,"column":77},"end":{"line":1085,"column":109}},"locations":[{"start":{"line":1085,"column":77},"end":{"line":1085,"column":109}}]},"256":{"type":"branch","line":1090,"loc":{"start":{"line":1090,"column":8},"end":{"line":1091,"column":34}},"locations":[{"start":{"line":1090,"column":8},"end":{"line":1091,"column":34}}]},"257":{"type":"branch","line":1091,"loc":{"start":{"line":1091,"column":34},"end":{"line":1093,"column":9}},"locations":[{"start":{"line":1091,"column":34},"end":{"line":1093,"column":9}}]},"258":{"type":"branch","line":1093,"loc":{"start":{"line":1093,"column":8},"end":{"line":1094,"column":31}},"locations":[{"start":{"line":1093,"column":8},"end":{"line":1094,"column":31}}]},"259":{"type":"branch","line":1094,"loc":{"start":{"line":1094,"column":31},"end":{"line":1101,"column":9}},"locations":[{"start":{"line":1094,"column":31},"end":{"line":1101,"column":9}}]},"260":{"type":"branch","line":1099,"loc":{"start":{"line":1099,"column":81},"end":{"line":1099,"column":129}},"locations":[{"start":{"line":1099,"column":81},"end":{"line":1099,"column":129}}]},"261":{"type":"branch","line":1101,"loc":{"start":{"line":1101,"column":8},"end":{"line":1105,"column":40}},"locations":[{"start":{"line":1101,"column":8},"end":{"line":1105,"column":40}}]},"262":{"type":"branch","line":1105,"loc":{"start":{"line":1105,"column":33},"end":{"line":1105,"column":62}},"locations":[{"start":{"line":1105,"column":33},"end":{"line":1105,"column":62}}]},"263":{"type":"branch","line":1107,"loc":{"start":{"line":1107,"column":6},"end":{"line":1116,"column":7}},"locations":[{"start":{"line":1107,"column":6},"end":{"line":1116,"column":7}}]},"264":{"type":"branch","line":1109,"loc":{"start":{"line":1109,"column":61},"end":{"line":1109,"column":83}},"locations":[{"start":{"line":1109,"column":61},"end":{"line":1109,"column":83}}]},"265":{"type":"branch","line":1110,"loc":{"start":{"line":1110,"column":8},"end":{"line":1114,"column":57}},"locations":[{"start":{"line":1110,"column":8},"end":{"line":1114,"column":57}}]},"266":{"type":"branch","line":1114,"loc":{"start":{"line":1114,"column":47},"end":{"line":1114,"column":73}},"locations":[{"start":{"line":1114,"column":47},"end":{"line":1114,"column":73}}]},"267":{"type":"branch","line":1136,"loc":{"start":{"line":1136,"column":7},"end":{"line":1147,"column":1}},"locations":[{"start":{"line":1136,"column":7},"end":{"line":1147,"column":1}}]},"268":{"type":"branch","line":1145,"loc":{"start":{"line":1145,"column":15},"end":{"line":1145,"column":30}},"locations":[{"start":{"line":1145,"column":15},"end":{"line":1145,"column":30}}]},"269":{"type":"branch","line":1145,"loc":{"start":{"line":1145,"column":30},"end":{"line":1145,"column":81}},"locations":[{"start":{"line":1145,"column":30},"end":{"line":1145,"column":81}}]},"270":{"type":"branch","line":1145,"loc":{"start":{"line":1145,"column":77},"end":{"line":1145,"column":85}},"locations":[{"start":{"line":1145,"column":77},"end":{"line":1145,"column":85}}]}},"b":{"0":[25],"1":[2],"2":[0],"3":[2],"4":[0],"5":[23],"6":[0],"7":[21],"8":[0],"9":[21],"10":[2],"11":[1],"12":[1],"13":[0],"14":[0],"15":[143],"16":[0],"17":[19],"18":[7],"19":[12],"20":[7],"21":[12],"22":[0],"23":[7],"24":[0],"25":[30],"26":[28],"27":[0],"28":[45],"29":[2],"30":[0],"31":[1],"32":[0],"33":[0],"34":[0],"35":[0],"36":[0],"37":[1],"38":[2],"39":[0],"40":[0],"41":[0],"42":[0],"43":[0],"44":[0],"45":[0],"46":[7],"47":[0],"48":[6],"49":[1],"50":[1],"51":[1],"52":[4],"53":[0],"54":[0],"55":[7],"56":[0],"57":[0],"58":[0],"59":[0],"60":[0],"61":[0],"62":[0],"63":[0],"64":[0],"65":[0],"66":[2],"67":[0],"68":[45],"69":[1],"70":[0],"71":[0],"72":[0],"73":[0],"74":[0],"75":[2],"76":[0],"77":[0],"78":[0],"79":[2],"80":[0],"81":[2],"82":[2],"83":[0],"84":[0],"85":[4],"86":[0],"87":[0],"88":[0],"89":[0],"90":[0],"91":[0],"92":[45],"93":[1],"94":[0],"95":[0],"96":[0],"97":[0],"98":[0],"99":[0],"100":[0],"101":[0],"102":[0],"103":[0],"104":[3],"105":[0],"106":[1],"107":[2],"108":[3],"109":[3],"110":[0],"111":[0],"112":[0],"113":[0],"114":[0],"115":[0],"116":[0],"117":[0],"118":[0],"119":[0],"120":[0],"121":[0],"122":[45],"123":[1],"124":[0],"125":[0],"126":[0],"127":[0],"128":[3],"129":[2],"130":[0],"131":[0],"132":[0],"133":[2],"134":[0],"135":[2],"136":[1],"137":[1],"138":[2],"139":[0],"140":[0],"141":[32],"142":[0],"143":[0],"144":[0],"145":[0],"146":[33],"147":[0],"148":[0],"149":[0],"150":[0],"151":[0],"152":[1],"153":[1],"154":[0],"155":[0],"156":[45],"157":[1],"158":[0],"159":[0],"160":[0],"161":[4],"162":[4],"163":[4],"164":[0],"165":[8],"166":[0],"167":[4],"168":[4],"169":[0],"170":[0],"171":[0],"172":[0],"173":[0],"174":[0],"175":[0],"176":[0],"177":[0],"178":[0],"179":[0],"180":[0],"181":[0],"182":[4],"183":[4],"184":[45],"185":[2],"186":[0],"187":[0],"188":[0],"189":[0],"190":[0],"191":[0],"192":[0],"193":[0],"194":[2],"195":[2],"196":[2],"197":[0],"198":[0],"199":[1],"200":[0],"201":[0],"202":[45],"203":[1],"204":[0],"205":[0],"206":[0],"207":[5],"208":[1],"209":[1],"210":[4],"211":[4],"212":[1],"213":[3],"214":[4],"215":[1],"216":[3],"217":[0],"218":[3],"219":[0],"220":[3],"221":[0],"222":[0],"223":[0],"224":[0],"225":[6],"226":[0],"227":[0],"228":[0],"229":[0],"230":[0],"231":[3],"232":[0],"233":[3],"234":[0],"235":[3],"236":[3],"237":[0],"238":[10],"239":[7],"240":[0],"241":[1],"242":[6],"243":[4],"244":[2],"245":[1],"246":[0],"247":[1],"248":[5],"249":[4],"250":[1],"251":[4],"252":[0],"253":[4],"254":[0],"255":[0],"256":[3],"257":[0],"258":[3],"259":[1],"260":[0],"261":[2],"262":[0],"263":[1],"264":[0],"265":[0],"266":[0],"267":[45],"268":[20],"269":[10],"270":[35]},"fnMap":{"0":{"name":"withGraph","decl":{"start":{"line":99,"column":0},"end":{"line":138,"column":1}},"loc":{"start":{"line":99,"column":0},"end":{"line":138,"column":1}},"line":99},"1":{"name":"asRecord","decl":{"start":{"line":140,"column":0},"end":{"line":142,"column":1}},"loc":{"start":{"line":140,"column":0},"end":{"line":142,"column":1}},"line":140},"2":{"name":"clampInt","decl":{"start":{"line":145,"column":0},"end":{"line":148,"column":1}},"loc":{"start":{"line":145,"column":0},"end":{"line":148,"column":1}},"line":145},"3":{"name":"stringArray","decl":{"start":{"line":150,"column":0},"end":{"line":158,"column":1}},"loc":{"start":{"line":150,"column":0},"end":{"line":158,"column":1}},"line":150},"4":{"name":"anchorFromExec","decl":{"start":{"line":161,"column":0},"end":{"line":164,"column":1}},"loc":{"start":{"line":161,"column":0},"end":{"line":164,"column":1}},"line":161},"5":{"name":"buildFindCodeTool","decl":{"start":{"line":195,"column":7},"end":{"line":286,"column":1}},"loc":{"start":{"line":195,"column":7},"end":{"line":286,"column":1}},"line":195},"6":{"name":"render","decl":{"start":{"line":220,"column":14},"end":{"line":239,"column":8}},"loc":{"start":{"line":220,"column":14},"end":{"line":239,"column":8}},"line":220},"7":{"name":"execute","decl":{"start":{"line":241,"column":4},"end":{"line":283,"column":6}},"loc":{"start":{"line":241,"column":4},"end":{"line":283,"column":6}},"line":241},"8":{"name":"buildFileApiTool","decl":{"start":{"line":311,"column":7},"end":{"line":379,"column":1}},"loc":{"start":{"line":311,"column":7},"end":{"line":379,"column":1}},"line":311},"9":{"name":"render","decl":{"start":{"line":332,"column":14},"end":{"line":346,"column":8}},"loc":{"start":{"line":332,"column":14},"end":{"line":346,"column":8}},"line":332},"10":{"name":"execute","decl":{"start":{"line":348,"column":4},"end":{"line":376,"column":6}},"loc":{"start":{"line":348,"column":4},"end":{"line":376,"column":6}},"line":348},"11":{"name":"buildTraceCallsTool","decl":{"start":{"line":406,"column":7},"end":{"line":492,"column":1}},"loc":{"start":{"line":406,"column":7},"end":{"line":492,"column":1}},"line":406},"12":{"name":"render","decl":{"start":{"line":430,"column":14},"end":{"line":444,"column":8}},"loc":{"start":{"line":430,"column":14},"end":{"line":444,"column":8}},"line":430},"13":{"name":"execute","decl":{"start":{"line":446,"column":4},"end":{"line":489,"column":6}},"loc":{"start":{"line":446,"column":4},"end":{"line":489,"column":6}},"line":446},"14":{"name":"buildFindAllTool","decl":{"start":{"line":519,"column":7},"end":{"line":612,"column":1}},"loc":{"start":{"line":519,"column":7},"end":{"line":612,"column":1}},"line":519},"15":{"name":"render","decl":{"start":{"line":542,"column":14},"end":{"line":564,"column":8}},"loc":{"start":{"line":542,"column":14},"end":{"line":564,"column":8}},"line":542},"16":{"name":"execute","decl":{"start":{"line":566,"column":4},"end":{"line":609,"column":6}},"loc":{"start":{"line":566,"column":4},"end":{"line":609,"column":6}},"line":566},"17":{"name":"buildRepoMapTool","decl":{"start":{"line":653,"column":7},"end":{"line":754,"column":1}},"loc":{"start":{"line":653,"column":7},"end":{"line":754,"column":1}},"line":653},"18":{"name":"render","decl":{"start":{"line":686,"column":14},"end":{"line":695,"column":8}},"loc":{"start":{"line":686,"column":14},"end":{"line":695,"column":8}},"line":686},"19":{"name":"execute","decl":{"start":{"line":697,"column":4},"end":{"line":751,"column":6}},"loc":{"start":{"line":697,"column":4},"end":{"line":751,"column":6}},"line":697},"20":{"name":"payload","decl":{"start":{"line":701,"column":8},"end":{"line":701,"column":71}},"loc":{"start":{"line":701,"column":8},"end":{"line":701,"column":71}},"line":701},"21":{"name":"buildCheckFreshnessTool","decl":{"start":{"line":781,"column":7},"end":{"line":859,"column":1}},"loc":{"start":{"line":781,"column":7},"end":{"line":859,"column":1}},"line":781},"22":{"name":"render","decl":{"start":{"line":802,"column":14},"end":{"line":821,"column":8}},"loc":{"start":{"line":802,"column":14},"end":{"line":821,"column":8}},"line":802},"23":{"name":"execute","decl":{"start":{"line":823,"column":4},"end":{"line":856,"column":6}},"loc":{"start":{"line":823,"column":4},"end":{"line":856,"column":6}},"line":823},"24":{"name":"payload","decl":{"start":{"line":826,"column":8},"end":{"line":826,"column":42}},"loc":{"start":{"line":826,"column":8},"end":{"line":826,"column":42}},"line":826},"25":{"name":"buildBlastTool","decl":{"start":{"line":899,"column":7},"end":{"line":1003,"column":1}},"loc":{"start":{"line":899,"column":7},"end":{"line":1003,"column":1}},"line":899},"26":{"name":"render","decl":{"start":{"line":927,"column":14},"end":{"line":936,"column":8}},"loc":{"start":{"line":927,"column":14},"end":{"line":936,"column":8}},"line":927},"27":{"name":"execute","decl":{"start":{"line":938,"column":4},"end":{"line":1000,"column":6}},"loc":{"start":{"line":938,"column":4},"end":{"line":1000,"column":6}},"line":938},"28":{"name":"withGraph.ok","decl":{"start":{"line":943,"column":8},"end":{"line":948,"column":10}},"loc":{"start":{"line":943,"column":8},"end":{"line":948,"column":10}},"line":943},"29":{"name":"buildEnrichTool","decl":{"start":{"line":1018,"column":7},"end":{"line":1119,"column":1}},"loc":{"start":{"line":1018,"column":7},"end":{"line":1119,"column":1}},"line":1018},"30":{"name":"render","decl":{"start":{"line":1039,"column":14},"end":{"line":1045,"column":8}},"loc":{"start":{"line":1039,"column":14},"end":{"line":1045,"column":8}},"line":1039},"31":{"name":"execute","decl":{"start":{"line":1048,"column":4},"end":{"line":1117,"column":6}},"loc":{"start":{"line":1048,"column":4},"end":{"line":1117,"column":6}},"line":1048},"32":{"name":"buildGraphTools","decl":{"start":{"line":1136,"column":7},"end":{"line":1147,"column":1}},"loc":{"start":{"line":1136,"column":7},"end":{"line":1147,"column":1}},"line":1136}},"f":{"0":25,"1":143,"2":19,"3":12,"4":30,"5":45,"6":2,"7":7,"8":45,"9":1,"10":2,"11":45,"12":1,"13":3,"14":45,"15":1,"16":2,"17":45,"18":1,"19":4,"20":4,"21":45,"22":2,"23":2,"24":2,"25":45,"26":1,"27":5,"28":4,"29":10,"30":0,"31":7,"32":45}}
,"/home/arka/projects/dsh-graph-context/src/watcher.ts": {"path":"/home/arka/projects/dsh-graph-context/src/watcher.ts","all":false,"statementMap":{"14":{"start":{"line":15,"column":0},"end":{"line":15,"column":48}},"15":{"start":{"line":16,"column":0},"end":{"line":16,"column":31}},"19":{"start":{"line":20,"column":0},"end":{"line":20,"column":27}},"20":{"start":{"line":21,"column":0},"end":{"line":21,"column":22}},"21":{"start":{"line":22,"column":0},"end":{"line":22,"column":29}},"22":{"start":{"line":23,"column":0},"end":{"line":23,"column":22}},"23":{"start":{"line":24,"column":0},"end":{"line":24,"column":86}},"24":{"start":{"line":25,"column":0},"end":{"line":25,"column":1}},"26":{"start":{"line":27,"column":0},"end":{"line":27,"column":46}},"27":{"start":{"line":28,"column":0},"end":{"line":28,"column":57}},"28":{"start":{"line":29,"column":0},"end":{"line":29,"column":1}},"35":{"start":{"line":36,"column":0},"end":{"line":36,"column":37}},"36":{"start":{"line":37,"column":0},"end":{"line":37,"column":19}},"37":{"start":{"line":38,"column":0},"end":{"line":38,"column":38}},"38":{"start":{"line":39,"column":0},"end":{"line":39,"column":31}},"39":{"start":{"line":40,"column":0},"end":{"line":40,"column":35}},"40":{"start":{"line":41,"column":0},"end":{"line":41,"column":26}},"41":{"start":{"line":42,"column":0},"end":{"line":42,"column":9}},"42":{"start":{"line":43,"column":0},"end":{"line":43,"column":33}},"43":{"start":{"line":44,"column":0},"end":{"line":44,"column":28}},"44":{"start":{"line":45,"column":0},"end":{"line":45,"column":36}},"45":{"start":{"line":46,"column":0},"end":{"line":46,"column":99}},"46":{"start":{"line":47,"column":0},"end":{"line":47,"column":31}},"47":{"start":{"line":48,"column":0},"end":{"line":48,"column":10}},"48":{"start":{"line":49,"column":0},"end":{"line":49,"column":8}},"49":{"start":{"line":50,"column":0},"end":{"line":50,"column":13}},"50":{"start":{"line":51,"column":0},"end":{"line":51,"column":41}},"51":{"start":{"line":52,"column":0},"end":{"line":52,"column":12}},"52":{"start":{"line":53,"column":0},"end":{"line":53,"column":5}},"53":{"start":{"line":54,"column":0},"end":{"line":54,"column":40}},"54":{"start":{"line":55,"column":0},"end":{"line":55,"column":77}},"55":{"start":{"line":56,"column":0},"end":{"line":56,"column":95}},"56":{"start":{"line":57,"column":0},"end":{"line":57,"column":11}},"57":{"start":{"line":58,"column":0},"end":{"line":58,"column":21}},"58":{"start":{"line":59,"column":0},"end":{"line":59,"column":15}},"60":{"start":{"line":61,"column":0},"end":{"line":61,"column":7}},"61":{"start":{"line":62,"column":0},"end":{"line":62,"column":6}},"62":{"start":{"line":63,"column":0},"end":{"line":63,"column":61}},"63":{"start":{"line":64,"column":0},"end":{"line":64,"column":4}},"64":{"start":{"line":65,"column":0},"end":{"line":65,"column":1}}},"s":{"14":1,"15":1,"19":1,"20":1,"21":1,"22":1,"23":1,"24":1,"26":24,"27":24,"28":24,"35":1,"36":2,"37":2,"38":2,"39":2,"40":2,"41":2,"42":2,"43":2,"44":2,"45":24,"46":24,"47":24,"48":2,"49":2,"50":0,"51":0,"52":0,"53":2,"54":2,"55":2,"56":2,"57":2,"58":2,"60":0,"61":2,"62":2,"63":2,"64":2},"branchMap":{"0":{"type":"branch","line":27,"loc":{"start":{"line":27,"column":0},"end":{"line":29,"column":1}},"locations":[{"start":{"line":27,"column":0},"end":{"line":29,"column":1}}]},"1":{"type":"branch","line":28,"loc":{"start":{"line":28,"column":22},"end":{"line":28,"column":56}},"locations":[{"start":{"line":28,"column":22},"end":{"line":28,"column":56}}]},"2":{"type":"branch","line":36,"loc":{"start":{"line":36,"column":7},"end":{"line":65,"column":1}},"locations":[{"start":{"line":36,"column":7},"end":{"line":65,"column":1}}]},"3":{"type":"branch","line":40,"loc":{"start":{"line":40,"column":21},"end":{"line":64,"column":3}},"locations":[{"start":{"line":40,"column":21},"end":{"line":64,"column":3}}]},"4":{"type":"branch","line":50,"loc":{"start":{"line":50,"column":4},"end":{"line":53,"column":5}},"locations":[{"start":{"line":50,"column":4},"end":{"line":53,"column":5}}]},"5":{"type":"branch","line":45,"loc":{"start":{"line":45,"column":17},"end":{"line":48,"column":10}},"locations":[{"start":{"line":45,"column":17},"end":{"line":48,"column":10}}]},"6":{"type":"branch","line":46,"loc":{"start":{"line":46,"column":57},"end":{"line":46,"column":95}},"locations":[{"start":{"line":46,"column":57},"end":{"line":46,"column":95}}]},"7":{"type":"branch","line":46,"loc":{"start":{"line":46,"column":91},"end":{"line":46,"column":99}},"locations":[{"start":{"line":46,"column":91},"end":{"line":46,"column":99}}]},"8":{"type":"branch","line":54,"loc":{"start":{"line":54,"column":22},"end":{"line":62,"column":5}},"locations":[{"start":{"line":54,"column":22},"end":{"line":62,"column":5}}]},"9":{"type":"branch","line":55,"loc":{"start":{"line":55,"column":20},"end":{"line":55,"column":51}},"locations":[{"start":{"line":55,"column":20},"end":{"line":55,"column":51}}]},"10":{"type":"branch","line":55,"loc":{"start":{"line":55,"column":42},"end":{"line":55,"column":71}},"locations":[{"start":{"line":55,"column":42},"end":{"line":55,"column":71}}]},"11":{"type":"branch","line":55,"loc":{"start":{"line":55,"column":71},"end":{"line":55,"column":77}},"locations":[{"start":{"line":55,"column":71},"end":{"line":55,"column":77}}]},"12":{"type":"branch","line":56,"loc":{"start":{"line":56,"column":87},"end":{"line":56,"column":95}},"locations":[{"start":{"line":56,"column":87},"end":{"line":56,"column":95}}]},"13":{"type":"branch","line":59,"loc":{"start":{"line":59,"column":6},"end":{"line":61,"column":7}},"locations":[{"start":{"line":59,"column":6},"end":{"line":61,"column":7}}]},"14":{"type":"branch","line":63,"loc":{"start":{"line":63,"column":21},"end":{"line":63,"column":59}},"locations":[{"start":{"line":63,"column":21},"end":{"line":63,"column":59}}]}},"b":{"0":[24],"1":[76],"2":[2],"3":[2],"4":[0],"5":[24],"6":[21],"7":[3],"8":[2],"9":[1],"10":[0],"11":[0],"12":[0],"13":[0],"14":[2]},"fnMap":{"0":{"name":"isIgnored","decl":{"start":{"line":27,"column":0},"end":{"line":29,"column":1}},"loc":{"start":{"line":27,"column":0},"end":{"line":29,"column":1}},"line":27},"1":{"name":"startChokidarWatcher","decl":{"start":{"line":36,"column":7},"end":{"line":65,"column":1}},"loc":{"start":{"line":36,"column":7},"end":{"line":65,"column":1}},"line":36},"2":{"name":"ignored","decl":{"start":{"line":45,"column":17},"end":{"line":48,"column":10}},"loc":{"start":{"line":45,"column":17},"end":{"line":48,"column":10}},"line":45},"3":{"name":"close","decl":{"start":{"line":51,"column":23},"end":{"line":51,"column":39}},"loc":{"start":{"line":51,"column":23},"end":{"line":51,"column":39}},"line":51},"4":{"name":"close","decl":{"start":{"line":63,"column":21},"end":{"line":63,"column":59}},"loc":{"start":{"line":63,"column":21},"end":{"line":63,"column":59}},"line":63}},"f":{"0":24,"1":2,"2":24,"3":0,"4":2}}
}
